info: ::1 - - [26/May/2022:07:04:16 +0000] "GET /api/v1/ HTTP/1.1" 200 30 "-" "PostmanRuntime/7.29.0"

info: ::1 - - [26/May/2022:07:15:42 +0000] "POST /api/v1/users/signup HTTP/1.1" 404 47 "-" "PostmanRuntime/7.29.0"

info: ::1 - - [26/May/2022:07:17:58 +0000] "POST /api/v1/users/signup HTTP/1.1" 200 247 "-" "PostmanRuntime/7.29.0"

info: ::1 - - [26/May/2022:08:56:24 +0000] "GET /api/v1/users/login HTTP/1.1" 404 47 "-" "PostmanRuntime/7.29.0"

info: ::1 - - [26/May/2022:08:59:51 +0000] "GET /api/v1/users/login HTTP/1.1" 200 114 "-" "PostmanRuntime/7.29.0"

info: ::1 - - [26/May/2022:09:19:04 +0000] "POST /api/v1/users/signup HTTP/1.1" 200 281 "-" "PostmanRuntime/7.29.0"

info: ::1 - - [26/May/2022:09:19:45 +0000] "GET /api/v1/users/login HTTP/1.1" 200 107 "-" "PostmanRuntime/7.29.0"

info: ::1 - - [26/May/2022:10:29:09 +0000] "GET /api/v1/users/login HTTP/1.1" 200 83 "-" "PostmanRuntime/7.29.0"

info: ::1 - - [26/May/2022:10:31:58 +0000] "GET /api/v1/users/login HTTP/1.1" 500 87 "-" "PostmanRuntime/7.29.0"

info: ::1 - - [26/May/2022:10:32:40 +0000] "GET /api/v1/users/login HTTP/1.1" 200 83 "-" "PostmanRuntime/7.29.0"

info: ::1 - - [26/May/2022:15:04:49 +0000] "GET /api/v1/ HTTP/1.1" 200 30 "-" "PostmanRuntime/7.29.0"

info: ::1 - - [26/May/2022:15:06:06 +0000] "GET /api/v1/users/signup HTTP/1.1" 404 47 "-" "PostmanRuntime/7.29.0"

info: ::1 - - [26/May/2022:15:06:29 +0000] "POST /api/v1/users/signup HTTP/1.1" 200 252 "-" "PostmanRuntime/7.29.0"

info: ::1 - - [26/May/2022:15:08:09 +0000] "PUT /api/v1/users/628f97754c68530e3023535a HTTP/1.1" 404 47 "-" "PostmanRuntime/7.29.0"

info: ::1 - - [26/May/2022:15:10:42 +0000] "PUT /api/v1/users/628f97754c68530e3023535a HTTP/1.1" 202 253 "-" "PostmanRuntime/7.29.0"

info: ::1 - - [26/May/2022:15:13:42 +0000] "GET /api/v1/users/login HTTP/1.1" 200 106 "-" "PostmanRuntime/7.29.0"

info: ::1 - - [26/May/2022:15:15:14 +0000] "GET /api/v1/users/login HTTP/1.1" 200 73 "-" "PostmanRuntime/7.29.0"

info: ::1 - - [26/May/2022:15:27:03 +0000] "GET /api/v1/users/signup HTTP/1.1" 404 47 "-" "PostmanRuntime/7.29.0"

info: ::1 - - [26/May/2022:15:27:12 +0000] "POST /api/v1/users/signup HTTP/1.1" 200 265 "-" "PostmanRuntime/7.29.0"

info: ::1 - - [26/May/2022:15:35:18 +0000] "POST /api/v1/users/signup HTTP/1.1" 201 250 "-" "PostmanRuntime/7.29.0"

