info: ::1 - - [02/Jun/2022:03:02:11 +0000] "PUT /api/v1/notes/isDeleted/6296ee0aadbdb225148e070a HTTP/1.1" 202 333 "-" "PostmanRuntime/7.29.0"

info: ::1 - - [02/Jun/2022:03:02:21 +0000] "PUT /api/v1/notes/isDeleted/6296ee0aadbdb225148e070a HTTP/1.1" 202 332 "-" "PostmanRuntime/7.29.0"

info: ::1 - - [02/Jun/2022:03:02:29 +0000] "PUT /api/v1/notes/isDeleted/6296ee0aadbdb225148e070a HTTP/1.1" 202 333 "-" "PostmanRuntime/7.29.0"

info: ::1 - - [02/Jun/2022:03:02:50 +0000] "PUT /api/v1/notes/isArchived/6296ee0aadbdb225148e070a HTTP/1.1" 202 326 "-" "PostmanRuntime/7.29.0"

info: ::1 - - [02/Jun/2022:03:03:47 +0000] "PUT /api/v1/notes/isArchived/6296ee0aadbdb225148e070a HTTP/1.1" 202 325 "-" "PostmanRuntime/7.29.0"

info: ::1 - - [02/Jun/2022:03:03:53 +0000] "PUT /api/v1/notes/isArchived/6296ee0aadbdb225148e070a HTTP/1.1" 202 326 "-" "PostmanRuntime/7.29.0"

info: ::1 - - [02/Jun/2022:06:46:25 +0000] "GET /api/v1/%20 HTTP/1.1" 404 47 "-" "PostmanRuntime/7.29.0"

info: ::1 - - [02/Jun/2022:06:47:05 +0000] "GET /api/v1/%20 HTTP/1.1" 404 47 "-" "PostmanRuntime/7.29.0"

info: ::1 - - [02/Jun/2022:06:47:30 +0000] "GET /api/v1/%20 HTTP/1.1" 404 47 "-" "PostmanRuntime/7.29.0"

info: ::1 - - [02/Jun/2022:06:47:49 +0000] "GET /api/v1/ HTTP/1.1" 200 25 "-" "PostmanRuntime/7.29.0"

info: ::1 - - [02/Jun/2022:06:48:06 +0000] "GET /api/v1/users/login HTTP/1.1" 404 47 "-" "PostmanRuntime/7.29.0"

info: ::1 - - [02/Jun/2022:06:50:57 +0000] "POST /api/v1/users/login HTTP/1.1" 500 54 "-" "PostmanRuntime/7.29.0"

info: ::1 - - [02/Jun/2022:06:51:13 +0000] "POST /api/v1/users/signup HTTP/1.1" 400 66 "-" "PostmanRuntime/7.29.0"

info: ::1 - - [02/Jun/2022:06:51:24 +0000] "POST /api/v1/users/signup HTTP/1.1" 201 337 "-" "PostmanRuntime/7.29.0"

info: ::1 - - [02/Jun/2022:06:52:44 +0000] "POST /api/v1/users/forgotpassword HTTP/1.1" 500 92 "-" "PostmanRuntime/7.29.0"

info: ::1 - - [02/Jun/2022:06:59:46 +0000] "POST /api/v1/users/forgotpassword HTTP/1.1" 200 82 "-" "PostmanRuntime/7.29.0"

info: ::1 - - [02/Jun/2022:07:17:08 +0000] "POST /api/v1/users/forgotpassword HTTP/1.1" 500 54 "-" "PostmanRuntime/7.29.0"

info: ::1 - - [02/Jun/2022:07:17:24 +0000] "POST /api/v1/users/forgotpassword HTTP/1.1" 500 54 "-" "PostmanRuntime/7.29.0"

info: ::1 - - [02/Jun/2022:07:18:38 +0000] "POST /api/v1/users/forgotpassword HTTP/1.1" 200 82 "-" "PostmanRuntime/7.29.0"

info: ::1 - - [02/Jun/2022:08:23:24 +0000] "POST /api/v1/users/forgotpassword HTTP/1.1" 200 82 "-" "PostmanRuntime/7.29.0"

