info: ::1 - - [30/May/2022:03:30:17 +0000] "POST /api/v1/users/signup HTTP/1.1" 201 333 "-" "PostmanRuntime/7.29.0"

info: ::1 - - [30/May/2022:03:30:42 +0000] "POST /api/v1/users/login HTTP/1.1" 200 174 "-" "PostmanRuntime/7.29.0"

info: ::1 - - [30/May/2022:03:42:32 +0000] "POST /api/v1/users/login HTTP/1.1" 500 71 "-" "PostmanRuntime/7.29.0"

info: ::1 - - [30/May/2022:03:43:30 +0000] "POST /api/v1/users/login HTTP/1.1" 500 71 "-" "PostmanRuntime/7.29.0"

info: ::1 - - [30/May/2022:03:44:22 +0000] "POST /api/v1/users/login HTTP/1.1" 200 272 "-" "PostmanRuntime/7.29.0"

info: ::1 - - [30/May/2022:04:41:20 +0000] "POST /api/v1/users/login HTTP/1.1" 500 54 "-" "PostmanRuntime/7.29.0"

info: ::1 - - [30/May/2022:04:41:51 +0000] "POST /api/v1/users HTTP/1.1" 404 47 "-" "PostmanRuntime/7.29.0"

info: ::1 - - [30/May/2022:06:50:59 +0000] "GET /api/v1/users/ HTTP/1.1" 404 47 "-" "PostmanRuntime/7.29.0"

info: ::1 - - [30/May/2022:06:54:05 +0000] "GET /api/v1/ HTTP/1.1" 200 25 "-" "PostmanRuntime/7.29.0"

info: ::1 - - [30/May/2022:06:58:11 +0000] "GET /api/v1/users/signup HTTP/1.1" 404 47 "-" "PostmanRuntime/7.29.0"

info: ::1 - - [30/May/2022:06:58:23 +0000] "POST /api/v1/users/signup HTTP/1.1" 201 333 "-" "PostmanRuntime/7.29.0"

info: ::1 - - [30/May/2022:06:59:21 +0000] "POST /api/v1/users/login HTTP/1.1" 200 272 "-" "PostmanRuntime/7.29.0"

info: ::1 - - [30/May/2022:07:11:44 +0000] "POST /api/v1/notes HTTP/1.1" 500 54 "-" "PostmanRuntime/7.29.0"

info: ::1 - - [30/May/2022:08:09:27 +0000] "POST /api/v1/notes HTTP/1.1" 500 54 "-" "PostmanRuntime/7.29.0"

info: ::1 - - [30/May/2022:08:10:37 +0000] "POST /api/v1/notes HTTP/1.1" 201 278 "-" "PostmanRuntime/7.29.0"

info: ::1 - - [30/May/2022:09:16:22 +0000] "POST /api/v1/notes HTTP/1.1" 201 247 "-" "PostmanRuntime/7.29.0"

info: ::1 - - [30/May/2022:09:17:16 +0000] "GET /api/v1/notes/62947bfc2d56650e080715d4 HTTP/1.1" 200 279 "-" "PostmanRuntime/7.29.0"

info: ::1 - - [30/May/2022:09:23:26 +0000] "PUT /api/v1/notes/62947bfc2d56650e080715d4 HTTP/1.1" 500 61 "-" "PostmanRuntime/7.29.0"

info: ::1 - - [30/May/2022:09:24:33 +0000] "PUT /api/v1/notes/62947bfc2d56650e080715d4 HTTP/1.1" 202 284 "-" "PostmanRuntime/7.29.0"

info: ::1 - - [30/May/2022:09:24:59 +0000] "PUT /api/v1/notes/62947bfc2d56650e080715d4 HTTP/1.1" 202 292 "-" "PostmanRuntime/7.29.0"

info: ::1 - - [30/May/2022:09:26:00 +0000] "DELETE /api/v1/notes/62947bfc2d56650e080715d4 HTTP/1.1" 500 54 "-" "PostmanRuntime/7.29.0"

info: ::1 - - [30/May/2022:09:26:30 +0000] "DELETE /api/v1/notes/62947bfc2d56650e080715d4 HTTP/1.1" 200 50 "-" "PostmanRuntime/7.29.0"

info: ::1 - - [30/May/2022:09:28:23 +0000] "POST /api/v1/notes HTTP/1.1" 201 291 "-" "PostmanRuntime/7.29.0"

info: ::1 - - [30/May/2022:09:29:45 +0000] "POST /api/v1/notes HTTP/1.1" 201 269 "-" "PostmanRuntime/7.29.0"

info: ::1 - - [30/May/2022:15:02:40 +0000] "POST /api/v1/ HTTP/1.1" 404 47 "-" "PostmanRuntime/7.29.0"

info: ::1 - - [30/May/2022:15:02:49 +0000] "POST /api/v1 HTTP/1.1" 404 47 "-" "PostmanRuntime/7.29.0"

info: ::1 - - [30/May/2022:15:03:02 +0000] "GET /api/v1/ HTTP/1.1" 200 25 "-" "PostmanRuntime/7.29.0"

info: ::1 - - [30/May/2022:15:11:43 +0000] "GET /api/v1/ HTTP/1.1" 200 25 "-" "PostmanRuntime/7.29.0"

info: ::1 - - [30/May/2022:15:12:16 +0000] "GET /api/v1/sahfjksd HTTP/1.1" 404 47 "-" "PostmanRuntime/7.29.0"

info: ::1 - - [30/May/2022:15:20:55 +0000] "POST /api/v1/users/signup HTTP/1.1" 201 328 "-" "PostmanRuntime/7.29.0"

info: ::1 - - [30/May/2022:15:42:22 +0000] "POST /api/v1/users/signup HTTP/1.1" 400 97 "-" "PostmanRuntime/7.29.0"

info: ::1 - - [30/May/2022:15:44:15 +0000] "POST /api/v1/users/login HTTP/1.1" 200 269 "-" "PostmanRuntime/7.29.0"

