info: ::1 - - [03/Jun/2022:02:50:07 +0000] "POST /api/v1/users/forgotpassword HTTP/1.1" 200 82 "-" "PostmanRuntime/7.29.0"

info: ::1 - - [03/Jun/2022:03:06:32 +0000] "POST /api/v1/users/forgotpassword HTTP/1.1" 200 82 "-" "PostmanRuntime/7.29.0"

info: ::1 - - [03/Jun/2022:03:15:53 +0000] "POST /api/v1/users/forgotpassword HTTP/1.1" 200 82 "-" "PostmanRuntime/7.29.0"

info: ::1 - - [03/Jun/2022:03:16:32 +0000] "POST /api/v1/users/forgotpassword HTTP/1.1" 200 82 "-" "PostmanRuntime/7.29.0"

info: ::1 - - [03/Jun/2022:03:19:27 +0000] "POST /api/v1/users/forgotpassword HTTP/1.1" 200 82 "-" "PostmanRuntime/7.29.0"

info: ::1 - - [03/Jun/2022:03:27:47 +0000] "POST /api/v1/users/forgotpassword HTTP/1.1" 200 82 "-" "PostmanRuntime/7.29.0"

info: ::1 - - [03/Jun/2022:03:29:19 +0000] "GET /api/v1/users/reset/eyJhbGciOiJIUzI1NiIsInR5cCI6IkpXVCJ9.eyJmaXJzdE5hbWUiOiJLYWxpbXV0aHUiLCJlbWFpbCI6ImthbGlyODg4QGdtYWlsLmNvbSIsImlkIjoiNjI5NDZiMGZlZmEwMGQxMTU0OTAwMGVhIiwiaWF0IjoxNjU0MjI2ODY3fQ.hKk8LYeufo5EkuUYGt_J9Ou1_o_v189HZu-dGAu8Fgk HTTP/1.1" 404 47 "-" "Mozilla/5.0 (Windows NT 10.0; Win64; x64) AppleWebKit/537.36 (KHTML, like Gecko) Chrome/102.0.5005.63 Safari/537.36"

info: ::1 - - [03/Jun/2022:03:29:19 +0000] "GET /favicon.ico HTTP/1.1" 404 47 "-" "Mozilla/5.0 (Windows NT 10.0; Win64; x64) AppleWebKit/537.36 (KHTML, like Gecko) Chrome/102.0.5005.63 Safari/537.36"

info: ::1 - - [03/Jun/2022:03:31:11 +0000] "POST /api/v1/users/reset HTTP/1.1" 202 339 "-" "PostmanRuntime/7.29.0"

info: ::1 - - [03/Jun/2022:03:45:32 +0000] "GET /api/v1/users HTTP/1.1" 404 47 "-" "Mozilla/5.0 (Windows NT 10.0; Win64; x64) AppleWebKit/537.36 (KHTML, like Gecko) Chrome/102.0.5005.63 Safari/537.36"

info: ::1 - - [03/Jun/2022:03:45:36 +0000] "GET /api/v1/users HTTP/1.1" 404 47 "-" "Mozilla/5.0 (Windows NT 10.0; Win64; x64) AppleWebKit/537.36 (KHTML, like Gecko) Chrome/102.0.5005.63 Safari/537.36"

info: ::1 - - [03/Jun/2022:03:45:40 +0000] "GET /api/v1/users HTTP/1.1" 404 47 "-" "Mozilla/5.0 (Windows NT 10.0; Win64; x64) AppleWebKit/537.36 (KHTML, like Gecko) Chrome/102.0.5005.63 Safari/537.36"

info: ::1 - - [03/Jun/2022:03:45:41 +0000] "GET /api/v1/users HTTP/1.1" 404 47 "-" "Mozilla/5.0 (Windows NT 10.0; Win64; x64) AppleWebKit/537.36 (KHTML, like Gecko) Chrome/102.0.5005.63 Safari/537.36"

info: ::1 - - [03/Jun/2022:03:45:43 +0000] "GET /api/v1/users HTTP/1.1" 404 47 "-" "Mozilla/5.0 (Windows NT 10.0; Win64; x64) AppleWebKit/537.36 (KHTML, like Gecko) Chrome/102.0.5005.63 Safari/537.36"

info: ::1 - - [03/Jun/2022:03:45:46 +0000] "GET /api/v1/users HTTP/1.1" 404 47 "-" "Mozilla/5.0 (Windows NT 10.0; Win64; x64) AppleWebKit/537.36 (KHTML, like Gecko) Chrome/102.0.5005.63 Safari/537.36"

info: ::1 - - [03/Jun/2022:03:45:50 +0000] "GET /api/v1/users HTTP/1.1" 404 47 "-" "Mozilla/5.0 (Windows NT 10.0; Win64; x64) AppleWebKit/537.36 (KHTML, like Gecko) Chrome/102.0.5005.63 Safari/537.36"

info: ::1 - - [03/Jun/2022:03:46:01 +0000] "GET /api/v1/users HTTP/1.1" 404 47 "-" "Mozilla/5.0 (Windows NT 10.0; Win64; x64) AppleWebKit/537.36 (KHTML, like Gecko) Chrome/102.0.5005.63 Safari/537.36"

info: ::1 - - [03/Jun/2022:03:46:09 +0000] "GET /api/v1/users HTTP/1.1" 404 47 "-" "Mozilla/5.0 (Windows NT 10.0; Win64; x64) AppleWebKit/537.36 (KHTML, like Gecko) Chrome/102.0.5005.63 Safari/537.36"

info: ::1 - - [03/Jun/2022:03:46:09 +0000] "GET /api/v1/users HTTP/1.1" 404 47 "-" "Mozilla/5.0 (Windows NT 10.0; Win64; x64) AppleWebKit/537.36 (KHTML, like Gecko) Chrome/102.0.5005.63 Safari/537.36"

info: ::1 - - [03/Jun/2022:03:46:10 +0000] "GET /api/v1/users HTTP/1.1" 404 47 "-" "Mozilla/5.0 (Windows NT 10.0; Win64; x64) AppleWebKit/537.36 (KHTML, like Gecko) Chrome/102.0.5005.63 Safari/537.36"

info: ::1 - - [03/Jun/2022:03:46:23 +0000] "GET /api/v1/notes HTTP/1.1" 400 56 "-" "Mozilla/5.0 (Windows NT 10.0; Win64; x64) AppleWebKit/537.36 (KHTML, like Gecko) Chrome/102.0.5005.63 Safari/537.36"

info: ::1 - - [03/Jun/2022:08:11:50 +0000] "GET /api/v1/api-docs HTTP/1.1" 404 47 "-" "Mozilla/5.0 (Windows NT 10.0; Win64; x64) AppleWebKit/537.36 (KHTML, like Gecko) Chrome/102.0.5005.63 Safari/537.36"

info: ::1 - - [03/Jun/2022:08:11:55 +0000] "GET /api/v1/api-docs HTTP/1.1" 404 47 "-" "Mozilla/5.0 (Windows NT 10.0; Win64; x64) AppleWebKit/537.36 (KHTML, like Gecko) Chrome/102.0.5005.63 Safari/537.36"

info: ::1 - - [03/Jun/2022:08:11:58 +0000] "GET /api/v1/api-docs HTTP/1.1" 404 47 "-" "Mozilla/5.0 (Windows NT 10.0; Win64; x64) AppleWebKit/537.36 (KHTML, like Gecko) Chrome/102.0.5005.63 Safari/537.36"

info: ::1 - - [03/Jun/2022:08:11:59 +0000] "GET /api/v1/api-docs HTTP/1.1" 404 47 "-" "Mozilla/5.0 (Windows NT 10.0; Win64; x64) AppleWebKit/537.36 (KHTML, like Gecko) Chrome/102.0.5005.63 Safari/537.36"

info: ::1 - - [03/Jun/2022:08:12:18 +0000] "GET /api-docs HTTP/1.1" 404 47 "-" "Mozilla/5.0 (Windows NT 10.0; Win64; x64) AppleWebKit/537.36 (KHTML, like Gecko) Chrome/102.0.5005.63 Safari/537.36"

info: ::1 - - [03/Jun/2022:08:12:21 +0000] "GET /api-docs HTTP/1.1" 404 47 "-" "Mozilla/5.0 (Windows NT 10.0; Win64; x64) AppleWebKit/537.36 (KHTML, like Gecko) Chrome/102.0.5005.63 Safari/537.36"

info: ::1 - - [03/Jun/2022:08:12:22 +0000] "GET /api-docs HTTP/1.1" 404 47 "-" "Mozilla/5.0 (Windows NT 10.0; Win64; x64) AppleWebKit/537.36 (KHTML, like Gecko) Chrome/102.0.5005.63 Safari/537.36"

info: ::1 - - [03/Jun/2022:08:12:22 +0000] "GET /api-docs HTTP/1.1" 404 47 "-" "Mozilla/5.0 (Windows NT 10.0; Win64; x64) AppleWebKit/537.36 (KHTML, like Gecko) Chrome/102.0.5005.63 Safari/537.36"

info: ::1 - - [03/Jun/2022:08:12:22 +0000] "GET /api-docs HTTP/1.1" 404 47 "-" "Mozilla/5.0 (Windows NT 10.0; Win64; x64) AppleWebKit/537.36 (KHTML, like Gecko) Chrome/102.0.5005.63 Safari/537.36"

info: ::1 - - [03/Jun/2022:08:12:23 +0000] "GET /api-docs HTTP/1.1" 404 47 "-" "Mozilla/5.0 (Windows NT 10.0; Win64; x64) AppleWebKit/537.36 (KHTML, like Gecko) Chrome/102.0.5005.63 Safari/537.36"

info: ::1 - - [03/Jun/2022:08:12:23 +0000] "GET /api-docs HTTP/1.1" 404 47 "-" "Mozilla/5.0 (Windows NT 10.0; Win64; x64) AppleWebKit/537.36 (KHTML, like Gecko) Chrome/102.0.5005.63 Safari/537.36"

info: ::1 - - [03/Jun/2022:08:12:23 +0000] "GET /api-docs HTTP/1.1" 404 47 "-" "Mozilla/5.0 (Windows NT 10.0; Win64; x64) AppleWebKit/537.36 (KHTML, like Gecko) Chrome/102.0.5005.63 Safari/537.36"

info: ::1 - - [03/Jun/2022:08:12:34 +0000] "GET /api/v1/api-docs HTTP/1.1" 404 47 "-" "Mozilla/5.0 (Windows NT 10.0; Win64; x64) AppleWebKit/537.36 (KHTML, like Gecko) Chrome/102.0.5005.63 Safari/537.36"

info: ::1 - - [03/Jun/2022:08:12:35 +0000] "GET /api/v1/api-docs HTTP/1.1" 404 47 "-" "Mozilla/5.0 (Windows NT 10.0; Win64; x64) AppleWebKit/537.36 (KHTML, like Gecko) Chrome/102.0.5005.63 Safari/537.36"

info: ::1 - - [03/Jun/2022:08:12:35 +0000] "GET /api/v1/api-docs HTTP/1.1" 404 47 "-" "Mozilla/5.0 (Windows NT 10.0; Win64; x64) AppleWebKit/537.36 (KHTML, like Gecko) Chrome/102.0.5005.63 Safari/537.36"

info: ::1 - - [03/Jun/2022:08:12:35 +0000] "GET /api/v1/api-docs HTTP/1.1" 404 47 "-" "Mozilla/5.0 (Windows NT 10.0; Win64; x64) AppleWebKit/537.36 (KHTML, like Gecko) Chrome/102.0.5005.63 Safari/537.36"

info: ::1 - - [03/Jun/2022:08:12:36 +0000] "GET /api/v1/api-docs HTTP/1.1" 404 47 "-" "Mozilla/5.0 (Windows NT 10.0; Win64; x64) AppleWebKit/537.36 (KHTML, like Gecko) Chrome/102.0.5005.63 Safari/537.36"

info: ::1 - - [03/Jun/2022:08:12:36 +0000] "GET /api/v1/api-docs HTTP/1.1" 404 47 "-" "Mozilla/5.0 (Windows NT 10.0; Win64; x64) AppleWebKit/537.36 (KHTML, like Gecko) Chrome/102.0.5005.63 Safari/537.36"

info: ::1 - - [03/Jun/2022:08:12:36 +0000] "GET /api/v1/api-docs HTTP/1.1" 404 47 "-" "Mozilla/5.0 (Windows NT 10.0; Win64; x64) AppleWebKit/537.36 (KHTML, like Gecko) Chrome/102.0.5005.63 Safari/537.36"

info: ::1 - - [03/Jun/2022:08:13:41 +0000] "GET /api/v1/api-docs HTTP/1.1" 404 47 "-" "Mozilla/5.0 (Windows NT 10.0; Win64; x64) AppleWebKit/537.36 (KHTML, like Gecko) Chrome/102.0.5005.63 Safari/537.36"

info: ::1 - - [03/Jun/2022:08:26:15 +0000] "GET /api/v1/api-docs HTTP/1.1" 404 47 "-" "Mozilla/5.0 (Windows NT 10.0; Win64; x64) AppleWebKit/537.36 (KHTML, like Gecko) Chrome/102.0.5005.63 Safari/537.36"

info: ::1 - - [03/Jun/2022:08:26:17 +0000] "GET /api/v1/api-docs HTTP/1.1" 404 47 "-" "Mozilla/5.0 (Windows NT 10.0; Win64; x64) AppleWebKit/537.36 (KHTML, like Gecko) Chrome/102.0.5005.63 Safari/537.36"

info: ::1 - - [03/Jun/2022:08:26:20 +0000] "GET /api/v1/api-docs HTTP/1.1" 404 47 "-" "Mozilla/5.0 (Windows NT 10.0; Win64; x64) AppleWebKit/537.36 (KHTML, like Gecko) Chrome/102.0.5005.63 Safari/537.36"

info: ::1 - - [03/Jun/2022:08:26:21 +0000] "GET /api/v1/api-docs HTTP/1.1" 404 47 "-" "Mozilla/5.0 (Windows NT 10.0; Win64; x64) AppleWebKit/537.36 (KHTML, like Gecko) Chrome/102.0.5005.63 Safari/537.36"

info: ::1 - - [03/Jun/2022:08:26:21 +0000] "GET /api/v1/api-docs HTTP/1.1" 404 47 "-" "Mozilla/5.0 (Windows NT 10.0; Win64; x64) AppleWebKit/537.36 (KHTML, like Gecko) Chrome/102.0.5005.63 Safari/537.36"

info: ::1 - - [03/Jun/2022:08:26:21 +0000] "GET /api/v1/api-docs HTTP/1.1" 404 47 "-" "Mozilla/5.0 (Windows NT 10.0; Win64; x64) AppleWebKit/537.36 (KHTML, like Gecko) Chrome/102.0.5005.63 Safari/537.36"

info: ::1 - - [03/Jun/2022:08:26:21 +0000] "GET /api/v1/api-docs HTTP/1.1" 404 47 "-" "Mozilla/5.0 (Windows NT 10.0; Win64; x64) AppleWebKit/537.36 (KHTML, like Gecko) Chrome/102.0.5005.63 Safari/537.36"

info: ::1 - - [03/Jun/2022:08:26:21 +0000] "GET /api/v1/api-docs HTTP/1.1" 404 47 "-" "Mozilla/5.0 (Windows NT 10.0; Win64; x64) AppleWebKit/537.36 (KHTML, like Gecko) Chrome/102.0.5005.63 Safari/537.36"

info: ::1 - - [03/Jun/2022:08:26:22 +0000] "GET /api/v1/api-docs HTTP/1.1" 404 47 "-" "Mozilla/5.0 (Windows NT 10.0; Win64; x64) AppleWebKit/537.36 (KHTML, like Gecko) Chrome/102.0.5005.63 Safari/537.36"

info: ::1 - - [03/Jun/2022:08:26:22 +0000] "GET /api/v1/api-docs HTTP/1.1" 404 47 "-" "Mozilla/5.0 (Windows NT 10.0; Win64; x64) AppleWebKit/537.36 (KHTML, like Gecko) Chrome/102.0.5005.63 Safari/537.36"

info: ::1 - - [03/Jun/2022:08:26:22 +0000] "GET /api/v1/api-docs HTTP/1.1" 404 47 "-" "Mozilla/5.0 (Windows NT 10.0; Win64; x64) AppleWebKit/537.36 (KHTML, like Gecko) Chrome/102.0.5005.63 Safari/537.36"

info: ::1 - - [03/Jun/2022:08:26:22 +0000] "GET /api/v1/api-docs HTTP/1.1" 404 47 "-" "Mozilla/5.0 (Windows NT 10.0; Win64; x64) AppleWebKit/537.36 (KHTML, like Gecko) Chrome/102.0.5005.63 Safari/537.36"

info: ::1 - - [03/Jun/2022:08:26:22 +0000] "GET /api/v1/api-docs HTTP/1.1" 404 47 "-" "Mozilla/5.0 (Windows NT 10.0; Win64; x64) AppleWebKit/537.36 (KHTML, like Gecko) Chrome/102.0.5005.63 Safari/537.36"

info: ::1 - - [03/Jun/2022:08:26:23 +0000] "GET /api/v1/api-docs HTTP/1.1" 404 47 "-" "Mozilla/5.0 (Windows NT 10.0; Win64; x64) AppleWebKit/537.36 (KHTML, like Gecko) Chrome/102.0.5005.63 Safari/537.36"

info: ::1 - - [03/Jun/2022:08:30:34 +0000] "GET /api/v1/api-docs HTTP/1.1" 404 47 "-" "Mozilla/5.0 (Windows NT 10.0; Win64; x64) AppleWebKit/537.36 (KHTML, like Gecko) Chrome/102.0.5005.63 Safari/537.36"

info: ::1 - - [03/Jun/2022:08:30:35 +0000] "GET /api/v1/api-docs HTTP/1.1" 404 47 "-" "Mozilla/5.0 (Windows NT 10.0; Win64; x64) AppleWebKit/537.36 (KHTML, like Gecko) Chrome/102.0.5005.63 Safari/537.36"

info: ::1 - - [03/Jun/2022:08:32:01 +0000] "GET /api/v1/api-docs HTTP/1.1" 404 47 "-" "Mozilla/5.0 (Windows NT 10.0; Win64; x64) AppleWebKit/537.36 (KHTML, like Gecko) Chrome/102.0.5005.63 Safari/537.36"

info: ::1 - - [03/Jun/2022:08:32:10 +0000] "GET /api-docs HTTP/1.1" 404 47 "-" "Mozilla/5.0 (Windows NT 10.0; Win64; x64) AppleWebKit/537.36 (KHTML, like Gecko) Chrome/102.0.5005.63 Safari/537.36"

info: ::1 - - [03/Jun/2022:08:32:13 +0000] "GET /api-docs HTTP/1.1" 404 47 "-" "Mozilla/5.0 (Windows NT 10.0; Win64; x64) AppleWebKit/537.36 (KHTML, like Gecko) Chrome/102.0.5005.63 Safari/537.36"

info: ::1 - - [03/Jun/2022:08:32:13 +0000] "GET /api-docs HTTP/1.1" 404 47 "-" "Mozilla/5.0 (Windows NT 10.0; Win64; x64) AppleWebKit/537.36 (KHTML, like Gecko) Chrome/102.0.5005.63 Safari/537.36"

info: ::1 - - [03/Jun/2022:08:32:14 +0000] "GET /api-docs HTTP/1.1" 404 47 "-" "Mozilla/5.0 (Windows NT 10.0; Win64; x64) AppleWebKit/537.36 (KHTML, like Gecko) Chrome/102.0.5005.63 Safari/537.36"

info: ::ffff:127.0.0.1 - - [03/Jun/2022:08:32:42 +0000] "GET /api-docs HTTP/1.1" 404 47 "-" "Mozilla/5.0 (Windows NT 10.0; Win64; x64; rv:94.0) Gecko/20100101 Firefox/94.0"

info: ::1 - - [03/Jun/2022:08:37:30 +0000] "GET /api-docs HTTP/1.1" 404 47 "-" "Mozilla/5.0 (Windows NT 10.0; Win64; x64) AppleWebKit/537.36 (KHTML, like Gecko) Chrome/102.0.5005.63 Safari/537.36"

info: ::1 - - [03/Jun/2022:08:38:03 +0000] "GET /api/v1/api-docs HTTP/1.1" 404 47 "-" "Mozilla/5.0 (Windows NT 10.0; Win64; x64) AppleWebKit/537.36 (KHTML, like Gecko) Chrome/102.0.5005.63 Safari/537.36"

info: ::1 - - [03/Jun/2022:08:38:55 +0000] "GET /api-docs HTTP/1.1" 404 47 "-" "Mozilla/5.0 (Windows NT 10.0; Win64; x64) AppleWebKit/537.36 (KHTML, like Gecko) Chrome/102.0.5005.63 Safari/537.36"

info: ::1 - - [03/Jun/2022:09:59:54 +0000] "GET / HTTP/1.1" 404 47 "-" "Mozilla/5.0 (Windows NT 10.0; Win64; x64) AppleWebKit/537.36 (KHTML, like Gecko) Chrome/102.0.5005.63 Safari/537.36"

info: ::1 - - [03/Jun/2022:10:04:48 +0000] "GET /api-docs HTTP/1.1" 301 183 "-" "Mozilla/5.0 (Windows NT 10.0; Win64; x64) AppleWebKit/537.36 (KHTML, like Gecko) Chrome/102.0.5005.63 Safari/537.36"

info: ::1 - - [03/Jun/2022:10:04:48 +0000] "GET /api-docs/ HTTP/1.1" 200 3103 "-" "Mozilla/5.0 (Windows NT 10.0; Win64; x64) AppleWebKit/537.36 (KHTML, like Gecko) Chrome/102.0.5005.63 Safari/537.36"

info: ::1 - - [03/Jun/2022:10:04:48 +0000] "GET /api-docs/swagger-ui-init.js HTTP/1.1" 200 3737 "-" "Mozilla/5.0 (Windows NT 10.0; Win64; x64) AppleWebKit/537.36 (KHTML, like Gecko) Chrome/102.0.5005.63 Safari/537.36"

info: ::1 - - [03/Jun/2022:10:04:48 +0000] "GET /api-docs/swagger-ui-standalone-preset.js HTTP/1.1" 200 339540 "-" "Mozilla/5.0 (Windows NT 10.0; Win64; x64) AppleWebKit/537.36 (KHTML, like Gecko) Chrome/102.0.5005.63 Safari/537.36"

info: ::1 - - [03/Jun/2022:10:04:48 +0000] "GET /api-docs/swagger-ui-bundle.js HTTP/1.1" 200 1096221 "-" "Mozilla/5.0 (Windows NT 10.0; Win64; x64) AppleWebKit/537.36 (KHTML, like Gecko) Chrome/102.0.5005.63 Safari/537.36"

info: ::1 - - [03/Jun/2022:10:04:48 +0000] "GET /api-docs/swagger-ui.css HTTP/1.1" 200 143980 "-" "Mozilla/5.0 (Windows NT 10.0; Win64; x64) AppleWebKit/537.36 (KHTML, like Gecko) Chrome/102.0.5005.63 Safari/537.36"

info: ::1 - - [03/Jun/2022:10:04:49 +0000] "GET /api-docs/favicon-32x32.png HTTP/1.1" 200 628 "-" "Mozilla/5.0 (Windows NT 10.0; Win64; x64) AppleWebKit/537.36 (KHTML, like Gecko) Chrome/102.0.5005.63 Safari/537.36"

info: ::1 - - [03/Jun/2022:10:08:51 +0000] "POST /api/v1users/signup HTTP/1.1" 404 47 "-" "Mozilla/5.0 (Windows NT 10.0; Win64; x64) AppleWebKit/537.36 (KHTML, like Gecko) Chrome/102.0.5005.63 Safari/537.36"

info: ::1 - - [03/Jun/2022:10:10:56 +0000] "GET /api-docs/ HTTP/1.1" 304 - "-" "Mozilla/5.0 (Windows NT 10.0; Win64; x64) AppleWebKit/537.36 (KHTML, like Gecko) Chrome/102.0.5005.63 Safari/537.36"

info: ::1 - - [03/Jun/2022:10:10:56 +0000] "GET /api-docs/swagger-ui.css HTTP/1.1" 304 - "-" "Mozilla/5.0 (Windows NT 10.0; Win64; x64) AppleWebKit/537.36 (KHTML, like Gecko) Chrome/102.0.5005.63 Safari/537.36"

info: ::1 - - [03/Jun/2022:10:10:56 +0000] "GET /api-docs/swagger-ui-bundle.js HTTP/1.1" 304 - "-" "Mozilla/5.0 (Windows NT 10.0; Win64; x64) AppleWebKit/537.36 (KHTML, like Gecko) Chrome/102.0.5005.63 Safari/537.36"

info: ::1 - - [03/Jun/2022:10:10:56 +0000] "GET /api-docs/swagger-ui-init.js HTTP/1.1" 200 3738 "-" "Mozilla/5.0 (Windows NT 10.0; Win64; x64) AppleWebKit/537.36 (KHTML, like Gecko) Chrome/102.0.5005.63 Safari/537.36"

info: ::1 - - [03/Jun/2022:10:10:56 +0000] "GET /api-docs/swagger-ui-standalone-preset.js HTTP/1.1" 304 - "-" "Mozilla/5.0 (Windows NT 10.0; Win64; x64) AppleWebKit/537.36 (KHTML, like Gecko) Chrome/102.0.5005.63 Safari/537.36"

info: ::1 - - [03/Jun/2022:10:10:57 +0000] "GET /api-docs/favicon-32x32.png HTTP/1.1" 304 - "-" "Mozilla/5.0 (Windows NT 10.0; Win64; x64) AppleWebKit/537.36 (KHTML, like Gecko) Chrome/102.0.5005.63 Safari/537.36"

info: ::1 - - [03/Jun/2022:10:11:31 +0000] "POST /api/v1/users/signup HTTP/1.1" 201 316 "-" "Mozilla/5.0 (Windows NT 10.0; Win64; x64) AppleWebKit/537.36 (KHTML, like Gecko) Chrome/102.0.5005.63 Safari/537.36"

info: ::1 - - [03/Jun/2022:10:12:51 +0000] "POST /api/v1/users/login HTTP/1.1" 200 258 "-" "Mozilla/5.0 (Windows NT 10.0; Win64; x64) AppleWebKit/537.36 (KHTML, like Gecko) Chrome/102.0.5005.63 Safari/537.36"

info: ::1 - - [03/Jun/2022:15:52:15 +0000] "GET /api-docs/ HTTP/1.1" 304 - "-" "Mozilla/5.0 (Windows NT 10.0; Win64; x64) AppleWebKit/537.36 (KHTML, like Gecko) Chrome/102.0.5005.63 Safari/537.36"

info: ::1 - - [03/Jun/2022:15:52:15 +0000] "GET /api-docs/swagger-ui-init.js HTTP/1.1" 200 4557 "-" "Mozilla/5.0 (Windows NT 10.0; Win64; x64) AppleWebKit/537.36 (KHTML, like Gecko) Chrome/102.0.5005.63 Safari/537.36"

info: ::1 - - [03/Jun/2022:15:52:15 +0000] "GET /api-docs/swagger-ui.css HTTP/1.1" 304 - "-" "Mozilla/5.0 (Windows NT 10.0; Win64; x64) AppleWebKit/537.36 (KHTML, like Gecko) Chrome/102.0.5005.63 Safari/537.36"

info: ::1 - - [03/Jun/2022:15:52:15 +0000] "GET /api-docs/swagger-ui-bundle.js HTTP/1.1" 304 - "-" "Mozilla/5.0 (Windows NT 10.0; Win64; x64) AppleWebKit/537.36 (KHTML, like Gecko) Chrome/102.0.5005.63 Safari/537.36"

info: ::1 - - [03/Jun/2022:15:52:15 +0000] "GET /api-docs/swagger-ui-standalone-preset.js HTTP/1.1" 304 - "-" "Mozilla/5.0 (Windows NT 10.0; Win64; x64) AppleWebKit/537.36 (KHTML, like Gecko) Chrome/102.0.5005.63 Safari/537.36"

info: ::1 - - [03/Jun/2022:16:04:22 +0000] "GET /api-docs/ HTTP/1.1" 304 - "-" "Mozilla/5.0 (Windows NT 10.0; Win64; x64) AppleWebKit/537.36 (KHTML, like Gecko) Chrome/102.0.5005.63 Safari/537.36"

info: ::1 - - [03/Jun/2022:16:04:22 +0000] "GET /api-docs/swagger-ui.css HTTP/1.1" 304 - "-" "Mozilla/5.0 (Windows NT 10.0; Win64; x64) AppleWebKit/537.36 (KHTML, like Gecko) Chrome/102.0.5005.63 Safari/537.36"

info: ::1 - - [03/Jun/2022:16:04:22 +0000] "GET /api-docs/swagger-ui-bundle.js HTTP/1.1" 304 - "-" "Mozilla/5.0 (Windows NT 10.0; Win64; x64) AppleWebKit/537.36 (KHTML, like Gecko) Chrome/102.0.5005.63 Safari/537.36"

info: ::1 - - [03/Jun/2022:16:04:22 +0000] "GET /api-docs/swagger-ui-init.js HTTP/1.1" 200 5187 "-" "Mozilla/5.0 (Windows NT 10.0; Win64; x64) AppleWebKit/537.36 (KHTML, like Gecko) Chrome/102.0.5005.63 Safari/537.36"

info: ::1 - - [03/Jun/2022:16:04:22 +0000] "GET /api-docs/swagger-ui-standalone-preset.js HTTP/1.1" 304 - "-" "Mozilla/5.0 (Windows NT 10.0; Win64; x64) AppleWebKit/537.36 (KHTML, like Gecko) Chrome/102.0.5005.63 Safari/537.36"

info: ::1 - - [03/Jun/2022:16:04:23 +0000] "GET /api-docs/favicon-32x32.png HTTP/1.1" 304 - "-" "Mozilla/5.0 (Windows NT 10.0; Win64; x64) AppleWebKit/537.36 (KHTML, like Gecko) Chrome/102.0.5005.63 Safari/537.36"

