info: ::1 - - [01/Jun/2022:03:23:28 +0000] "POST /api/v1/users/signup HTTP/1.1" 201 321 "-" "PostmanRuntime/7.29.0"

info: ::1 - - [01/Jun/2022:03:24:04 +0000] "POST /api/v1/users/login HTTP/1.1" 200 262 "-" "PostmanRuntime/7.29.0"

info: ::1 - - [01/Jun/2022:03:27:37 +0000] "GET /api/v1/notes HTTP/1.1" 200 65 "-" "PostmanRuntime/7.29.0"

info: ::1 - - [01/Jun/2022:03:28:52 +0000] "POST /api/v1/notes HTTP/1.1" 201 280 "-" "PostmanRuntime/7.29.0"

info: ::1 - - [01/Jun/2022:03:29:10 +0000] "GET /api/v1/notes HTTP/1.1" 200 288 "-" "PostmanRuntime/7.29.0"

info: ::1 - - [01/Jun/2022:03:30:30 +0000] "PUT /api/v1/notes/6296dcf418fa8a0900558125 HTTP/1.1" 202 297 "-" "PostmanRuntime/7.29.0"

info: ::1 - - [01/Jun/2022:03:46:39 +0000] "POST /api/v1/notes HTTP/1.1" 400 56 "-" "PostmanRuntime/7.29.0"

info: ::1 - - [01/Jun/2022:04:34:19 +0000] "POST /api/v1/notes HTTP/1.1" 400 56 "-" "PostmanRuntime/7.29.0"

info: ::1 - - [01/Jun/2022:04:35:38 +0000] "POST /api/v1/signup HTTP/1.1" 404 47 "-" "PostmanRuntime/7.29.0"

info: ::1 - - [01/Jun/2022:04:35:55 +0000] "POST /api/v1/login HTTP/1.1" 404 47 "-" "PostmanRuntime/7.29.0"

info: ::1 - - [01/Jun/2022:04:36:18 +0000] "POST /api/v1/users/login HTTP/1.1" 500 54 "-" "PostmanRuntime/7.29.0"

info: ::1 - - [01/Jun/2022:04:37:29 +0000] "POST /api/v1/users/login HTTP/1.1" 200 262 "-" "PostmanRuntime/7.29.0"

info: ::1 - - [01/Jun/2022:04:41:46 +0000] "POST /api/v1/notes HTTP/1.1" 201 322 "-" "PostmanRuntime/7.29.0"

info: ::1 - - [01/Jun/2022:04:42:48 +0000] "POST /api/v1/notes/isArchieved/6296ee0aadbdb225148e070a HTTP/1.1" 404 47 "-" "PostmanRuntime/7.29.0"

info: ::1 - - [01/Jun/2022:04:43:19 +0000] "PUT /api/v1/notes/isArchieved/6296ee0aadbdb225148e070a HTTP/1.1" 500 60 "-" "PostmanRuntime/7.29.0"

info: ::1 - - [01/Jun/2022:04:55:26 +0000] "PUT /api/v1/notes/isArchieved/6296ee0aadbdb225148e070a HTTP/1.1" 404 47 "-" "PostmanRuntime/7.29.0"

info: ::1 - - [01/Jun/2022:04:55:34 +0000] "PUT /api/v1/notes/isArchived/6296ee0aadbdb225148e070a HTTP/1.1" 202 327 "-" "PostmanRuntime/7.29.0"

info: ::1 - - [01/Jun/2022:04:55:45 +0000] "PUT /api/v1/notes/isArchived/6296ee0aadbdb225148e070a HTTP/1.1" 202 326 "-" "PostmanRuntime/7.29.0"

info: ::1 - - [01/Jun/2022:04:55:54 +0000] "PUT /api/v1/notes/isArchived/6296ee0aadbdb225148e070a HTTP/1.1" 202 327 "-" "PostmanRuntime/7.29.0"

info: ::1 - - [01/Jun/2022:04:57:11 +0000] "PUT /api/v1/notes/isArchived/6296ee0aadbdb225148e070a HTTP/1.1" 202 326 "-" "PostmanRuntime/7.29.0"

info: ::1 - - [01/Jun/2022:04:57:24 +0000] "PUT /api/v1/notes/isArchived/6296ee0aadbdb225148e070a HTTP/1.1" 202 327 "-" "PostmanRuntime/7.29.0"

info: ::1 - - [01/Jun/2022:04:57:27 +0000] "PUT /api/v1/notes/isArchived/6296ee0aadbdb225148e070a HTTP/1.1" 202 326 "-" "PostmanRuntime/7.29.0"

info: ::1 - - [01/Jun/2022:04:57:46 +0000] "PUT /api/v1/notes/isDeleted/6296ee0aadbdb225148e070a HTTP/1.1" 202 333 "-" "PostmanRuntime/7.29.0"

info: ::1 - - [01/Jun/2022:04:57:50 +0000] "PUT /api/v1/notes/isDeleted/6296ee0aadbdb225148e070a HTTP/1.1" 202 332 "-" "PostmanRuntime/7.29.0"

info: ::1 - - [01/Jun/2022:04:57:52 +0000] "PUT /api/v1/notes/isDeleted/6296ee0aadbdb225148e070a HTTP/1.1" 202 333 "-" "PostmanRuntime/7.29.0"

info: ::1 - - [01/Jun/2022:04:57:54 +0000] "PUT /api/v1/notes/isDeleted/6296ee0aadbdb225148e070a HTTP/1.1" 202 332 "-" "PostmanRuntime/7.29.0"

