info: ::1 - - [31/May/2022:01:26:37 +0000] "POST /api/v1/users/login HTTP/1.1" 200 269 "-" "PostmanRuntime/7.29.0"

info: ::1 - - [31/May/2022:01:30:51 +0000] "POST /api/v1/users/notes HTTP/1.1" 404 47 "-" "PostmanRuntime/7.29.0"

info: ::1 - - [31/May/2022:01:31:08 +0000] "POST /api/v1/notes HTTP/1.1" 201 319 "-" "PostmanRuntime/7.29.0"

info: ::1 - - [31/May/2022:02:21:37 +0000] "GET /api/v1/notes/62956fdc075c272174a262fb HTTP/1.1" 200 320 "-" "PostmanRuntime/7.29.0"

info: ::1 - - [31/May/2022:02:22:39 +0000] "GET /api/v1/notes/62956fdc075c272174a262fb HTTP/1.1" 200 320 "-" "PostmanRuntime/7.29.0"

info: ::1 - - [31/May/2022:02:52:04 +0000] "GET /api/v1/notes/ HTTP/1.1" 500 61 "-" "PostmanRuntime/7.29.0"

info: ::1 - - [31/May/2022:02:53:06 +0000] "GET /api/v1/notes/ HTTP/1.1" 200 966 "-" "PostmanRuntime/7.29.0"

info: ::1 - - [31/May/2022:03:13:33 +0000] "GET /api/v1/users/signup HTTP/1.1" 404 47 "-" "PostmanRuntime/7.29.0"

info: ::1 - - [31/May/2022:03:13:45 +0000] "POST /api/v1/users/signup HTTP/1.1" 400 67 "-" "PostmanRuntime/7.29.0"

info: ::1 - - [31/May/2022:03:13:55 +0000] "POST /api/v1/users/login HTTP/1.1" 200 272 "-" "PostmanRuntime/7.29.0"

info: ::1 - - [31/May/2022:03:15:07 +0000] "GET /api/v1/notes HTTP/1.1" 200 966 "-" "PostmanRuntime/7.29.0"

info: ::1 - - [31/May/2022:03:23:18 +0000] "GET /api/v1/notes HTTP/1.1" 500 56 "-" "PostmanRuntime/7.29.0"

info: ::1 - - [31/May/2022:03:24:10 +0000] "GET /api/v1/notes HTTP/1.1" 200 966 "-" "PostmanRuntime/7.29.0"

info: ::1 - - [31/May/2022:03:38:08 +0000] "POST /api/v1/notes HTTP/1.1" 201 277 "-" "PostmanRuntime/7.29.0"

info: ::1 - - [31/May/2022:03:40:45 +0000] "POST /api/v1/notes HTTP/1.1" 201 277 "-" "PostmanRuntime/7.29.0"

info: ::1 - - [31/May/2022:03:45:02 +0000] "POST /api/v1/notes HTTP/1.1" 400 63 "-" "PostmanRuntime/7.29.0"

info: ::1 - - [31/May/2022:03:45:12 +0000] "GET /api/v1/notes HTTP/1.1" 500 155 "-" "PostmanRuntime/7.29.0"

info: ::1 - - [31/May/2022:03:47:42 +0000] "GET /api/v1/notes HTTP/1.1" 200 506 "-" "PostmanRuntime/7.29.0"

info: ::1 - - [31/May/2022:04:23:39 +0000] "POST /api/v1/notes HTTP/1.1" 201 327 "-" "PostmanRuntime/7.29.0"

info: ::1 - - [31/May/2022:04:24:50 +0000] "POST /api/v1/notes HTTP/1.1" 400 64 "-" "PostmanRuntime/7.29.0"

info: ::1 - - [31/May/2022:04:28:19 +0000] "GET /api/v1/notes/6295984b783f071bd883bb10 HTTP/1.1" 200 328 "-" "PostmanRuntime/7.29.0"

info: ::1 - - [31/May/2022:04:31:58 +0000] "GET /api/v1/notes/6295984b783f071bd883bb10 HTTP/1.1" 200 328 "-" "PostmanRuntime/7.29.0"

info: ::1 - - [31/May/2022:04:32:02 +0000] "GET /api/v1/notes/6295984b783f071bd883bb10 HTTP/1.1" 200 328 "-" "PostmanRuntime/7.29.0"

info: ::1 - - [31/May/2022:04:32:11 +0000] "GET /api/v1/notes/62958e3dda7ea92424d87b94 HTTP/1.1" 200 278 "-" "PostmanRuntime/7.29.0"

info: ::1 - - [31/May/2022:04:33:10 +0000] "GET /api/v1/notes/62958e3dda7ea92424d87b94 HTTP/1.1" 200 278 "-" "PostmanRuntime/7.29.0"

info: ::1 - - [31/May/2022:06:01:10 +0000] "POST /api/v1/notes/ HTTP/1.1" 201 321 "-" "PostmanRuntime/7.29.0"

info: ::1 - - [31/May/2022:06:03:21 +0000] "POST /api/v1/notes/ HTTP/1.1" 201 352 "-" "PostmanRuntime/7.29.0"

info: ::1 - - [31/May/2022:06:06:21 +0000] "POST /api/v1/login HTTP/1.1" 404 47 "-" "PostmanRuntime/7.29.0"

info: ::1 - - [31/May/2022:06:06:48 +0000] "POST /api/v1/login HTTP/1.1" 404 47 "-" "PostmanRuntime/7.29.0"

info: ::1 - - [31/May/2022:06:07:14 +0000] "POST /api/v1/users/login HTTP/1.1" 200 269 "-" "PostmanRuntime/7.29.0"

info: ::1 - - [31/May/2022:06:09:48 +0000] "POST /api/v1/notes HTTP/1.1" 201 310 "-" "PostmanRuntime/7.29.0"

info: ::1 - - [31/May/2022:06:10:10 +0000] "GET /api/v1/notes HTTP/1.1" 500 51 "-" "PostmanRuntime/7.29.0"

info: ::1 - - [31/May/2022:06:11:05 +0000] "GET /api/v1/notes HTTP/1.1" 200 318 "-" "PostmanRuntime/7.29.0"

info: ::1 - - [31/May/2022:06:12:26 +0000] "POST /api/v1/notes HTTP/1.1" 201 349 "-" "PostmanRuntime/7.29.0"

info: ::1 - - [31/May/2022:06:12:37 +0000] "GET /api/v1/notes HTTP/1.1" 200 611 "-" "PostmanRuntime/7.29.0"

info: ::1 - - [31/May/2022:06:12:57 +0000] "GET /api/v1/notes/6295b12cec44bb25d8f4c89e HTTP/1.1" 200 311 "-" "PostmanRuntime/7.29.0"

info: ::1 - - [31/May/2022:06:15:24 +0000] "POST /api/v1/notes HTTP/1.1" 201 433 "-" "PostmanRuntime/7.29.0"

info: ::1 - - [31/May/2022:06:16:14 +0000] "POST /api/v1/notes HTTP/1.1" 201 280 "-" "PostmanRuntime/7.29.0"

info: ::1 - - [31/May/2022:06:16:38 +0000] "GET /api/v1/notes/6295b2aee3ca8022fcecba63 HTTP/1.1" 200 281 "-" "PostmanRuntime/7.29.0"

info: ::1 - - [31/May/2022:06:18:52 +0000] "PUT /api/v1/notes/6295b2aee3ca8022fcecba63 HTTP/1.1" 500 54 "-" "PostmanRuntime/7.29.0"

info: ::1 - - [31/May/2022:06:19:56 +0000] "PUT /api/v1/notes/6295b2aee3ca8022fcecba63 HTTP/1.1" 500 54 "-" "PostmanRuntime/7.29.0"

info: ::1 - - [31/May/2022:06:20:50 +0000] "PUT /api/v1/notes/6295b2aee3ca8022fcecba63 HTTP/1.1" 202 323 "-" "PostmanRuntime/7.29.0"

info: ::1 - - [31/May/2022:06:21:48 +0000] "DELETE /api/v1/notes/6295b2aee3ca8022fcecba63 HTTP/1.1" 200 50 "-" "PostmanRuntime/7.29.0"

info: ::1 - - [31/May/2022:06:21:55 +0000] "GET /api/v1/notes/6295b2aee3ca8022fcecba63 HTTP/1.1" 200 62 "-" "PostmanRuntime/7.29.0"

