info: Server started at http://localhost:3000/api/v1/ {"timestamp":"2022-06-03T02:48:10.517Z"}
info: Connected to the database. {"timestamp":"2022-06-03T02:48:10.714Z"}
error: Invalid login: 535-5.7.8 Username and Password not accepted. Learn more at
535 5.7.8  https://support.google.com/mail/?p=BadCredentials 38-20020a631566000000b003db8bc8db64sm3994108pgv.35 - gsmtp {"code":"EAUTH","command":"AUTH PLAIN","response":"535-5.7.8 Username and Password not accepted. Learn more at\n535 5.7.8  https://support.google.com/mail/?p=BadCredentials 38-20020a631566000000b003db8bc8db64sm3994108pgv.35 - gsmtp","responseCode":535,"timestamp":"2022-06-03T02:50:11.693Z"}
info: Server started at http://localhost:3000/api/v1/ {"timestamp":"2022-06-03T03:06:25.594Z"}
info: Connected to the database. {"timestamp":"2022-06-03T03:06:25.722Z"}
error: No recipients defined {"code":"EENVELOPE","command":"API","timestamp":"2022-06-03T03:06:34.538Z"}
error: No recipients defined {"code":"EENVELOPE","command":"API","timestamp":"2022-06-03T03:15:54.389Z"}
info: Server started at http://localhost:3000/api/v1/ {"timestamp":"2022-06-03T03:16:25.416Z"}
info: Connected to the database. {"timestamp":"2022-06-03T03:16:25.507Z"}
error: No recipients defined {"code":"EENVELOPE","command":"API","timestamp":"2022-06-03T03:16:35.502Z"}
info: Server started at http://localhost:3000/api/v1/ {"timestamp":"2022-06-03T03:19:18.057Z"}
info: Connected to the database. {"timestamp":"2022-06-03T03:19:18.148Z"}
info: undefined {"accepted":["kalir888@gmail.com"],"envelope":{"from":"emailsample068@gmail.com","to":["kalir888@gmail.com"]},"envelopeTime":1326,"messageId":"<0a755b39-a88d-af69-e4a6-4b60f1da08cf@gmail.com>","messageSize":666,"messageTime":1140,"rejected":[],"response":"250 2.0.0 OK  1654226155 y129-20020a636487000000b003faf4acac63sm4021691pgb.13 - gsmtp","timestamp":"2022-06-03T03:19:31.812Z"}
info: Server started at http://localhost:3000/api/v1/ {"timestamp":"2022-06-03T03:23:27.201Z"}
info: Connected to the database. {"timestamp":"2022-06-03T03:23:27.290Z"}
info: Server started at http://localhost:3000/api/v1/ {"timestamp":"2022-06-03T03:23:47.334Z"}
info: Connected to the database. {"timestamp":"2022-06-03T03:23:47.428Z"}
info: Server started at http://localhost:3000/api/v1/ {"timestamp":"2022-06-03T03:24:16.954Z"}
info: Connected to the database. {"timestamp":"2022-06-03T03:24:17.061Z"}
info: Server started at http://localhost:3000/api/v1/ {"timestamp":"2022-06-03T03:25:53.012Z"}
info: Connected to the database. {"timestamp":"2022-06-03T03:25:53.119Z"}
info: Server started at http://localhost:3000/api/v1/ {"timestamp":"2022-06-03T03:27:10.524Z"}
info: Connected to the database. {"timestamp":"2022-06-03T03:27:10.625Z"}
info: undefined {"accepted":["kalir888@gmail.com"],"envelope":{"from":"emailsample068@gmail.com","to":["kalir888@gmail.com"]},"envelopeTime":960,"messageId":"<de530e29-f031-d5b1-465d-8e3decd39569@gmail.com>","messageSize":685,"messageTime":881,"rejected":[],"response":"250 2.0.0 OK  1654226655 m11-20020a62f20b000000b0050dc76281fasm4233814pfh.212 - gsmtp","timestamp":"2022-06-03T03:27:51.463Z"}
error: 
      status - 400
      message - Authorization token is required 
      url - /api/v1/notes 
      method - GET 
      IP - ::1
     {"timestamp":"2022-06-03T03:46:23.581Z"}
info: Server started at http://localhost:3000/api/v1/ {"timestamp":"2022-06-03T06:52:14.471Z"}
info: Connected to the database. {"timestamp":"2022-06-03T06:52:14.658Z"}
info: Server started at http://localhost:3000/api/v1/ {"timestamp":"2022-06-03T06:52:34.619Z"}
info: Connected to the database. {"timestamp":"2022-06-03T06:52:34.680Z"}
info: Server started at http://localhost:3000/api/v1/ {"timestamp":"2022-06-03T07:06:58.544Z"}
info: Connected to the database. {"timestamp":"2022-06-03T07:06:58.902Z"}
info: Server started at http://localhost:3000/api/v1/ {"timestamp":"2022-06-03T07:46:35.421Z"}
info: Connected to the database. {"timestamp":"2022-06-03T07:46:35.805Z"}
info: Server started at http://localhost:3000/api/v1/ {"timestamp":"2022-06-03T07:50:42.052Z"}
info: Connected to the database. {"timestamp":"2022-06-03T07:50:42.230Z"}
info: Server started at http://localhost:3000/api/v1/ {"timestamp":"2022-06-03T07:56:25.185Z"}
info: Connected to the database. {"timestamp":"2022-06-03T07:56:25.387Z"}
info: Server started at http://localhost:3000/api/v1/ {"timestamp":"2022-06-03T07:56:48.554Z"}
info: Connected to the database. {"timestamp":"2022-06-03T07:56:48.718Z"}
info: Server started at http://localhost:3000/api/v1/ {"timestamp":"2022-06-03T07:57:27.240Z"}
info: Connected to the database. {"timestamp":"2022-06-03T07:57:27.354Z"}
info: Server started at http://localhost:3000/api/v1/ {"timestamp":"2022-06-03T07:58:05.098Z"}
info: Connected to the database. {"timestamp":"2022-06-03T07:58:05.209Z"}
info: Server started at http://localhost:3000/api/v1/ {"timestamp":"2022-06-03T07:59:23.523Z"}
info: Connected to the database. {"timestamp":"2022-06-03T07:59:23.690Z"}
info: Server started at http://localhost:3000/api/v1/ {"timestamp":"2022-06-03T07:59:51.673Z"}
info: Connected to the database. {"timestamp":"2022-06-03T07:59:51.827Z"}
info: Server started at http://localhost:3000/api/v1/ {"timestamp":"2022-06-03T08:00:27.940Z"}
info: Connected to the database. {"timestamp":"2022-06-03T08:00:28.074Z"}
info: Server started at http://localhost:3000/api/v1/ {"timestamp":"2022-06-03T08:00:43.317Z"}
info: Connected to the database. {"timestamp":"2022-06-03T08:00:43.480Z"}
info: Server started at http://localhost:3000/api/v1/ {"timestamp":"2022-06-03T08:01:18.187Z"}
info: Connected to the database. {"timestamp":"2022-06-03T08:01:18.323Z"}
info: Server started at http://localhost:3000/api/v1/ {"timestamp":"2022-06-03T08:02:44.947Z"}
info: Connected to the database. {"timestamp":"2022-06-03T08:02:45.085Z"}
info: Server started at http://localhost:3000/api/v1/ {"timestamp":"2022-06-03T08:06:34.421Z"}
info: Connected to the database. {"timestamp":"2022-06-03T08:06:34.568Z"}
info: Server started at http://localhost:3000/api/v1/ {"timestamp":"2022-06-03T08:08:24.939Z"}
info: Connected to the database. {"timestamp":"2022-06-03T08:08:25.081Z"}
info: Connected to the database. {"timestamp":"2022-06-03T08:09:09.921Z"}
info: Server started at http://localhost:3000/api/v1/ {"timestamp":"2022-06-03T08:10:26.812Z"}
info: Connected to the database. {"timestamp":"2022-06-03T08:10:27.029Z"}
info: Connected to the database. {"timestamp":"2022-06-03T08:10:27.328Z"}
info: Server started at http://localhost:3000/api/v1/ {"timestamp":"2022-06-03T09:50:57.795Z"}
info: Connected to the database. {"timestamp":"2022-06-03T09:50:58.031Z"}
info: Connected to the database. {"timestamp":"2022-06-03T09:51:38.176Z"}
info: Connected to the database. {"timestamp":"2022-06-03T09:52:40.107Z"}
info: Connected to the database. {"timestamp":"2022-06-03T09:56:03.175Z"}
info: Server started at http://localhost:3000/api/v1/ {"timestamp":"2022-06-03T10:04:28.203Z"}
info: Connected to the database. {"timestamp":"2022-06-03T10:04:28.371Z"}
info: Server started at http://localhost:3000/api/v1/ {"timestamp":"2022-06-03T10:10:25.242Z"}
info: Connected to the database. {"timestamp":"2022-06-03T10:10:25.399Z"}
info: Server started at http://localhost:3000/api/v1/ {"timestamp":"2022-06-03T10:10:42.681Z"}
info: Connected to the database. {"timestamp":"2022-06-03T10:10:42.882Z"}
info: Server started at http://localhost:3000/api/v1/ {"timestamp":"2022-06-03T10:16:26.160Z"}
info: Connected to the database. {"timestamp":"2022-06-03T10:16:26.301Z"}
info: Server started at http://localhost:3000/api/v1/ {"timestamp":"2022-06-03T15:44:40.982Z"}
info: Connected to the database. {"timestamp":"2022-06-03T15:44:41.170Z"}
info: Server started at http://localhost:3000/api/v1/ {"timestamp":"2022-06-03T15:47:50.015Z"}
info: Connected to the database. {"timestamp":"2022-06-03T15:47:50.177Z"}
info: Server started at http://localhost:3000/api/v1/ {"timestamp":"2022-06-03T15:49:32.156Z"}
info: Connected to the database. {"timestamp":"2022-06-03T15:49:32.306Z"}
info: Server started at http://localhost:3000/api/v1/ {"timestamp":"2022-06-03T15:50:19.638Z"}
info: Connected to the database. {"timestamp":"2022-06-03T15:50:19.802Z"}
info: Server started at http://localhost:3000/api/v1/ {"timestamp":"2022-06-03T15:50:28.821Z"}
info: Connected to the database. {"timestamp":"2022-06-03T15:50:28.935Z"}
info: Server started at http://localhost:3000/api/v1/ {"timestamp":"2022-06-03T15:50:39.601Z"}
info: Connected to the database. {"timestamp":"2022-06-03T15:50:39.780Z"}
info: Server started at http://localhost:3000/api/v1/ {"timestamp":"2022-06-03T15:53:21.523Z"}
info: Connected to the database. {"timestamp":"2022-06-03T15:53:21.698Z"}
info: Server started at http://localhost:3000/api/v1/ {"timestamp":"2022-06-03T15:59:21.807Z"}
info: Connected to the database. {"timestamp":"2022-06-03T15:59:21.942Z"}
info: Server started at http://localhost:3000/api/v1/ {"timestamp":"2022-06-03T16:01:42.458Z"}
info: Connected to the database. {"timestamp":"2022-06-03T16:01:42.574Z"}
info: Server started at http://localhost:3000/api/v1/ {"timestamp":"2022-06-03T16:02:46.198Z"}
info: Connected to the database. {"timestamp":"2022-06-03T16:02:46.320Z"}
info: Server started at http://localhost:3000/api/v1/ {"timestamp":"2022-06-03T16:03:30.651Z"}
info: Connected to the database. {"timestamp":"2022-06-03T16:03:30.806Z"}
info: Server started at http://localhost:3000/api/v1/ {"timestamp":"2022-06-03T16:03:47.802Z"}
info: Connected to the database. {"timestamp":"2022-06-03T16:03:47.943Z"}
info: Server started at http://localhost:3000/api/v1/ {"timestamp":"2022-06-03T16:27:14.961Z"}
info: Connected to the database. {"timestamp":"2022-06-03T16:27:15.121Z"}
info: Server started at http://localhost:3000/api/v1/ {"timestamp":"2022-06-03T16:27:38.179Z"}
info: Connected to the database. {"timestamp":"2022-06-03T16:27:38.347Z"}
info: Server started at http://localhost:3000/api/v1/ {"timestamp":"2022-06-03T16:28:25.015Z"}
info: Connected to the database. {"timestamp":"2022-06-03T16:28:25.158Z"}
info: Server started at http://localhost:3000/api/v1/ {"timestamp":"2022-06-03T16:31:23.051Z"}
info: Connected to the database. {"timestamp":"2022-06-03T16:31:23.243Z"}
info: Server started at http://localhost:3000/api/v1/ {"timestamp":"2022-06-03T16:31:46.406Z"}
info: Connected to the database. {"timestamp":"2022-06-03T16:31:46.590Z"}
info: Server started at http://localhost:3000/api/v1/ {"timestamp":"2022-06-03T16:32:14.405Z"}
info: Connected to the database. {"timestamp":"2022-06-03T16:32:14.593Z"}
info: Server started at http://localhost:3000/api/v1/ {"timestamp":"2022-06-03T16:32:27.480Z"}
info: Connected to the database. {"timestamp":"2022-06-03T16:32:27.598Z"}
info: Server started at http://localhost:3000/api/v1/ {"timestamp":"2022-06-03T16:32:56.640Z"}
info: Connected to the database. {"timestamp":"2022-06-03T16:32:56.747Z"}
info: Server started at http://localhost:3000/api/v1/ {"timestamp":"2022-06-03T16:33:27.752Z"}
info: Connected to the database. {"timestamp":"2022-06-03T16:33:27.920Z"}
info: Server started at http://localhost:3000/api/v1/ {"timestamp":"2022-06-03T16:35:05.239Z"}
info: Connected to the database. {"timestamp":"2022-06-03T16:35:05.425Z"}
info: Server started at http://localhost:3000/api/v1/ {"timestamp":"2022-06-03T16:35:30.931Z"}
info: Connected to the database. {"timestamp":"2022-06-03T16:35:31.129Z"}
info: Server started at http://localhost:3000/api/v1/ {"timestamp":"2022-06-03T16:36:03.269Z"}
info: Connected to the database. {"timestamp":"2022-06-03T16:36:03.428Z"}
info: Server started at http://localhost:3000/api/v1/ {"timestamp":"2022-06-03T16:36:20.462Z"}
info: Connected to the database. {"timestamp":"2022-06-03T16:36:20.616Z"}
info: Server started at http://localhost:3000/api/v1/ {"timestamp":"2022-06-03T16:37:55.684Z"}
info: Connected to the database. {"timestamp":"2022-06-03T16:37:55.836Z"}
info: Server started at http://localhost:3000/api/v1/ {"timestamp":"2022-06-03T16:44:34.483Z"}
info: Connected to the database. {"timestamp":"2022-06-03T16:44:34.642Z"}
info: Server started at http://localhost:3000/api/v1/ {"timestamp":"2022-06-03T17:11:18.267Z"}
info: Connected to the database. {"timestamp":"2022-06-03T17:11:18.423Z"}
info: Server started at http://localhost:3000/api/v1/ {"timestamp":"2022-06-03T17:11:58.268Z"}
info: Connected to the database. {"timestamp":"2022-06-03T17:11:58.461Z"}
info: Server started at http://localhost:3000/api/v1/ {"timestamp":"2022-06-03T17:12:18.263Z"}
info: Connected to the database. {"timestamp":"2022-06-03T17:12:18.464Z"}
info: Server started at http://localhost:3000/api/v1/ {"timestamp":"2022-06-03T17:12:49.200Z"}
info: Connected to the database. {"timestamp":"2022-06-03T17:12:49.360Z"}
info: Server started at http://localhost:3000/api/v1/ {"timestamp":"2022-06-03T17:13:20.059Z"}
info: Connected to the database. {"timestamp":"2022-06-03T17:13:20.154Z"}
info: Server started at http://localhost:3000/api/v1/ {"timestamp":"2022-06-03T17:13:55.696Z"}
info: Connected to the database. {"timestamp":"2022-06-03T17:13:55.952Z"}
info: Server started at http://localhost:3000/api/v1/ {"timestamp":"2022-06-03T17:33:47.934Z"}
info: Connected to the database. {"timestamp":"2022-06-03T17:33:48.215Z"}
info: Server started at http://localhost:3000/api/v1/ {"timestamp":"2022-06-03T17:34:32.312Z"}
info: Connected to the database. {"timestamp":"2022-06-03T17:34:32.474Z"}
info: Server started at http://localhost:3000/api/v1/ {"timestamp":"2022-06-03T17:37:10.264Z"}
info: Connected to the database. {"timestamp":"2022-06-03T17:37:10.484Z"}
info: Server started at http://localhost:3000/api/v1/ {"timestamp":"2022-06-03T17:37:51.698Z"}
info: Connected to the database. {"timestamp":"2022-06-03T17:37:51.868Z"}
info: Server started at http://localhost:3000/api/v1/ {"timestamp":"2022-06-03T17:38:23.752Z"}
info: Connected to the database. {"timestamp":"2022-06-03T17:38:23.949Z"}
info: Server started at http://localhost:3000/api/v1/ {"timestamp":"2022-06-03T17:39:01.746Z"}
info: Connected to the database. {"timestamp":"2022-06-03T17:39:01.924Z"}
info: Server started at http://localhost:3000/api/v1/ {"timestamp":"2022-06-03T17:39:14.674Z"}
info: Connected to the database. {"timestamp":"2022-06-03T17:39:14.823Z"}
info: Server started at http://localhost:3000/api/v1/ {"timestamp":"2022-06-03T17:40:13.681Z"}
info: Connected to the database. {"timestamp":"2022-06-03T17:40:13.832Z"}
info: Server started at http://localhost:3000/api/v1/ {"timestamp":"2022-06-03T17:40:50.865Z"}
info: Connected to the database. {"timestamp":"2022-06-03T17:40:51.034Z"}
info: Server started at http://localhost:3000/api/v1/ {"timestamp":"2022-06-03T17:41:17.934Z"}
info: Connected to the database. {"timestamp":"2022-06-03T17:41:18.053Z"}
info: Server started at http://localhost:3000/api/v1/ {"timestamp":"2022-06-03T17:41:40.200Z"}
info: Connected to the database. {"timestamp":"2022-06-03T17:41:40.353Z"}
info: Server started at http://localhost:3000/api/v1/ {"timestamp":"2022-06-03T17:42:07.681Z"}
info: Connected to the database. {"timestamp":"2022-06-03T17:42:07.828Z"}
info: Server started at http://localhost:3000/api/v1/ {"timestamp":"2022-06-03T17:42:34.305Z"}
info: Connected to the database. {"timestamp":"2022-06-03T17:42:34.418Z"}
