info: Server started at http://localhost:3000/api/v1/ {"timestamp":"2022-06-06T03:25:43.198Z"}
info: Connected to the database. {"timestamp":"2022-06-06T03:25:43.347Z"}
info: Server started at http://localhost:3000/api/v1/ {"timestamp":"2022-06-06T04:06:21.096Z"}
info: Connected to the database. {"timestamp":"2022-06-06T04:06:21.480Z"}
info: Server started at http://localhost:3000/api/v1/ {"timestamp":"2022-06-06T04:07:00.648Z"}
info: Connected to the database. {"timestamp":"2022-06-06T04:07:00.852Z"}
info: Server started at http://localhost:3000/api/v1/ {"timestamp":"2022-06-06T04:07:54.851Z"}
info: Connected to the database. {"timestamp":"2022-06-06T04:07:54.960Z"}
info: Server started at http://localhost:3000/api/v1/ {"timestamp":"2022-06-06T04:08:25.272Z"}
info: Connected to the database. {"timestamp":"2022-06-06T04:08:25.439Z"}
info: Server started at http://localhost:3000/api/v1/ {"timestamp":"2022-06-06T04:09:08.633Z"}
info: Server started at http://localhost:3000/api/v1/ {"timestamp":"2022-06-06T04:10:32.889Z"}
info: Server started at http://localhost:3000/api/v1/ {"timestamp":"2022-06-06T04:12:20.098Z"}
info: Server started at http://localhost:3000/api/v1/ {"timestamp":"2022-06-06T04:15:04.441Z"}
info: Connected to the database. {"timestamp":"2022-06-06T04:15:07.649Z"}
info: Server started at http://localhost:3000/api/v1/ {"timestamp":"2022-06-06T08:23:33.908Z"}
info: Connected to the database. {"timestamp":"2022-06-06T08:23:42.600Z"}
info: Server started at http://localhost:3000/api/v1/ {"timestamp":"2022-06-06T08:26:14.586Z"}
info: Connected to the database. {"timestamp":"2022-06-06T08:26:23.085Z"}
error: 
    status - 500 
    message - Error: User does not exist
    at _callee2$ (C:\Users\user\Desktop\FundooNotes\FundooNotes\src\services\/user.service.js:20:11)
    at tryCatch (C:\Users\user\Desktop\FundooNotes\FundooNotes\node_modules\@babel\runtime\helpers\regeneratorRuntime.js:86:17)
    at Generator._invoke (C:\Users\user\Desktop\FundooNotes\FundooNotes\node_modules\@babel\runtime\helpers\regeneratorRuntime.js:66:24)
    at Generator.next (C:\Users\user\Desktop\FundooNotes\FundooNotes\node_modules\@babel\runtime\helpers\regeneratorRuntime.js:117:21)
    at asyncGeneratorStep (C:\Users\user\Desktop\FundooNotes\FundooNotes\node_modules\@babel\runtime\helpers\asyncToGenerator.js:3:24)
    at _next (C:\Users\user\Desktop\FundooNotes\FundooNotes\node_modules\@babel\runtime\helpers\asyncToGenerator.js:25:9)
    at processTicksAndRejections (node:internal/process/task_queues:96:5) 
    url - /api/v1/users/login 
    method - POST 
    IP - ::ffff:127.0.0.1
   {"timestamp":"2022-06-06T08:26:24.055Z"}
info: Server started at http://localhost:3000/api/v1/ {"timestamp":"2022-06-06T08:36:43.746Z"}
info: Connected to the database. {"timestamp":"2022-06-06T08:36:54.067Z"}
info: Server started at http://localhost:3000/api/v1/ {"timestamp":"2022-06-06T08:38:39.773Z"}
info: Connected to the database. {"timestamp":"2022-06-06T08:38:48.121Z"}
info: Server started at http://localhost:3000/api/v1/ {"timestamp":"2022-06-06T08:52:46.200Z"}
info: Connected to the database. {"timestamp":"2022-06-06T08:52:55.379Z"}
info: Server started at http://localhost:3000/api/v1/ {"timestamp":"2022-06-06T08:56:13.519Z"}
info: Connected to the database. {"timestamp":"2022-06-06T08:56:21.969Z"}
info: Server started at http://localhost:3000/api/v1/ {"timestamp":"2022-06-06T14:56:51.979Z"}
info: Connected to the database. {"timestamp":"2022-06-06T14:57:00.356Z"}
info: Server started at http://localhost:3000/api/v1/ {"timestamp":"2022-06-06T15:01:22.160Z"}
info: Connected to the database. {"timestamp":"2022-06-06T15:01:30.456Z"}
info: Server started at http://localhost:3000/api/v1/ {"timestamp":"2022-06-06T15:17:11.351Z"}
info: Server started at http://localhost:3000/api/v1/ {"timestamp":"2022-06-06T15:24:22.426Z"}
info: Server started at http://localhost:3000/api/v1/ {"timestamp":"2022-06-06T15:25:45.878Z"}
info: Server started at http://localhost:3000/api/v1/ {"timestamp":"2022-06-06T15:28:35.476Z"}
info: Server started at http://localhost:3000/api/v1/ {"timestamp":"2022-06-06T15:52:07.202Z"}
info: Server started at http://localhost:3000/api/v1/ {"timestamp":"2022-06-06T15:56:59.691Z"}
info: Connected to the database. {"timestamp":"2022-06-06T15:57:08.655Z"}
