info: Server started at http://localhost:3000/api/v1/ {"timestamp":"2022-05-26T04:41:35.532Z"}
info: Connected to the database. {"timestamp":"2022-05-26T04:41:42.071Z"}
info: Server started at http://localhost:3000/api/v1/ {"timestamp":"2022-05-26T05:13:17.321Z"}
info: Connected to the database. {"timestamp":"2022-05-26T05:13:17.476Z"}
info: Server started at http://localhost:3000/api/v1/ {"timestamp":"2022-05-26T06:57:11.653Z"}
info: Connected to the database. {"timestamp":"2022-05-26T06:57:11.843Z"}
info: Server started at http://localhost:3000/api/v1/ {"timestamp":"2022-05-26T07:03:36.900Z"}
info: Connected to the database. {"timestamp":"2022-05-26T07:03:37.077Z"}
error: 
    status - 500 
    message - SyntaxError: Unexpected token { in JSON at position 7
    at JSON.parse (<anonymous>)
    at parse (C:\Users\user\Desktop\FundooNotes\FundooNotes\node_modules\body-parser\lib\types\json.js:89:19)
    at C:\Users\user\Desktop\FundooNotes\FundooNotes\node_modules\body-parser\lib\read.js:128:18
    at AsyncResource.runInAsyncScope (node:async_hooks:202:9)
    at invokeCallback (C:\Users\user\Desktop\FundooNotes\FundooNotes\node_modules\raw-body\index.js:231:16)
    at done (C:\Users\user\Desktop\FundooNotes\FundooNotes\node_modules\raw-body\index.js:220:7)
    at IncomingMessage.onEnd (C:\Users\user\Desktop\FundooNotes\FundooNotes\node_modules\raw-body\index.js:280:7)
    at IncomingMessage.emit (node:events:539:35)
    at IncomingMessage.emit (node:domain:475:12)
    at endReadableNT (node:internal/streams/readable:1345:12)
    at processTicksAndRejections (node:internal/process/task_queues:83:21) 
    url - /api/v1/users/signup 
    method - POST 
    IP - ::1
   {"timestamp":"2022-05-26T07:10:03.254Z"}
info: Server started at http://localhost:3000/api/v1/ {"timestamp":"2022-05-26T07:17:07.649Z"}
info: Connected to the database. {"timestamp":"2022-05-26T07:17:07.887Z"}
info: Server started at http://localhost:3000/api/v1/ {"timestamp":"2022-05-26T08:49:28.146Z"}
info: Connected to the database. {"timestamp":"2022-05-26T08:49:28.649Z"}
info: Server started at http://localhost:3000/api/v1/ {"timestamp":"2022-05-26T08:57:58.622Z"}
info: Connected to the database. {"timestamp":"2022-05-26T08:57:58.762Z"}
info: Connected to the database. {"timestamp":"2022-05-26T08:57:59.409Z"}
info: Server started at http://localhost:3000/api/v1/ {"timestamp":"2022-05-26T08:59:05.242Z"}
info: Connected to the database. {"timestamp":"2022-05-26T08:59:05.394Z"}
info: Server started at http://localhost:3000/api/v1/ {"timestamp":"2022-05-26T09:18:53.652Z"}
info: Connected to the database. {"timestamp":"2022-05-26T09:18:53.811Z"}
