info: Server started at http://localhost:3000/api/v1/ {"timestamp":"2022-06-04T02:44:24.752Z"}
info: Connected to the database. {"timestamp":"2022-06-04T02:44:25.228Z"}
error: 
      status - 400
      message - Authorization token is required 
      url - /api/v1/notes 
      method - GET 
      IP - ::1
     {"timestamp":"2022-06-04T02:49:51.134Z"}
error: 
      status - 400
      message - Authorization token is required 
      url - /api/v1/notes 
      method - GET 
      IP - ::1
     {"timestamp":"2022-06-04T02:50:30.647Z"}
info: Server started at http://localhost:3000/api/v1/ {"timestamp":"2022-06-04T02:58:04.441Z"}
info: Connected to the database. {"timestamp":"2022-06-04T02:58:04.970Z"}
info: Server started at http://localhost:3000/api/v1/ {"timestamp":"2022-06-04T03:01:57.433Z"}
info: Connected to the database. {"timestamp":"2022-06-04T03:01:57.729Z"}
info: Server started at http://localhost:3000/api/v1/ {"timestamp":"2022-06-04T03:02:21.209Z"}
info: Connected to the database. {"timestamp":"2022-06-04T03:02:21.454Z"}
info: Server started at http://localhost:3000/api/v1/ {"timestamp":"2022-06-04T03:12:14.100Z"}
info: Connected to the database. {"timestamp":"2022-06-04T03:12:14.712Z"}
info: Server started at http://localhost:3000/api/v1/ {"timestamp":"2022-06-04T03:16:41.773Z"}
info: Connected to the database. {"timestamp":"2022-06-04T03:16:42.527Z"}
info: Connected to the database. {"timestamp":"2022-06-04T03:18:18.393Z"}
info: Connected to the database. {"timestamp":"2022-06-04T03:21:38.483Z"}
info: Connected to the database. {"timestamp":"2022-06-04T03:23:27.086Z"}
info: Server started at http://localhost:3000/api/v1/ {"timestamp":"2022-06-04T03:25:28.665Z"}
info: Connected to the database. {"timestamp":"2022-06-04T03:25:29.116Z"}
info: Server started at http://localhost:3000/api/v1/ {"timestamp":"2022-06-04T05:11:44.557Z"}
info: Connected to the database. {"timestamp":"2022-06-04T05:11:44.772Z"}
info: Server started at http://localhost:3000/api/v1/ {"timestamp":"2022-06-04T05:12:59.086Z"}
info: Connected to the database. {"timestamp":"2022-06-04T05:12:59.393Z"}
error: 
    status - 500 
    message - CastError: Cast to ObjectId failed for value "{_id}" (type string) at path "_id" for model "Note"
    at model.Query.exec (C:\Users\user\Desktop\FundooNotes\FundooNotes\node_modules\mongoose\lib\query.js:4498:21)
    at model.Query.Query.then (C:\Users\user\Desktop\FundooNotes\FundooNotes\node_modules\mongoose\lib\query.js:4592:15)
    at processTicksAndRejections (node:internal/process/task_queues:96:5) 
    url - /api/v1/notes/%7B_id%7D 
    method - GET 
    IP - ::1
   {"timestamp":"2022-06-04T05:21:29.668Z"}
error: 
    status - 500 
    message - CastError: Cast to ObjectId failed for value "{_id}" (type string) at path "_id" for model "Note"
    at model.Query.exec (C:\Users\user\Desktop\FundooNotes\FundooNotes\node_modules\mongoose\lib\query.js:4498:21)
    at model.Query.Query.then (C:\Users\user\Desktop\FundooNotes\FundooNotes\node_modules\mongoose\lib\query.js:4592:15)
    at processTicksAndRejections (node:internal/process/task_queues:96:5) 
    url - /api/v1/notes/%7B_id%7D 
    method - GET 
    IP - ::1
   {"timestamp":"2022-06-04T05:22:57.986Z"}
info: Server started at http://localhost:3000/api/v1/ {"timestamp":"2022-06-04T05:28:14.055Z"}
info: Connected to the database. {"timestamp":"2022-06-04T05:28:14.279Z"}
error: 
    status - 500 
    message - CastError: Cast to ObjectId failed for value "{_id}" (type string) at path "_id" for model "Note"
    at model.Query.exec (C:\Users\user\Desktop\FundooNotes\FundooNotes\node_modules\mongoose\lib\query.js:4498:21)
    at model.Query.Query.then (C:\Users\user\Desktop\FundooNotes\FundooNotes\node_modules\mongoose\lib\query.js:4592:15)
    at processTicksAndRejections (node:internal/process/task_queues:96:5) 
    url - /api/v1/notes/%7B_id%7D 
    method - GET 
    IP - ::1
   {"timestamp":"2022-06-04T05:31:05.802Z"}
info: Server started at http://localhost:3000/api/v1/ {"timestamp":"2022-06-04T05:35:30.089Z"}
info: Connected to the database. {"timestamp":"2022-06-04T05:35:30.284Z"}
error: 
    status - 500 
    message - Error: Password not match
    at _callee2$ (C:\Users\user\Desktop\FundooNotes\FundooNotes\src\services\/user.service.js:27:13)
    at tryCatch (C:\Users\user\Desktop\FundooNotes\FundooNotes\node_modules\@babel\runtime\helpers\regeneratorRuntime.js:86:17)
    at Generator._invoke (C:\Users\user\Desktop\FundooNotes\FundooNotes\node_modules\@babel\runtime\helpers\regeneratorRuntime.js:66:24)
    at Generator.next (C:\Users\user\Desktop\FundooNotes\FundooNotes\node_modules\@babel\runtime\helpers\regeneratorRuntime.js:117:21)
    at asyncGeneratorStep (C:\Users\user\Desktop\FundooNotes\FundooNotes\node_modules\@babel\runtime\helpers\asyncToGenerator.js:3:24)
    at _next (C:\Users\user\Desktop\FundooNotes\FundooNotes\node_modules\@babel\runtime\helpers\asyncToGenerator.js:25:9) 
    url - /api/v1/users/login 
    method - POST 
    IP - ::1
   {"timestamp":"2022-06-04T05:36:16.676Z"}
info: Server started at http://localhost:3000/api/v1/ {"timestamp":"2022-06-04T05:39:46.343Z"}
info: Connected to the database. {"timestamp":"2022-06-04T05:39:46.575Z"}
info: Server started at http://localhost:3000/api/v1/ {"timestamp":"2022-06-04T09:25:35.085Z"}
info: Connected to the database. {"timestamp":"2022-06-04T09:25:35.243Z"}
info: Server started at http://localhost:3000/api/v1/ {"timestamp":"2022-06-04T09:27:36.473Z"}
info: Connected to the database. {"timestamp":"2022-06-04T09:27:36.725Z"}
info: Server started at http://localhost:3000/api/v1/ {"timestamp":"2022-06-04T09:29:26.252Z"}
info: Connected to the database. {"timestamp":"2022-06-04T09:29:26.417Z"}
error: 
    status - 500 
    message - CastError: Cast to ObjectId failed for value "{noteid}" (type string) at path "_id" for model "Note"
    at model.Query.exec (C:\Users\user\Desktop\FundooNotes\FundooNotes\node_modules\mongoose\lib\query.js:4498:21)
    at model.Query.Query.then (C:\Users\user\Desktop\FundooNotes\FundooNotes\node_modules\mongoose\lib\query.js:4592:15)
    at processTicksAndRejections (node:internal/process/task_queues:96:5) 
    url - /api/v1/notes/%7Bnoteid%7D 
    method - GET 
    IP - ::1
   {"timestamp":"2022-06-04T09:38:48.445Z"}
info: Server started at http://localhost:3000/api/v1/ {"timestamp":"2022-06-04T09:40:24.334Z"}
info: Connected to the database. {"timestamp":"2022-06-04T09:40:24.551Z"}
error: 
    status - 500 
    message - CastError: Cast to ObjectId failed for value ":_id" (type string) at path "_id" for model "Note"
    at model.Query.exec (C:\Users\user\Desktop\FundooNotes\FundooNotes\node_modules\mongoose\lib\query.js:4498:21)
    at model.Query.Query.then (C:\Users\user\Desktop\FundooNotes\FundooNotes\node_modules\mongoose\lib\query.js:4592:15)
    at processTicksAndRejections (node:internal/process/task_queues:96:5) 
    url - /api/v1/notes/:_id 
    method - GET 
    IP - ::1
   {"timestamp":"2022-06-04T10:03:29.702Z"}
error: 
    status - 500 
    message - CastError: Cast to ObjectId failed for value ":_id" (type string) at path "_id" for model "Note"
    at model.Query.exec (C:\Users\user\Desktop\FundooNotes\FundooNotes\node_modules\mongoose\lib\query.js:4498:21)
    at model.Query.Query.then (C:\Users\user\Desktop\FundooNotes\FundooNotes\node_modules\mongoose\lib\query.js:4592:15)
    at runMicrotasks (<anonymous>)
    at processTicksAndRejections (node:internal/process/task_queues:96:5) 
    url - /api/v1/notes/:_id 
    method - GET 
    IP - ::1
   {"timestamp":"2022-06-04T12:47:10.581Z"}
info: Server started at http://localhost:3000/api/v1/ {"timestamp":"2022-06-04T13:42:05.337Z"}
info: Connected to the database. {"timestamp":"2022-06-04T13:42:05.493Z"}
info: Server started at http://localhost:3000/api/v1/ {"timestamp":"2022-06-04T13:48:17.938Z"}
info: Connected to the database. {"timestamp":"2022-06-04T13:48:17.995Z"}
info: Server started at http://localhost:3000/api/v1/ {"timestamp":"2022-06-04T13:48:31.182Z"}
info: Connected to the database. {"timestamp":"2022-06-04T13:48:31.366Z"}
info: Server started at http://localhost:3000/api/v1/ {"timestamp":"2022-06-04T13:52:00.262Z"}
info: Connected to the database. {"timestamp":"2022-06-04T13:52:00.402Z"}
info: Server started at http://localhost:3000/api/v1/ {"timestamp":"2022-06-04T13:52:28.605Z"}
info: Connected to the database. {"timestamp":"2022-06-04T13:52:28.759Z"}
info: Server started at http://localhost:3000/api/v1/ {"timestamp":"2022-06-04T13:53:18.346Z"}
info: Connected to the database. {"timestamp":"2022-06-04T13:53:18.509Z"}
info: undefined {"accepted":["kalir888@gmail.com"],"envelope":{"from":"emailsample068@gmail.com","to":["kalir888@gmail.com"]},"envelopeTime":1033,"messageId":"<773736ef-ef33-da24-a393-d4d13683bc67@gmail.com>","messageSize":685,"messageTime":1039,"rejected":[],"response":"250 2.0.0 OK  1654351185 bb7-20020a170902bc8700b001624dab05edsm7327597plb.8 - gsmtp","timestamp":"2022-06-04T14:03:21.647Z"}
error: 
    status - 500 
    message - Error: Password not match
    at _callee2$ (C:\Users\user\Desktop\FundooNotes\FundooNotes\src\services\/user.service.js:27:13)
    at tryCatch (C:\Users\user\Desktop\FundooNotes\FundooNotes\node_modules\@babel\runtime\helpers\regeneratorRuntime.js:86:17)
    at Generator._invoke (C:\Users\user\Desktop\FundooNotes\FundooNotes\node_modules\@babel\runtime\helpers\regeneratorRuntime.js:66:24)
    at Generator.next (C:\Users\user\Desktop\FundooNotes\FundooNotes\node_modules\@babel\runtime\helpers\regeneratorRuntime.js:117:21)
    at asyncGeneratorStep (C:\Users\user\Desktop\FundooNotes\FundooNotes\node_modules\@babel\runtime\helpers\asyncToGenerator.js:3:24)
    at _next (C:\Users\user\Desktop\FundooNotes\FundooNotes\node_modules\@babel\runtime\helpers\asyncToGenerator.js:25:9) 
    url - /api/v1/users/login 
    method - POST 
    IP - ::1
   {"timestamp":"2022-06-04T14:06:26.192Z"}
