info: Server started at http://localhost:3000/api/v1/ {"timestamp":"2022-06-07T01:03:27.303Z"}
error: Could not connect to the database. querySrv ECONNREFUSED _mongodb._tcp.demo.aoloa.mongodb.net {"code":"ECONNREFUSED","hostname":"_mongodb._tcp.demo.aoloa.mongodb.net","stack":"Error: querySrv ECONNREFUSED _mongodb._tcp.demo.aoloa.mongodb.net\n    at QueryReqWrap.onresolve [as oncomplete] (node:dns:213:19)","syscall":"querySrv","timestamp":"2022-06-07T01:03:27.421Z"}
info: Server started at http://localhost:3000/api/v1/ {"timestamp":"2022-06-07T02:14:08.530Z"}
info: Server started at http://localhost:3000/api/v1/ {"timestamp":"2022-06-07T02:32:04.732Z"}
info: Server started at http://localhost:3000/api/v1/ {"timestamp":"2022-06-07T02:38:51.625Z"}
info: Connected to the database. {"timestamp":"2022-06-07T02:39:00.061Z"}
info: Server started at http://localhost:3000/api/v1/ {"timestamp":"2022-06-07T02:47:36.225Z"}
info: Connected to the database. {"timestamp":"2022-06-07T02:47:44.923Z"}
info: Server started at http://localhost:3000/api/v1/ {"timestamp":"2022-06-07T02:48:21.727Z"}
info: Connected to the database. {"timestamp":"2022-06-07T02:48:29.824Z"}
info: Server started at http://localhost:3000/api/v1/ {"timestamp":"2022-06-07T02:54:04.709Z"}
info: Connected to the database. {"timestamp":"2022-06-07T02:54:12.870Z"}
info: Server started at http://localhost:3000/api/v1/ {"timestamp":"2022-06-07T02:56:13.649Z"}
info: Connected to the database. {"timestamp":"2022-06-07T02:56:21.865Z"}
info: Server started at http://localhost:3000/api/v1/ {"timestamp":"2022-06-07T03:06:00.115Z"}
info: Connected to the database. {"timestamp":"2022-06-07T03:06:08.342Z"}
info: Server started at http://localhost:3000/api/v1/ {"timestamp":"2022-06-07T03:08:34.521Z"}
info: Connected to the database. {"timestamp":"2022-06-07T03:08:42.802Z"}
info: Server started at http://localhost:3000/api/v1/ {"timestamp":"2022-06-07T06:15:26.951Z"}
info: Connected to the database. {"timestamp":"2022-06-07T06:15:35.778Z"}
error: 
      status - 400
      message - Authorization token is required 
      url - /api/v1/users/reset 
      method - POST 
      IP - ::ffff:127.0.0.1
     {"timestamp":"2022-06-07T06:15:38.767Z"}
info: Server started at http://localhost:3000/api/v1/ {"timestamp":"2022-06-07T06:20:46.211Z"}
info: Connected to the database. {"timestamp":"2022-06-07T06:20:54.431Z"}
info: Server started at http://localhost:3000/api/v1/ {"timestamp":"2022-06-07T06:22:30.471Z"}
info: Connected to the database. {"timestamp":"2022-06-07T06:22:38.448Z"}
error: 
    status - 500 
    message - JsonWebTokenError: jwt malformed
    at Object.verify (C:\Users\user\Desktop\FundooNotes\FundooNotes\node_modules\jsonwebtoken\verify.js:63:17)
    at _callee$ (C:\Users\user\Desktop\FundooNotes\FundooNotes\src\middlewares\/auth.middleware.js:22:28)
    at tryCatch (C:\Users\user\Desktop\FundooNotes\FundooNotes\node_modules\@babel\runtime\helpers\regeneratorRuntime.js:86:17)
    at Generator._invoke (C:\Users\user\Desktop\FundooNotes\FundooNotes\node_modules\@babel\runtime\helpers\regeneratorRuntime.js:66:24)
    at Generator.next (C:\Users\user\Desktop\FundooNotes\FundooNotes\node_modules\@babel\runtime\helpers\regeneratorRuntime.js:117:21)
    at asyncGeneratorStep (C:\Users\user\Desktop\FundooNotes\FundooNotes\node_modules\@babel\runtime\helpers\asyncToGenerator.js:3:24)
    at _next (C:\Users\user\Desktop\FundooNotes\FundooNotes\node_modules\@babel\runtime\helpers\asyncToGenerator.js:25:9)
    at C:\Users\user\Desktop\FundooNotes\FundooNotes\node_modules\@babel\runtime\helpers\asyncToGenerator.js:32:7
    at new Promise (<anonymous>)
    at C:\Users\user\Desktop\FundooNotes\FundooNotes\node_modules\@babel\runtime\helpers\asyncToGenerator.js:21:12
    at userAuth (C:\Users\user\Desktop\FundooNotes\FundooNotes\src\middlewares\/auth.middleware.js:12:22)
    at Layer.handle [as handle_request] (C:\Users\user\Desktop\FundooNotes\FundooNotes\node_modules\express\lib\router\layer.js:95:5)
    at next (C:\Users\user\Desktop\FundooNotes\FundooNotes\node_modules\express\lib\router\route.js:144:13)
    at newNoteValidator (C:\Users\user\Desktop\FundooNotes\FundooNotes\src\validators\/validator.js:35:5)
    at Layer.handle [as handle_request] (C:\Users\user\Desktop\FundooNotes\FundooNotes\node_modules\express\lib\router\layer.js:95:5)
    at next (C:\Users\user\Desktop\FundooNotes\FundooNotes\node_modules\express\lib\router\route.js:144:13)
    at Route.dispatch (C:\Users\user\Desktop\FundooNotes\FundooNotes\node_modules\express\lib\router\route.js:114:3)
    at Layer.handle [as handle_request] (C:\Users\user\Desktop\FundooNotes\FundooNotes\node_modules\express\lib\router\layer.js:95:5)
    at C:\Users\user\Desktop\FundooNotes\FundooNotes\node_modules\express\lib\router\index.js:284:15
    at Function.process_params (C:\Users\user\Desktop\FundooNotes\FundooNotes\node_modules\express\lib\router\index.js:346:12)
    at next (C:\Users\user\Desktop\FundooNotes\FundooNotes\node_modules\express\lib\router\index.js:280:10)
    at Function.handle (C:\Users\user\Desktop\FundooNotes\FundooNotes\node_modules\express\lib\router\index.js:175:3)
    at router (C:\Users\user\Desktop\FundooNotes\FundooNotes\node_modules\express\lib\router\index.js:47:12)
    at Layer.handle [as handle_request] (C:\Users\user\Desktop\FundooNotes\FundooNotes\node_modules\express\lib\router\layer.js:95:5)
    at trim_prefix (C:\Users\user\Desktop\FundooNotes\FundooNotes\node_modules\express\lib\router\index.js:328:13)
    at C:\Users\user\Desktop\FundooNotes\FundooNotes\node_modules\express\lib\router\index.js:286:9
    at Function.process_params (C:\Users\user\Desktop\FundooNotes\FundooNotes\node_modules\express\lib\router\index.js:346:12)
    at next (C:\Users\user\Desktop\FundooNotes\FundooNotes\node_modules\express\lib\router\index.js:280:10)
    at Function.handle (C:\Users\user\Desktop\FundooNotes\FundooNotes\node_modules\express\lib\router\index.js:175:3)
    at router (C:\Users\user\Desktop\FundooNotes\FundooNotes\node_modules\express\lib\router\index.js:47:12)
    at Layer.handle [as handle_request] (C:\Users\user\Desktop\FundooNotes\FundooNotes\node_modules\express\lib\router\layer.js:95:5)
    at trim_prefix (C:\Users\user\Desktop\FundooNotes\FundooNotes\node_modules\express\lib\router\index.js:328:13)
    at C:\Users\user\Desktop\FundooNotes\FundooNotes\node_modules\express\lib\router\index.js:286:9
    at Function.process_params (C:\Users\user\Desktop\FundooNotes\FundooNotes\node_modules\express\lib\router\index.js:346:12)
    at next (C:\Users\user\Desktop\FundooNotes\FundooNotes\node_modules\express\lib\router\index.js:280:10)
    at logger (C:\Users\user\Desktop\FundooNotes\FundooNotes\node_modules\morgan\index.js:144:5)
    at Layer.handle [as handle_request] (C:\Users\user\Desktop\FundooNotes\FundooNotes\node_modules\express\lib\router\layer.js:95:5)
    at trim_prefix (C:\Users\user\Desktop\FundooNotes\FundooNotes\node_modules\express\lib\router\index.js:328:13)
    at C:\Users\user\Desktop\FundooNotes\FundooNotes\node_modules\express\lib\router\index.js:286:9
    at Function.process_params (C:\Users\user\Desktop\FundooNotes\FundooNotes\node_modules\express\lib\router\index.js:346:12)
    at next (C:\Users\user\Desktop\FundooNotes\FundooNotes\node_modules\express\lib\router\index.js:280:10)
    at C:\Users\user\Desktop\FundooNotes\FundooNotes\node_modules\body-parser\lib\read.js:137:5
    at AsyncResource.runInAsyncScope (node:async_hooks:202:9)
    at invokeCallback (C:\Users\user\Desktop\FundooNotes\FundooNotes\node_modules\raw-body\index.js:231:16)
    at done (C:\Users\user\Desktop\FundooNotes\FundooNotes\node_modules\raw-body\index.js:220:7)
    at IncomingMessage.onEnd (C:\Users\user\Desktop\FundooNotes\FundooNotes\node_modules\raw-body\index.js:280:7)
    at IncomingMessage.emit (node:events:539:35)
    at endReadableNT (node:internal/streams/readable:1345:12)
    at processTicksAndRejections (node:internal/process/task_queues:83:21) 
    url - /api/v1/notes 
    method - POST 
    IP - ::ffff:127.0.0.1
   {"timestamp":"2022-06-07T06:22:41.693Z"}
info: Server started at http://localhost:3000/api/v1/ {"timestamp":"2022-06-07T06:23:57.605Z"}
info: Connected to the database. {"timestamp":"2022-06-07T06:24:06.079Z"}
error: 
    status - 500 
    message - JsonWebTokenError: jwt malformed
    at Object.verify (C:\Users\user\Desktop\FundooNotes\FundooNotes\node_modules\jsonwebtoken\verify.js:63:17)
    at _callee$ (C:\Users\user\Desktop\FundooNotes\FundooNotes\src\middlewares\/auth.middleware.js:22:28)
    at tryCatch (C:\Users\user\Desktop\FundooNotes\FundooNotes\node_modules\@babel\runtime\helpers\regeneratorRuntime.js:86:17)
    at Generator._invoke (C:\Users\user\Desktop\FundooNotes\FundooNotes\node_modules\@babel\runtime\helpers\regeneratorRuntime.js:66:24)
    at Generator.next (C:\Users\user\Desktop\FundooNotes\FundooNotes\node_modules\@babel\runtime\helpers\regeneratorRuntime.js:117:21)
    at asyncGeneratorStep (C:\Users\user\Desktop\FundooNotes\FundooNotes\node_modules\@babel\runtime\helpers\asyncToGenerator.js:3:24)
    at _next (C:\Users\user\Desktop\FundooNotes\FundooNotes\node_modules\@babel\runtime\helpers\asyncToGenerator.js:25:9)
    at C:\Users\user\Desktop\FundooNotes\FundooNotes\node_modules\@babel\runtime\helpers\asyncToGenerator.js:32:7
    at new Promise (<anonymous>)
    at C:\Users\user\Desktop\FundooNotes\FundooNotes\node_modules\@babel\runtime\helpers\asyncToGenerator.js:21:12
    at userAuth (C:\Users\user\Desktop\FundooNotes\FundooNotes\src\middlewares\/auth.middleware.js:12:22)
    at Layer.handle [as handle_request] (C:\Users\user\Desktop\FundooNotes\FundooNotes\node_modules\express\lib\router\layer.js:95:5)
    at next (C:\Users\user\Desktop\FundooNotes\FundooNotes\node_modules\express\lib\router\route.js:144:13)
    at newNoteValidator (C:\Users\user\Desktop\FundooNotes\FundooNotes\src\validators\/validator.js:35:5)
    at Layer.handle [as handle_request] (C:\Users\user\Desktop\FundooNotes\FundooNotes\node_modules\express\lib\router\layer.js:95:5)
    at next (C:\Users\user\Desktop\FundooNotes\FundooNotes\node_modules\express\lib\router\route.js:144:13)
    at Route.dispatch (C:\Users\user\Desktop\FundooNotes\FundooNotes\node_modules\express\lib\router\route.js:114:3)
    at Layer.handle [as handle_request] (C:\Users\user\Desktop\FundooNotes\FundooNotes\node_modules\express\lib\router\layer.js:95:5)
    at C:\Users\user\Desktop\FundooNotes\FundooNotes\node_modules\express\lib\router\index.js:284:15
    at Function.process_params (C:\Users\user\Desktop\FundooNotes\FundooNotes\node_modules\express\lib\router\index.js:346:12)
    at next (C:\Users\user\Desktop\FundooNotes\FundooNotes\node_modules\express\lib\router\index.js:280:10)
    at Function.handle (C:\Users\user\Desktop\FundooNotes\FundooNotes\node_modules\express\lib\router\index.js:175:3)
    at router (C:\Users\user\Desktop\FundooNotes\FundooNotes\node_modules\express\lib\router\index.js:47:12)
    at Layer.handle [as handle_request] (C:\Users\user\Desktop\FundooNotes\FundooNotes\node_modules\express\lib\router\layer.js:95:5)
    at trim_prefix (C:\Users\user\Desktop\FundooNotes\FundooNotes\node_modules\express\lib\router\index.js:328:13)
    at C:\Users\user\Desktop\FundooNotes\FundooNotes\node_modules\express\lib\router\index.js:286:9
    at Function.process_params (C:\Users\user\Desktop\FundooNotes\FundooNotes\node_modules\express\lib\router\index.js:346:12)
    at next (C:\Users\user\Desktop\FundooNotes\FundooNotes\node_modules\express\lib\router\index.js:280:10)
    at Function.handle (C:\Users\user\Desktop\FundooNotes\FundooNotes\node_modules\express\lib\router\index.js:175:3)
    at router (C:\Users\user\Desktop\FundooNotes\FundooNotes\node_modules\express\lib\router\index.js:47:12)
    at Layer.handle [as handle_request] (C:\Users\user\Desktop\FundooNotes\FundooNotes\node_modules\express\lib\router\layer.js:95:5)
    at trim_prefix (C:\Users\user\Desktop\FundooNotes\FundooNotes\node_modules\express\lib\router\index.js:328:13)
    at C:\Users\user\Desktop\FundooNotes\FundooNotes\node_modules\express\lib\router\index.js:286:9
    at Function.process_params (C:\Users\user\Desktop\FundooNotes\FundooNotes\node_modules\express\lib\router\index.js:346:12)
    at next (C:\Users\user\Desktop\FundooNotes\FundooNotes\node_modules\express\lib\router\index.js:280:10)
    at logger (C:\Users\user\Desktop\FundooNotes\FundooNotes\node_modules\morgan\index.js:144:5)
    at Layer.handle [as handle_request] (C:\Users\user\Desktop\FundooNotes\FundooNotes\node_modules\express\lib\router\layer.js:95:5)
    at trim_prefix (C:\Users\user\Desktop\FundooNotes\FundooNotes\node_modules\express\lib\router\index.js:328:13)
    at C:\Users\user\Desktop\FundooNotes\FundooNotes\node_modules\express\lib\router\index.js:286:9
    at Function.process_params (C:\Users\user\Desktop\FundooNotes\FundooNotes\node_modules\express\lib\router\index.js:346:12)
    at next (C:\Users\user\Desktop\FundooNotes\FundooNotes\node_modules\express\lib\router\index.js:280:10)
    at C:\Users\user\Desktop\FundooNotes\FundooNotes\node_modules\body-parser\lib\read.js:137:5
    at AsyncResource.runInAsyncScope (node:async_hooks:202:9)
    at invokeCallback (C:\Users\user\Desktop\FundooNotes\FundooNotes\node_modules\raw-body\index.js:231:16)
    at done (C:\Users\user\Desktop\FundooNotes\FundooNotes\node_modules\raw-body\index.js:220:7)
    at IncomingMessage.onEnd (C:\Users\user\Desktop\FundooNotes\FundooNotes\node_modules\raw-body\index.js:280:7)
    at IncomingMessage.emit (node:events:539:35)
    at endReadableNT (node:internal/streams/readable:1345:12)
    at processTicksAndRejections (node:internal/process/task_queues:83:21) 
    url - /api/v1/notes 
    method - POST 
    IP - ::ffff:127.0.0.1
   {"timestamp":"2022-06-07T06:24:09.113Z"}
info: Server started at http://localhost:3000/api/v1/ {"timestamp":"2022-06-07T06:27:30.528Z"}
info: Connected to the database. {"timestamp":"2022-06-07T06:27:38.755Z"}
error: 
    status - 500 
    message - JsonWebTokenError: jwt malformed
    at Object.verify (C:\Users\user\Desktop\FundooNotes\FundooNotes\node_modules\jsonwebtoken\verify.js:63:17)
    at _callee$ (C:\Users\user\Desktop\FundooNotes\FundooNotes\src\middlewares\/auth.middleware.js:22:28)
    at tryCatch (C:\Users\user\Desktop\FundooNotes\FundooNotes\node_modules\@babel\runtime\helpers\regeneratorRuntime.js:86:17)
    at Generator._invoke (C:\Users\user\Desktop\FundooNotes\FundooNotes\node_modules\@babel\runtime\helpers\regeneratorRuntime.js:66:24)
    at Generator.next (C:\Users\user\Desktop\FundooNotes\FundooNotes\node_modules\@babel\runtime\helpers\regeneratorRuntime.js:117:21)
    at asyncGeneratorStep (C:\Users\user\Desktop\FundooNotes\FundooNotes\node_modules\@babel\runtime\helpers\asyncToGenerator.js:3:24)
    at _next (C:\Users\user\Desktop\FundooNotes\FundooNotes\node_modules\@babel\runtime\helpers\asyncToGenerator.js:25:9)
    at C:\Users\user\Desktop\FundooNotes\FundooNotes\node_modules\@babel\runtime\helpers\asyncToGenerator.js:32:7
    at new Promise (<anonymous>)
    at C:\Users\user\Desktop\FundooNotes\FundooNotes\node_modules\@babel\runtime\helpers\asyncToGenerator.js:21:12
    at userAuth (C:\Users\user\Desktop\FundooNotes\FundooNotes\src\middlewares\/auth.middleware.js:12:22)
    at Layer.handle [as handle_request] (C:\Users\user\Desktop\FundooNotes\FundooNotes\node_modules\express\lib\router\layer.js:95:5)
    at next (C:\Users\user\Desktop\FundooNotes\FundooNotes\node_modules\express\lib\router\route.js:144:13)
    at newNoteValidator (C:\Users\user\Desktop\FundooNotes\FundooNotes\src\validators\/validator.js:35:5)
    at Layer.handle [as handle_request] (C:\Users\user\Desktop\FundooNotes\FundooNotes\node_modules\express\lib\router\layer.js:95:5)
    at next (C:\Users\user\Desktop\FundooNotes\FundooNotes\node_modules\express\lib\router\route.js:144:13)
    at Route.dispatch (C:\Users\user\Desktop\FundooNotes\FundooNotes\node_modules\express\lib\router\route.js:114:3)
    at Layer.handle [as handle_request] (C:\Users\user\Desktop\FundooNotes\FundooNotes\node_modules\express\lib\router\layer.js:95:5)
    at C:\Users\user\Desktop\FundooNotes\FundooNotes\node_modules\express\lib\router\index.js:284:15
    at Function.process_params (C:\Users\user\Desktop\FundooNotes\FundooNotes\node_modules\express\lib\router\index.js:346:12)
    at next (C:\Users\user\Desktop\FundooNotes\FundooNotes\node_modules\express\lib\router\index.js:280:10)
    at Function.handle (C:\Users\user\Desktop\FundooNotes\FundooNotes\node_modules\express\lib\router\index.js:175:3)
    at router (C:\Users\user\Desktop\FundooNotes\FundooNotes\node_modules\express\lib\router\index.js:47:12)
    at Layer.handle [as handle_request] (C:\Users\user\Desktop\FundooNotes\FundooNotes\node_modules\express\lib\router\layer.js:95:5)
    at trim_prefix (C:\Users\user\Desktop\FundooNotes\FundooNotes\node_modules\express\lib\router\index.js:328:13)
    at C:\Users\user\Desktop\FundooNotes\FundooNotes\node_modules\express\lib\router\index.js:286:9
    at Function.process_params (C:\Users\user\Desktop\FundooNotes\FundooNotes\node_modules\express\lib\router\index.js:346:12)
    at next (C:\Users\user\Desktop\FundooNotes\FundooNotes\node_modules\express\lib\router\index.js:280:10)
    at Function.handle (C:\Users\user\Desktop\FundooNotes\FundooNotes\node_modules\express\lib\router\index.js:175:3)
    at router (C:\Users\user\Desktop\FundooNotes\FundooNotes\node_modules\express\lib\router\index.js:47:12)
    at Layer.handle [as handle_request] (C:\Users\user\Desktop\FundooNotes\FundooNotes\node_modules\express\lib\router\layer.js:95:5)
    at trim_prefix (C:\Users\user\Desktop\FundooNotes\FundooNotes\node_modules\express\lib\router\index.js:328:13)
    at C:\Users\user\Desktop\FundooNotes\FundooNotes\node_modules\express\lib\router\index.js:286:9
    at Function.process_params (C:\Users\user\Desktop\FundooNotes\FundooNotes\node_modules\express\lib\router\index.js:346:12)
    at next (C:\Users\user\Desktop\FundooNotes\FundooNotes\node_modules\express\lib\router\index.js:280:10)
    at logger (C:\Users\user\Desktop\FundooNotes\FundooNotes\node_modules\morgan\index.js:144:5)
    at Layer.handle [as handle_request] (C:\Users\user\Desktop\FundooNotes\FundooNotes\node_modules\express\lib\router\layer.js:95:5)
    at trim_prefix (C:\Users\user\Desktop\FundooNotes\FundooNotes\node_modules\express\lib\router\index.js:328:13)
    at C:\Users\user\Desktop\FundooNotes\FundooNotes\node_modules\express\lib\router\index.js:286:9
    at Function.process_params (C:\Users\user\Desktop\FundooNotes\FundooNotes\node_modules\express\lib\router\index.js:346:12)
    at next (C:\Users\user\Desktop\FundooNotes\FundooNotes\node_modules\express\lib\router\index.js:280:10)
    at C:\Users\user\Desktop\FundooNotes\FundooNotes\node_modules\body-parser\lib\read.js:137:5
    at AsyncResource.runInAsyncScope (node:async_hooks:202:9)
    at invokeCallback (C:\Users\user\Desktop\FundooNotes\FundooNotes\node_modules\raw-body\index.js:231:16)
    at done (C:\Users\user\Desktop\FundooNotes\FundooNotes\node_modules\raw-body\index.js:220:7)
    at IncomingMessage.onEnd (C:\Users\user\Desktop\FundooNotes\FundooNotes\node_modules\raw-body\index.js:280:7)
    at IncomingMessage.emit (node:events:539:35)
    at endReadableNT (node:internal/streams/readable:1345:12)
    at processTicksAndRejections (node:internal/process/task_queues:83:21) 
    url - /api/v1/notes 
    method - POST 
    IP - ::ffff:127.0.0.1
   {"timestamp":"2022-06-07T06:27:41.716Z"}
info: Server started at http://localhost:3000/api/v1/ {"timestamp":"2022-06-07T06:39:42.907Z"}
info: Connected to the database. {"timestamp":"2022-06-07T06:39:51.244Z"}
error: 
    status - 500 
    message - JsonWebTokenError: jwt malformed
    at Object.verify (C:\Users\user\Desktop\FundooNotes\FundooNotes\node_modules\jsonwebtoken\verify.js:63:17)
    at _callee$ (C:\Users\user\Desktop\FundooNotes\FundooNotes\src\middlewares\/auth.middleware.js:22:28)
    at tryCatch (C:\Users\user\Desktop\FundooNotes\FundooNotes\node_modules\@babel\runtime\helpers\regeneratorRuntime.js:86:17)
    at Generator._invoke (C:\Users\user\Desktop\FundooNotes\FundooNotes\node_modules\@babel\runtime\helpers\regeneratorRuntime.js:66:24)
    at Generator.next (C:\Users\user\Desktop\FundooNotes\FundooNotes\node_modules\@babel\runtime\helpers\regeneratorRuntime.js:117:21)
    at asyncGeneratorStep (C:\Users\user\Desktop\FundooNotes\FundooNotes\node_modules\@babel\runtime\helpers\asyncToGenerator.js:3:24)
    at _next (C:\Users\user\Desktop\FundooNotes\FundooNotes\node_modules\@babel\runtime\helpers\asyncToGenerator.js:25:9)
    at C:\Users\user\Desktop\FundooNotes\FundooNotes\node_modules\@babel\runtime\helpers\asyncToGenerator.js:32:7
    at new Promise (<anonymous>)
    at C:\Users\user\Desktop\FundooNotes\FundooNotes\node_modules\@babel\runtime\helpers\asyncToGenerator.js:21:12
    at userAuth (C:\Users\user\Desktop\FundooNotes\FundooNotes\src\middlewares\/auth.middleware.js:12:22)
    at Layer.handle [as handle_request] (C:\Users\user\Desktop\FundooNotes\FundooNotes\node_modules\express\lib\router\layer.js:95:5)
    at next (C:\Users\user\Desktop\FundooNotes\FundooNotes\node_modules\express\lib\router\route.js:144:13)
    at newNoteValidator (C:\Users\user\Desktop\FundooNotes\FundooNotes\src\validators\/validator.js:35:5)
    at Layer.handle [as handle_request] (C:\Users\user\Desktop\FundooNotes\FundooNotes\node_modules\express\lib\router\layer.js:95:5)
    at next (C:\Users\user\Desktop\FundooNotes\FundooNotes\node_modules\express\lib\router\route.js:144:13)
    at Route.dispatch (C:\Users\user\Desktop\FundooNotes\FundooNotes\node_modules\express\lib\router\route.js:114:3)
    at Layer.handle [as handle_request] (C:\Users\user\Desktop\FundooNotes\FundooNotes\node_modules\express\lib\router\layer.js:95:5)
    at C:\Users\user\Desktop\FundooNotes\FundooNotes\node_modules\express\lib\router\index.js:284:15
    at Function.process_params (C:\Users\user\Desktop\FundooNotes\FundooNotes\node_modules\express\lib\router\index.js:346:12)
    at next (C:\Users\user\Desktop\FundooNotes\FundooNotes\node_modules\express\lib\router\index.js:280:10)
    at Function.handle (C:\Users\user\Desktop\FundooNotes\FundooNotes\node_modules\express\lib\router\index.js:175:3)
    at router (C:\Users\user\Desktop\FundooNotes\FundooNotes\node_modules\express\lib\router\index.js:47:12)
    at Layer.handle [as handle_request] (C:\Users\user\Desktop\FundooNotes\FundooNotes\node_modules\express\lib\router\layer.js:95:5)
    at trim_prefix (C:\Users\user\Desktop\FundooNotes\FundooNotes\node_modules\express\lib\router\index.js:328:13)
    at C:\Users\user\Desktop\FundooNotes\FundooNotes\node_modules\express\lib\router\index.js:286:9
    at Function.process_params (C:\Users\user\Desktop\FundooNotes\FundooNotes\node_modules\express\lib\router\index.js:346:12)
    at next (C:\Users\user\Desktop\FundooNotes\FundooNotes\node_modules\express\lib\router\index.js:280:10)
    at Function.handle (C:\Users\user\Desktop\FundooNotes\FundooNotes\node_modules\express\lib\router\index.js:175:3)
    at router (C:\Users\user\Desktop\FundooNotes\FundooNotes\node_modules\express\lib\router\index.js:47:12)
    at Layer.handle [as handle_request] (C:\Users\user\Desktop\FundooNotes\FundooNotes\node_modules\express\lib\router\layer.js:95:5)
    at trim_prefix (C:\Users\user\Desktop\FundooNotes\FundooNotes\node_modules\express\lib\router\index.js:328:13)
    at C:\Users\user\Desktop\FundooNotes\FundooNotes\node_modules\express\lib\router\index.js:286:9
    at Function.process_params (C:\Users\user\Desktop\FundooNotes\FundooNotes\node_modules\express\lib\router\index.js:346:12)
    at next (C:\Users\user\Desktop\FundooNotes\FundooNotes\node_modules\express\lib\router\index.js:280:10)
    at logger (C:\Users\user\Desktop\FundooNotes\FundooNotes\node_modules\morgan\index.js:144:5)
    at Layer.handle [as handle_request] (C:\Users\user\Desktop\FundooNotes\FundooNotes\node_modules\express\lib\router\layer.js:95:5)
    at trim_prefix (C:\Users\user\Desktop\FundooNotes\FundooNotes\node_modules\express\lib\router\index.js:328:13)
    at C:\Users\user\Desktop\FundooNotes\FundooNotes\node_modules\express\lib\router\index.js:286:9
    at Function.process_params (C:\Users\user\Desktop\FundooNotes\FundooNotes\node_modules\express\lib\router\index.js:346:12)
    at next (C:\Users\user\Desktop\FundooNotes\FundooNotes\node_modules\express\lib\router\index.js:280:10)
    at C:\Users\user\Desktop\FundooNotes\FundooNotes\node_modules\body-parser\lib\read.js:137:5
    at AsyncResource.runInAsyncScope (node:async_hooks:202:9)
    at invokeCallback (C:\Users\user\Desktop\FundooNotes\FundooNotes\node_modules\raw-body\index.js:231:16)
    at done (C:\Users\user\Desktop\FundooNotes\FundooNotes\node_modules\raw-body\index.js:220:7)
    at IncomingMessage.onEnd (C:\Users\user\Desktop\FundooNotes\FundooNotes\node_modules\raw-body\index.js:280:7)
    at IncomingMessage.emit (node:events:539:35)
    at endReadableNT (node:internal/streams/readable:1345:12)
    at processTicksAndRejections (node:internal/process/task_queues:83:21) 
    url - /api/v1/notes 
    method - POST 
    IP - ::ffff:127.0.0.1
   {"timestamp":"2022-06-07T06:39:54.290Z"}
info: Server started at http://localhost:3000/api/v1/ {"timestamp":"2022-06-07T06:45:25.375Z"}
info: Connected to the database. {"timestamp":"2022-06-07T06:45:33.590Z"}
error: 
    status - 500 
    message - JsonWebTokenError: jwt malformed
    at Object.verify (C:\Users\user\Desktop\FundooNotes\FundooNotes\node_modules\jsonwebtoken\verify.js:63:17)
    at _callee$ (C:\Users\user\Desktop\FundooNotes\FundooNotes\src\middlewares\/auth.middleware.js:22:28)
    at tryCatch (C:\Users\user\Desktop\FundooNotes\FundooNotes\node_modules\@babel\runtime\helpers\regeneratorRuntime.js:86:17)
    at Generator._invoke (C:\Users\user\Desktop\FundooNotes\FundooNotes\node_modules\@babel\runtime\helpers\regeneratorRuntime.js:66:24)
    at Generator.next (C:\Users\user\Desktop\FundooNotes\FundooNotes\node_modules\@babel\runtime\helpers\regeneratorRuntime.js:117:21)
    at asyncGeneratorStep (C:\Users\user\Desktop\FundooNotes\FundooNotes\node_modules\@babel\runtime\helpers\asyncToGenerator.js:3:24)
    at _next (C:\Users\user\Desktop\FundooNotes\FundooNotes\node_modules\@babel\runtime\helpers\asyncToGenerator.js:25:9)
    at C:\Users\user\Desktop\FundooNotes\FundooNotes\node_modules\@babel\runtime\helpers\asyncToGenerator.js:32:7
    at new Promise (<anonymous>)
    at C:\Users\user\Desktop\FundooNotes\FundooNotes\node_modules\@babel\runtime\helpers\asyncToGenerator.js:21:12
    at userAuth (C:\Users\user\Desktop\FundooNotes\FundooNotes\src\middlewares\/auth.middleware.js:12:22)
    at Layer.handle [as handle_request] (C:\Users\user\Desktop\FundooNotes\FundooNotes\node_modules\express\lib\router\layer.js:95:5)
    at next (C:\Users\user\Desktop\FundooNotes\FundooNotes\node_modules\express\lib\router\route.js:144:13)
    at newNoteValidator (C:\Users\user\Desktop\FundooNotes\FundooNotes\src\validators\/validator.js:35:5)
    at Layer.handle [as handle_request] (C:\Users\user\Desktop\FundooNotes\FundooNotes\node_modules\express\lib\router\layer.js:95:5)
    at next (C:\Users\user\Desktop\FundooNotes\FundooNotes\node_modules\express\lib\router\route.js:144:13)
    at Route.dispatch (C:\Users\user\Desktop\FundooNotes\FundooNotes\node_modules\express\lib\router\route.js:114:3)
    at Layer.handle [as handle_request] (C:\Users\user\Desktop\FundooNotes\FundooNotes\node_modules\express\lib\router\layer.js:95:5)
    at C:\Users\user\Desktop\FundooNotes\FundooNotes\node_modules\express\lib\router\index.js:284:15
    at Function.process_params (C:\Users\user\Desktop\FundooNotes\FundooNotes\node_modules\express\lib\router\index.js:346:12)
    at next (C:\Users\user\Desktop\FundooNotes\FundooNotes\node_modules\express\lib\router\index.js:280:10)
    at Function.handle (C:\Users\user\Desktop\FundooNotes\FundooNotes\node_modules\express\lib\router\index.js:175:3)
    at router (C:\Users\user\Desktop\FundooNotes\FundooNotes\node_modules\express\lib\router\index.js:47:12)
    at Layer.handle [as handle_request] (C:\Users\user\Desktop\FundooNotes\FundooNotes\node_modules\express\lib\router\layer.js:95:5)
    at trim_prefix (C:\Users\user\Desktop\FundooNotes\FundooNotes\node_modules\express\lib\router\index.js:328:13)
    at C:\Users\user\Desktop\FundooNotes\FundooNotes\node_modules\express\lib\router\index.js:286:9
    at Function.process_params (C:\Users\user\Desktop\FundooNotes\FundooNotes\node_modules\express\lib\router\index.js:346:12)
    at next (C:\Users\user\Desktop\FundooNotes\FundooNotes\node_modules\express\lib\router\index.js:280:10)
    at Function.handle (C:\Users\user\Desktop\FundooNotes\FundooNotes\node_modules\express\lib\router\index.js:175:3)
    at router (C:\Users\user\Desktop\FundooNotes\FundooNotes\node_modules\express\lib\router\index.js:47:12)
    at Layer.handle [as handle_request] (C:\Users\user\Desktop\FundooNotes\FundooNotes\node_modules\express\lib\router\layer.js:95:5)
    at trim_prefix (C:\Users\user\Desktop\FundooNotes\FundooNotes\node_modules\express\lib\router\index.js:328:13)
    at C:\Users\user\Desktop\FundooNotes\FundooNotes\node_modules\express\lib\router\index.js:286:9
    at Function.process_params (C:\Users\user\Desktop\FundooNotes\FundooNotes\node_modules\express\lib\router\index.js:346:12)
    at next (C:\Users\user\Desktop\FundooNotes\FundooNotes\node_modules\express\lib\router\index.js:280:10)
    at logger (C:\Users\user\Desktop\FundooNotes\FundooNotes\node_modules\morgan\index.js:144:5)
    at Layer.handle [as handle_request] (C:\Users\user\Desktop\FundooNotes\FundooNotes\node_modules\express\lib\router\layer.js:95:5)
    at trim_prefix (C:\Users\user\Desktop\FundooNotes\FundooNotes\node_modules\express\lib\router\index.js:328:13)
    at C:\Users\user\Desktop\FundooNotes\FundooNotes\node_modules\express\lib\router\index.js:286:9
    at Function.process_params (C:\Users\user\Desktop\FundooNotes\FundooNotes\node_modules\express\lib\router\index.js:346:12)
    at next (C:\Users\user\Desktop\FundooNotes\FundooNotes\node_modules\express\lib\router\index.js:280:10)
    at C:\Users\user\Desktop\FundooNotes\FundooNotes\node_modules\body-parser\lib\read.js:137:5
    at AsyncResource.runInAsyncScope (node:async_hooks:202:9)
    at invokeCallback (C:\Users\user\Desktop\FundooNotes\FundooNotes\node_modules\raw-body\index.js:231:16)
    at done (C:\Users\user\Desktop\FundooNotes\FundooNotes\node_modules\raw-body\index.js:220:7)
    at IncomingMessage.onEnd (C:\Users\user\Desktop\FundooNotes\FundooNotes\node_modules\raw-body\index.js:280:7)
    at IncomingMessage.emit (node:events:539:35)
    at endReadableNT (node:internal/streams/readable:1345:12)
    at processTicksAndRejections (node:internal/process/task_queues:83:21) 
    url - /api/v1/notes 
    method - POST 
    IP - ::ffff:127.0.0.1
   {"timestamp":"2022-06-07T06:45:36.698Z"}
info: Server started at http://localhost:3000/api/v1/ {"timestamp":"2022-06-07T06:50:08.191Z"}
info: Connected to the database. {"timestamp":"2022-06-07T06:50:16.844Z"}
info: Server started at http://localhost:3000/api/v1/ {"timestamp":"2022-06-07T07:24:08.385Z"}
info: Connected to the database. {"timestamp":"2022-06-07T07:24:17.377Z"}
info: Server started at http://localhost:3000/api/v1/ {"timestamp":"2022-06-07T07:29:13.544Z"}
info: Connected to the database. {"timestamp":"2022-06-07T07:29:21.952Z"}
info: Server started at http://localhost:3000/api/v1/ {"timestamp":"2022-06-07T07:50:33.550Z"}
info: Connected to the database. {"timestamp":"2022-06-07T07:50:42.503Z"}
error: 
    status - 500 
    message - JsonWebTokenError: jwt malformed
    at Object.verify (C:\Users\user\Desktop\FundooNotes\FundooNotes\node_modules\jsonwebtoken\verify.js:63:17)
    at _callee$ (C:\Users\user\Desktop\FundooNotes\FundooNotes\src\middlewares\/auth.middleware.js:22:28)
    at tryCatch (C:\Users\user\Desktop\FundooNotes\FundooNotes\node_modules\@babel\runtime\helpers\regeneratorRuntime.js:86:17)
    at Generator._invoke (C:\Users\user\Desktop\FundooNotes\FundooNotes\node_modules\@babel\runtime\helpers\regeneratorRuntime.js:66:24)
    at Generator.next (C:\Users\user\Desktop\FundooNotes\FundooNotes\node_modules\@babel\runtime\helpers\regeneratorRuntime.js:117:21)
    at asyncGeneratorStep (C:\Users\user\Desktop\FundooNotes\FundooNotes\node_modules\@babel\runtime\helpers\asyncToGenerator.js:3:24)
    at _next (C:\Users\user\Desktop\FundooNotes\FundooNotes\node_modules\@babel\runtime\helpers\asyncToGenerator.js:25:9)
    at C:\Users\user\Desktop\FundooNotes\FundooNotes\node_modules\@babel\runtime\helpers\asyncToGenerator.js:32:7
    at new Promise (<anonymous>)
    at C:\Users\user\Desktop\FundooNotes\FundooNotes\node_modules\@babel\runtime\helpers\asyncToGenerator.js:21:12
    at userAuth (C:\Users\user\Desktop\FundooNotes\FundooNotes\src\middlewares\/auth.middleware.js:12:22)
    at Layer.handle [as handle_request] (C:\Users\user\Desktop\FundooNotes\FundooNotes\node_modules\express\lib\router\layer.js:95:5)
    at next (C:\Users\user\Desktop\FundooNotes\FundooNotes\node_modules\express\lib\router\route.js:144:13)
    at newNoteValidator (C:\Users\user\Desktop\FundooNotes\FundooNotes\src\validators\/validator.js:35:5)
    at Layer.handle [as handle_request] (C:\Users\user\Desktop\FundooNotes\FundooNotes\node_modules\express\lib\router\layer.js:95:5)
    at next (C:\Users\user\Desktop\FundooNotes\FundooNotes\node_modules\express\lib\router\route.js:144:13)
    at Route.dispatch (C:\Users\user\Desktop\FundooNotes\FundooNotes\node_modules\express\lib\router\route.js:114:3)
    at Layer.handle [as handle_request] (C:\Users\user\Desktop\FundooNotes\FundooNotes\node_modules\express\lib\router\layer.js:95:5)
    at C:\Users\user\Desktop\FundooNotes\FundooNotes\node_modules\express\lib\router\index.js:284:15
    at Function.process_params (C:\Users\user\Desktop\FundooNotes\FundooNotes\node_modules\express\lib\router\index.js:346:12)
    at next (C:\Users\user\Desktop\FundooNotes\FundooNotes\node_modules\express\lib\router\index.js:280:10)
    at Function.handle (C:\Users\user\Desktop\FundooNotes\FundooNotes\node_modules\express\lib\router\index.js:175:3)
    at router (C:\Users\user\Desktop\FundooNotes\FundooNotes\node_modules\express\lib\router\index.js:47:12)
    at Layer.handle [as handle_request] (C:\Users\user\Desktop\FundooNotes\FundooNotes\node_modules\express\lib\router\layer.js:95:5)
    at trim_prefix (C:\Users\user\Desktop\FundooNotes\FundooNotes\node_modules\express\lib\router\index.js:328:13)
    at C:\Users\user\Desktop\FundooNotes\FundooNotes\node_modules\express\lib\router\index.js:286:9
    at Function.process_params (C:\Users\user\Desktop\FundooNotes\FundooNotes\node_modules\express\lib\router\index.js:346:12)
    at next (C:\Users\user\Desktop\FundooNotes\FundooNotes\node_modules\express\lib\router\index.js:280:10)
    at Function.handle (C:\Users\user\Desktop\FundooNotes\FundooNotes\node_modules\express\lib\router\index.js:175:3)
    at router (C:\Users\user\Desktop\FundooNotes\FundooNotes\node_modules\express\lib\router\index.js:47:12)
    at Layer.handle [as handle_request] (C:\Users\user\Desktop\FundooNotes\FundooNotes\node_modules\express\lib\router\layer.js:95:5)
    at trim_prefix (C:\Users\user\Desktop\FundooNotes\FundooNotes\node_modules\express\lib\router\index.js:328:13)
    at C:\Users\user\Desktop\FundooNotes\FundooNotes\node_modules\express\lib\router\index.js:286:9
    at Function.process_params (C:\Users\user\Desktop\FundooNotes\FundooNotes\node_modules\express\lib\router\index.js:346:12)
    at next (C:\Users\user\Desktop\FundooNotes\FundooNotes\node_modules\express\lib\router\index.js:280:10)
    at logger (C:\Users\user\Desktop\FundooNotes\FundooNotes\node_modules\morgan\index.js:144:5)
    at Layer.handle [as handle_request] (C:\Users\user\Desktop\FundooNotes\FundooNotes\node_modules\express\lib\router\layer.js:95:5)
    at trim_prefix (C:\Users\user\Desktop\FundooNotes\FundooNotes\node_modules\express\lib\router\index.js:328:13)
    at C:\Users\user\Desktop\FundooNotes\FundooNotes\node_modules\express\lib\router\index.js:286:9
    at Function.process_params (C:\Users\user\Desktop\FundooNotes\FundooNotes\node_modules\express\lib\router\index.js:346:12)
    at next (C:\Users\user\Desktop\FundooNotes\FundooNotes\node_modules\express\lib\router\index.js:280:10)
    at C:\Users\user\Desktop\FundooNotes\FundooNotes\node_modules\body-parser\lib\read.js:137:5
    at AsyncResource.runInAsyncScope (node:async_hooks:202:9)
    at invokeCallback (C:\Users\user\Desktop\FundooNotes\FundooNotes\node_modules\raw-body\index.js:231:16)
    at done (C:\Users\user\Desktop\FundooNotes\FundooNotes\node_modules\raw-body\index.js:220:7)
    at IncomingMessage.onEnd (C:\Users\user\Desktop\FundooNotes\FundooNotes\node_modules\raw-body\index.js:280:7)
    at IncomingMessage.emit (node:events:539:35)
    at endReadableNT (node:internal/streams/readable:1345:12)
    at processTicksAndRejections (node:internal/process/task_queues:83:21) 
    url - /api/v1/notes 
    method - POST 
    IP - ::ffff:127.0.0.1
   {"timestamp":"2022-06-07T07:50:45.756Z"}
error: 
    status - 500 
    message - JsonWebTokenError: jwt malformed
    at Object.verify (C:\Users\user\Desktop\FundooNotes\FundooNotes\node_modules\jsonwebtoken\verify.js:63:17)
    at _callee$ (C:\Users\user\Desktop\FundooNotes\FundooNotes\src\middlewares\/auth.middleware.js:22:28)
    at tryCatch (C:\Users\user\Desktop\FundooNotes\FundooNotes\node_modules\@babel\runtime\helpers\regeneratorRuntime.js:86:17)
    at Generator._invoke (C:\Users\user\Desktop\FundooNotes\FundooNotes\node_modules\@babel\runtime\helpers\regeneratorRuntime.js:66:24)
    at Generator.next (C:\Users\user\Desktop\FundooNotes\FundooNotes\node_modules\@babel\runtime\helpers\regeneratorRuntime.js:117:21)
    at asyncGeneratorStep (C:\Users\user\Desktop\FundooNotes\FundooNotes\node_modules\@babel\runtime\helpers\asyncToGenerator.js:3:24)
    at _next (C:\Users\user\Desktop\FundooNotes\FundooNotes\node_modules\@babel\runtime\helpers\asyncToGenerator.js:25:9)
    at C:\Users\user\Desktop\FundooNotes\FundooNotes\node_modules\@babel\runtime\helpers\asyncToGenerator.js:32:7
    at new Promise (<anonymous>)
    at C:\Users\user\Desktop\FundooNotes\FundooNotes\node_modules\@babel\runtime\helpers\asyncToGenerator.js:21:12
    at userAuth (C:\Users\user\Desktop\FundooNotes\FundooNotes\src\middlewares\/auth.middleware.js:12:22)
    at Layer.handle [as handle_request] (C:\Users\user\Desktop\FundooNotes\FundooNotes\node_modules\express\lib\router\layer.js:95:5)
    at next (C:\Users\user\Desktop\FundooNotes\FundooNotes\node_modules\express\lib\router\route.js:144:13)
    at Route.dispatch (C:\Users\user\Desktop\FundooNotes\FundooNotes\node_modules\express\lib\router\route.js:114:3)
    at Layer.handle [as handle_request] (C:\Users\user\Desktop\FundooNotes\FundooNotes\node_modules\express\lib\router\layer.js:95:5)
    at C:\Users\user\Desktop\FundooNotes\FundooNotes\node_modules\express\lib\router\index.js:284:15
    at param (C:\Users\user\Desktop\FundooNotes\FundooNotes\node_modules\express\lib\router\index.js:365:14)
    at param (C:\Users\user\Desktop\FundooNotes\FundooNotes\node_modules\express\lib\router\index.js:376:14)
    at Function.process_params (C:\Users\user\Desktop\FundooNotes\FundooNotes\node_modules\express\lib\router\index.js:421:3)
    at next (C:\Users\user\Desktop\FundooNotes\FundooNotes\node_modules\express\lib\router\index.js:280:10)
    at Function.handle (C:\Users\user\Desktop\FundooNotes\FundooNotes\node_modules\express\lib\router\index.js:175:3)
    at router (C:\Users\user\Desktop\FundooNotes\FundooNotes\node_modules\express\lib\router\index.js:47:12)
    at Layer.handle [as handle_request] (C:\Users\user\Desktop\FundooNotes\FundooNotes\node_modules\express\lib\router\layer.js:95:5)
    at trim_prefix (C:\Users\user\Desktop\FundooNotes\FundooNotes\node_modules\express\lib\router\index.js:328:13)
    at C:\Users\user\Desktop\FundooNotes\FundooNotes\node_modules\express\lib\router\index.js:286:9
    at Function.process_params (C:\Users\user\Desktop\FundooNotes\FundooNotes\node_modules\express\lib\router\index.js:346:12)
    at next (C:\Users\user\Desktop\FundooNotes\FundooNotes\node_modules\express\lib\router\index.js:280:10)
    at Function.handle (C:\Users\user\Desktop\FundooNotes\FundooNotes\node_modules\express\lib\router\index.js:175:3)
    at router (C:\Users\user\Desktop\FundooNotes\FundooNotes\node_modules\express\lib\router\index.js:47:12)
    at Layer.handle [as handle_request] (C:\Users\user\Desktop\FundooNotes\FundooNotes\node_modules\express\lib\router\layer.js:95:5)
    at trim_prefix (C:\Users\user\Desktop\FundooNotes\FundooNotes\node_modules\express\lib\router\index.js:328:13)
    at C:\Users\user\Desktop\FundooNotes\FundooNotes\node_modules\express\lib\router\index.js:286:9
    at Function.process_params (C:\Users\user\Desktop\FundooNotes\FundooNotes\node_modules\express\lib\router\index.js:346:12)
    at next (C:\Users\user\Desktop\FundooNotes\FundooNotes\node_modules\express\lib\router\index.js:280:10)
    at logger (C:\Users\user\Desktop\FundooNotes\FundooNotes\node_modules\morgan\index.js:144:5)
    at Layer.handle [as handle_request] (C:\Users\user\Desktop\FundooNotes\FundooNotes\node_modules\express\lib\router\layer.js:95:5)
    at trim_prefix (C:\Users\user\Desktop\FundooNotes\FundooNotes\node_modules\express\lib\router\index.js:328:13)
    at C:\Users\user\Desktop\FundooNotes\FundooNotes\node_modules\express\lib\router\index.js:286:9
    at Function.process_params (C:\Users\user\Desktop\FundooNotes\FundooNotes\node_modules\express\lib\router\index.js:346:12)
    at next (C:\Users\user\Desktop\FundooNotes\FundooNotes\node_modules\express\lib\router\index.js:280:10)
    at jsonParser (C:\Users\user\Desktop\FundooNotes\FundooNotes\node_modules\body-parser\lib\types\json.js:110:7)
    at Layer.handle [as handle_request] (C:\Users\user\Desktop\FundooNotes\FundooNotes\node_modules\express\lib\router\layer.js:95:5)
    at trim_prefix (C:\Users\user\Desktop\FundooNotes\FundooNotes\node_modules\express\lib\router\index.js:328:13)
    at C:\Users\user\Desktop\FundooNotes\FundooNotes\node_modules\express\lib\router\index.js:286:9
    at Function.process_params (C:\Users\user\Desktop\FundooNotes\FundooNotes\node_modules\express\lib\router\index.js:346:12)
    at next (C:\Users\user\Desktop\FundooNotes\FundooNotes\node_modules\express\lib\router\index.js:280:10)
    at urlencodedParser (C:\Users\user\Desktop\FundooNotes\FundooNotes\node_modules\body-parser\lib\types\urlencoded.js:91:7)
    at Layer.handle [as handle_request] (C:\Users\user\Desktop\FundooNotes\FundooNotes\node_modules\express\lib\router\layer.js:95:5)
    at trim_prefix (C:\Users\user\Desktop\FundooNotes\FundooNotes\node_modules\express\lib\router\index.js:328:13)
    at C:\Users\user\Desktop\FundooNotes\FundooNotes\node_modules\express\lib\router\index.js:286:9
    at Function.process_params (C:\Users\user\Desktop\FundooNotes\FundooNotes\node_modules\express\lib\router\index.js:346:12)
    at next (C:\Users\user\Desktop\FundooNotes\FundooNotes\node_modules\express\lib\router\index.js:280:10)
    at internalNext (C:\Users\user\Desktop\FundooNotes\FundooNotes\node_modules\helmet\dist\index.js:142:6)
    at xXssProtectionMiddleware (C:\Users\user\Desktop\FundooNotes\FundooNotes\node_modules\helmet\dist\middlewares\x-xss-protection\index.js:6:3)
    at internalNext (C:\Users\user\Desktop\FundooNotes\FundooNotes\node_modules\helmet\dist\index.js:145:6)
    at referrerPolicyMiddleware (C:\Users\user\Desktop\FundooNotes\FundooNotes\node_modules\helmet\dist\middlewares\referrer-policy\index.js:24:3)
    at internalNext (C:\Users\user\Desktop\FundooNotes\FundooNotes\node_modules\helmet\dist\index.js:145:6)
    at xPermittedCrossDomainPoliciesMiddleware (C:\Users\user\Desktop\FundooNotes\FundooNotes\node_modules\helmet\dist\middlewares\x-permitted-cross-domain-policies\index.js:15:3)
    at internalNext (C:\Users\user\Desktop\FundooNotes\FundooNotes\node_modules\helmet\dist\index.js:145:6)
    at xContentTypeOptionsMiddleware (C:\Users\user\Desktop\FundooNotes\FundooNotes\node_modules\helmet\dist\middlewares\x-content-type-options\index.js:6:3)
    at internalNext (C:\Users\user\Desktop\FundooNotes\FundooNotes\node_modules\helmet\dist\index.js:145:6)
    at xDownloadOptionsMiddleware (C:\Users\user\Desktop\FundooNotes\FundooNotes\node_modules\helmet\dist\middlewares\x-download-options\index.js:6:3)
    at internalNext (C:\Users\user\Desktop\FundooNotes\FundooNotes\node_modules\helmet\dist\index.js:145:6)
    at strictTransportSecurityMiddleware (C:\Users\user\Desktop\FundooNotes\FundooNotes\node_modules\helmet\dist\middlewares\strict-transport-security\index.js:34:3)
    at internalNext (C:\Users\user\Desktop\FundooNotes\FundooNotes\node_modules\helmet\dist\index.js:145:6)
    at xPoweredByMiddleware (C:\Users\user\Desktop\FundooNotes\FundooNotes\node_modules\helmet\dist\middlewares\x-powered-by\index.js:6:3)
    at internalNext (C:\Users\user\Desktop\FundooNotes\FundooNotes\node_modules\helmet\dist\index.js:145:6)
    at xFrameOptionsMiddleware (C:\Users\user\Desktop\FundooNotes\FundooNotes\node_modules\helmet\dist\middlewares\x-frame-options\index.js:21:3)
    at internalNext (C:\Users\user\Desktop\FundooNotes\FundooNotes\node_modules\helmet\dist\index.js:145:6)
    at expectCtMiddleware (C:\Users\user\Desktop\FundooNotes\FundooNotes\node_modules\helmet\dist\middlewares\expect-ct\index.js:24:3)
    at internalNext (C:\Users\user\Desktop\FundooNotes\FundooNotes\node_modules\helmet\dist\index.js:145:6)
    at xDnsPrefetchControlMiddleware (C:\Users\user\Desktop\FundooNotes\FundooNotes\node_modules\helmet\dist\middlewares\x-dns-prefetch-control\index.js:7:3)
    at internalNext (C:\Users\user\Desktop\FundooNotes\FundooNotes\node_modules\helmet\dist\index.js:145:6)
    at contentSecurityPolicyMiddleware (C:\Users\user\Desktop\FundooNotes\FundooNotes\node_modules\helmet\dist\middlewares\content-security-policy\index.js:124:4)
    at internalNext (C:\Users\user\Desktop\FundooNotes\FundooNotes\node_modules\helmet\dist\index.js:145:6)
    at helmetMiddleware (C:\Users\user\Desktop\FundooNotes\FundooNotes\node_modules\helmet\dist\index.js:147:6)
    at Layer.handle [as handle_request] (C:\Users\user\Desktop\FundooNotes\FundooNotes\node_modules\express\lib\router\layer.js:95:5)
    at trim_prefix (C:\Users\user\Desktop\FundooNotes\FundooNotes\node_modules\express\lib\router\index.js:328:13)
    at C:\Users\user\Desktop\FundooNotes\FundooNotes\node_modules\express\lib\router\index.js:286:9
    at Function.process_params (C:\Users\user\Desktop\FundooNotes\FundooNotes\node_modules\express\lib\router\index.js:346:12)
    at next (C:\Users\user\Desktop\FundooNotes\FundooNotes\node_modules\express\lib\router\index.js:280:10)
    at cors (C:\Users\user\Desktop\FundooNotes\FundooNotes\node_modules\cors\lib\index.js:188:7)
    at C:\Users\user\Desktop\FundooNotes\FundooNotes\node_modules\cors\lib\index.js:224:17
    at originCallback (C:\Users\user\Desktop\FundooNotes\FundooNotes\node_modules\cors\lib\index.js:214:15)
    at C:\Users\user\Desktop\FundooNotes\FundooNotes\node_modules\cors\lib\index.js:219:13
    at optionsCallback (C:\Users\user\Desktop\FundooNotes\FundooNotes\node_modules\cors\lib\index.js:199:9)
    at corsMiddleware (C:\Users\user\Desktop\FundooNotes\FundooNotes\node_modules\cors\lib\index.js:204:7)
    at Layer.handle [as handle_request] (C:\Users\user\Desktop\FundooNotes\FundooNotes\node_modules\express\lib\router\layer.js:95:5)
    at trim_prefix (C:\Users\user\Desktop\FundooNotes\FundooNotes\node_modules\express\lib\router\index.js:328:13)
    at C:\Users\user\Desktop\FundooNotes\FundooNotes\node_modules\express\lib\router\index.js:286:9
    at Function.process_params (C:\Users\user\Desktop\FundooNotes\FundooNotes\node_modules\express\lib\router\index.js:346:12)
    at next (C:\Users\user\Desktop\FundooNotes\FundooNotes\node_modules\express\lib\router\index.js:280:10)
    at expressInit (C:\Users\user\Desktop\FundooNotes\FundooNotes\node_modules\express\lib\middleware\init.js:40:5)
    at Layer.handle [as handle_request] (C:\Users\user\Desktop\FundooNotes\FundooNotes\node_modules\express\lib\router\layer.js:95:5)
    at trim_prefix (C:\Users\user\Desktop\FundooNotes\FundooNotes\node_modules\express\lib\router\index.js:328:13)
    at C:\Users\user\Desktop\FundooNotes\FundooNotes\node_modules\express\lib\router\index.js:286:9
    at Function.process_params (C:\Users\user\Desktop\FundooNotes\FundooNotes\node_modules\express\lib\router\index.js:346:12)
    at next (C:\Users\user\Desktop\FundooNotes\FundooNotes\node_modules\express\lib\router\index.js:280:10)
    at query (C:\Users\user\Desktop\FundooNotes\FundooNotes\node_modules\express\lib\middleware\query.js:45:5)
    at Layer.handle [as handle_request] (C:\Users\user\Desktop\FundooNotes\FundooNotes\node_modules\express\lib\router\layer.js:95:5)
    at trim_prefix (C:\Users\user\Desktop\FundooNotes\FundooNotes\node_modules\express\lib\router\index.js:328:13)
    at C:\Users\user\Desktop\FundooNotes\FundooNotes\node_modules\express\lib\router\index.js:286:9
    at Function.process_params (C:\Users\user\Desktop\FundooNotes\FundooNotes\node_modules\express\lib\router\index.js:346:12)
    at next (C:\Users\user\Desktop\FundooNotes\FundooNotes\node_modules\express\lib\router\index.js:280:10)
    at Function.handle (C:\Users\user\Desktop\FundooNotes\FundooNotes\node_modules\express\lib\router\index.js:175:3)
    at Function.handle (C:\Users\user\Desktop\FundooNotes\FundooNotes\node_modules\express\lib\application.js:181:10)
    at Server.app (C:\Users\user\Desktop\FundooNotes\FundooNotes\node_modules\express\lib\express.js:39:9)
    at Server.emit (node:events:527:28)
    at parserOnIncoming (node:_http_server:956:12)
    at HTTPParser.parserOnHeadersComplete (node:_http_common:128:17) 
    url - /api/v1/notes/undefined 
    method - GET 
    IP - ::ffff:127.0.0.1
   {"timestamp":"2022-06-07T07:50:46.014Z"}
error: 
    status - 500 
    message - JsonWebTokenError: jwt malformed
    at Object.verify (C:\Users\user\Desktop\FundooNotes\FundooNotes\node_modules\jsonwebtoken\verify.js:63:17)
    at _callee$ (C:\Users\user\Desktop\FundooNotes\FundooNotes\src\middlewares\/auth.middleware.js:22:28)
    at tryCatch (C:\Users\user\Desktop\FundooNotes\FundooNotes\node_modules\@babel\runtime\helpers\regeneratorRuntime.js:86:17)
    at Generator._invoke (C:\Users\user\Desktop\FundooNotes\FundooNotes\node_modules\@babel\runtime\helpers\regeneratorRuntime.js:66:24)
    at Generator.next (C:\Users\user\Desktop\FundooNotes\FundooNotes\node_modules\@babel\runtime\helpers\regeneratorRuntime.js:117:21)
    at asyncGeneratorStep (C:\Users\user\Desktop\FundooNotes\FundooNotes\node_modules\@babel\runtime\helpers\asyncToGenerator.js:3:24)
    at _next (C:\Users\user\Desktop\FundooNotes\FundooNotes\node_modules\@babel\runtime\helpers\asyncToGenerator.js:25:9)
    at C:\Users\user\Desktop\FundooNotes\FundooNotes\node_modules\@babel\runtime\helpers\asyncToGenerator.js:32:7
    at new Promise (<anonymous>)
    at C:\Users\user\Desktop\FundooNotes\FundooNotes\node_modules\@babel\runtime\helpers\asyncToGenerator.js:21:12
    at userAuth (C:\Users\user\Desktop\FundooNotes\FundooNotes\src\middlewares\/auth.middleware.js:12:22)
    at Layer.handle [as handle_request] (C:\Users\user\Desktop\FundooNotes\FundooNotes\node_modules\express\lib\router\layer.js:95:5)
    at next (C:\Users\user\Desktop\FundooNotes\FundooNotes\node_modules\express\lib\router\route.js:144:13)
    at Route.dispatch (C:\Users\user\Desktop\FundooNotes\FundooNotes\node_modules\express\lib\router\route.js:114:3)
    at Layer.handle [as handle_request] (C:\Users\user\Desktop\FundooNotes\FundooNotes\node_modules\express\lib\router\layer.js:95:5)
    at C:\Users\user\Desktop\FundooNotes\FundooNotes\node_modules\express\lib\router\index.js:284:15
    at param (C:\Users\user\Desktop\FundooNotes\FundooNotes\node_modules\express\lib\router\index.js:365:14)
    at param (C:\Users\user\Desktop\FundooNotes\FundooNotes\node_modules\express\lib\router\index.js:376:14)
    at Function.process_params (C:\Users\user\Desktop\FundooNotes\FundooNotes\node_modules\express\lib\router\index.js:421:3)
    at next (C:\Users\user\Desktop\FundooNotes\FundooNotes\node_modules\express\lib\router\index.js:280:10)
    at Function.handle (C:\Users\user\Desktop\FundooNotes\FundooNotes\node_modules\express\lib\router\index.js:175:3)
    at router (C:\Users\user\Desktop\FundooNotes\FundooNotes\node_modules\express\lib\router\index.js:47:12)
    at Layer.handle [as handle_request] (C:\Users\user\Desktop\FundooNotes\FundooNotes\node_modules\express\lib\router\layer.js:95:5)
    at trim_prefix (C:\Users\user\Desktop\FundooNotes\FundooNotes\node_modules\express\lib\router\index.js:328:13)
    at C:\Users\user\Desktop\FundooNotes\FundooNotes\node_modules\express\lib\router\index.js:286:9
    at Function.process_params (C:\Users\user\Desktop\FundooNotes\FundooNotes\node_modules\express\lib\router\index.js:346:12)
    at next (C:\Users\user\Desktop\FundooNotes\FundooNotes\node_modules\express\lib\router\index.js:280:10)
    at Function.handle (C:\Users\user\Desktop\FundooNotes\FundooNotes\node_modules\express\lib\router\index.js:175:3)
    at router (C:\Users\user\Desktop\FundooNotes\FundooNotes\node_modules\express\lib\router\index.js:47:12)
    at Layer.handle [as handle_request] (C:\Users\user\Desktop\FundooNotes\FundooNotes\node_modules\express\lib\router\layer.js:95:5)
    at trim_prefix (C:\Users\user\Desktop\FundooNotes\FundooNotes\node_modules\express\lib\router\index.js:328:13)
    at C:\Users\user\Desktop\FundooNotes\FundooNotes\node_modules\express\lib\router\index.js:286:9
    at Function.process_params (C:\Users\user\Desktop\FundooNotes\FundooNotes\node_modules\express\lib\router\index.js:346:12)
    at next (C:\Users\user\Desktop\FundooNotes\FundooNotes\node_modules\express\lib\router\index.js:280:10)
    at logger (C:\Users\user\Desktop\FundooNotes\FundooNotes\node_modules\morgan\index.js:144:5)
    at Layer.handle [as handle_request] (C:\Users\user\Desktop\FundooNotes\FundooNotes\node_modules\express\lib\router\layer.js:95:5)
    at trim_prefix (C:\Users\user\Desktop\FundooNotes\FundooNotes\node_modules\express\lib\router\index.js:328:13)
    at C:\Users\user\Desktop\FundooNotes\FundooNotes\node_modules\express\lib\router\index.js:286:9
    at Function.process_params (C:\Users\user\Desktop\FundooNotes\FundooNotes\node_modules\express\lib\router\index.js:346:12)
    at next (C:\Users\user\Desktop\FundooNotes\FundooNotes\node_modules\express\lib\router\index.js:280:10)
    at jsonParser (C:\Users\user\Desktop\FundooNotes\FundooNotes\node_modules\body-parser\lib\types\json.js:110:7)
    at Layer.handle [as handle_request] (C:\Users\user\Desktop\FundooNotes\FundooNotes\node_modules\express\lib\router\layer.js:95:5)
    at trim_prefix (C:\Users\user\Desktop\FundooNotes\FundooNotes\node_modules\express\lib\router\index.js:328:13)
    at C:\Users\user\Desktop\FundooNotes\FundooNotes\node_modules\express\lib\router\index.js:286:9
    at Function.process_params (C:\Users\user\Desktop\FundooNotes\FundooNotes\node_modules\express\lib\router\index.js:346:12)
    at next (C:\Users\user\Desktop\FundooNotes\FundooNotes\node_modules\express\lib\router\index.js:280:10)
    at urlencodedParser (C:\Users\user\Desktop\FundooNotes\FundooNotes\node_modules\body-parser\lib\types\urlencoded.js:91:7)
    at Layer.handle [as handle_request] (C:\Users\user\Desktop\FundooNotes\FundooNotes\node_modules\express\lib\router\layer.js:95:5)
    at trim_prefix (C:\Users\user\Desktop\FundooNotes\FundooNotes\node_modules\express\lib\router\index.js:328:13)
    at C:\Users\user\Desktop\FundooNotes\FundooNotes\node_modules\express\lib\router\index.js:286:9
    at Function.process_params (C:\Users\user\Desktop\FundooNotes\FundooNotes\node_modules\express\lib\router\index.js:346:12)
    at next (C:\Users\user\Desktop\FundooNotes\FundooNotes\node_modules\express\lib\router\index.js:280:10)
    at internalNext (C:\Users\user\Desktop\FundooNotes\FundooNotes\node_modules\helmet\dist\index.js:142:6)
    at xXssProtectionMiddleware (C:\Users\user\Desktop\FundooNotes\FundooNotes\node_modules\helmet\dist\middlewares\x-xss-protection\index.js:6:3)
    at internalNext (C:\Users\user\Desktop\FundooNotes\FundooNotes\node_modules\helmet\dist\index.js:145:6)
    at referrerPolicyMiddleware (C:\Users\user\Desktop\FundooNotes\FundooNotes\node_modules\helmet\dist\middlewares\referrer-policy\index.js:24:3)
    at internalNext (C:\Users\user\Desktop\FundooNotes\FundooNotes\node_modules\helmet\dist\index.js:145:6)
    at xPermittedCrossDomainPoliciesMiddleware (C:\Users\user\Desktop\FundooNotes\FundooNotes\node_modules\helmet\dist\middlewares\x-permitted-cross-domain-policies\index.js:15:3)
    at internalNext (C:\Users\user\Desktop\FundooNotes\FundooNotes\node_modules\helmet\dist\index.js:145:6)
    at xContentTypeOptionsMiddleware (C:\Users\user\Desktop\FundooNotes\FundooNotes\node_modules\helmet\dist\middlewares\x-content-type-options\index.js:6:3)
    at internalNext (C:\Users\user\Desktop\FundooNotes\FundooNotes\node_modules\helmet\dist\index.js:145:6)
    at xDownloadOptionsMiddleware (C:\Users\user\Desktop\FundooNotes\FundooNotes\node_modules\helmet\dist\middlewares\x-download-options\index.js:6:3)
    at internalNext (C:\Users\user\Desktop\FundooNotes\FundooNotes\node_modules\helmet\dist\index.js:145:6)
    at strictTransportSecurityMiddleware (C:\Users\user\Desktop\FundooNotes\FundooNotes\node_modules\helmet\dist\middlewares\strict-transport-security\index.js:34:3)
    at internalNext (C:\Users\user\Desktop\FundooNotes\FundooNotes\node_modules\helmet\dist\index.js:145:6)
    at xPoweredByMiddleware (C:\Users\user\Desktop\FundooNotes\FundooNotes\node_modules\helmet\dist\middlewares\x-powered-by\index.js:6:3)
    at internalNext (C:\Users\user\Desktop\FundooNotes\FundooNotes\node_modules\helmet\dist\index.js:145:6)
    at xFrameOptionsMiddleware (C:\Users\user\Desktop\FundooNotes\FundooNotes\node_modules\helmet\dist\middlewares\x-frame-options\index.js:21:3)
    at internalNext (C:\Users\user\Desktop\FundooNotes\FundooNotes\node_modules\helmet\dist\index.js:145:6)
    at expectCtMiddleware (C:\Users\user\Desktop\FundooNotes\FundooNotes\node_modules\helmet\dist\middlewares\expect-ct\index.js:24:3)
    at internalNext (C:\Users\user\Desktop\FundooNotes\FundooNotes\node_modules\helmet\dist\index.js:145:6)
    at xDnsPrefetchControlMiddleware (C:\Users\user\Desktop\FundooNotes\FundooNotes\node_modules\helmet\dist\middlewares\x-dns-prefetch-control\index.js:7:3)
    at internalNext (C:\Users\user\Desktop\FundooNotes\FundooNotes\node_modules\helmet\dist\index.js:145:6)
    at contentSecurityPolicyMiddleware (C:\Users\user\Desktop\FundooNotes\FundooNotes\node_modules\helmet\dist\middlewares\content-security-policy\index.js:124:4)
    at internalNext (C:\Users\user\Desktop\FundooNotes\FundooNotes\node_modules\helmet\dist\index.js:145:6)
    at helmetMiddleware (C:\Users\user\Desktop\FundooNotes\FundooNotes\node_modules\helmet\dist\index.js:147:6)
    at Layer.handle [as handle_request] (C:\Users\user\Desktop\FundooNotes\FundooNotes\node_modules\express\lib\router\layer.js:95:5)
    at trim_prefix (C:\Users\user\Desktop\FundooNotes\FundooNotes\node_modules\express\lib\router\index.js:328:13)
    at C:\Users\user\Desktop\FundooNotes\FundooNotes\node_modules\express\lib\router\index.js:286:9
    at Function.process_params (C:\Users\user\Desktop\FundooNotes\FundooNotes\node_modules\express\lib\router\index.js:346:12)
    at next (C:\Users\user\Desktop\FundooNotes\FundooNotes\node_modules\express\lib\router\index.js:280:10)
    at cors (C:\Users\user\Desktop\FundooNotes\FundooNotes\node_modules\cors\lib\index.js:188:7)
    at C:\Users\user\Desktop\FundooNotes\FundooNotes\node_modules\cors\lib\index.js:224:17
    at originCallback (C:\Users\user\Desktop\FundooNotes\FundooNotes\node_modules\cors\lib\index.js:214:15)
    at C:\Users\user\Desktop\FundooNotes\FundooNotes\node_modules\cors\lib\index.js:219:13
    at optionsCallback (C:\Users\user\Desktop\FundooNotes\FundooNotes\node_modules\cors\lib\index.js:199:9)
    at corsMiddleware (C:\Users\user\Desktop\FundooNotes\FundooNotes\node_modules\cors\lib\index.js:204:7)
    at Layer.handle [as handle_request] (C:\Users\user\Desktop\FundooNotes\FundooNotes\node_modules\express\lib\router\layer.js:95:5)
    at trim_prefix (C:\Users\user\Desktop\FundooNotes\FundooNotes\node_modules\express\lib\router\index.js:328:13)
    at C:\Users\user\Desktop\FundooNotes\FundooNotes\node_modules\express\lib\router\index.js:286:9
    at Function.process_params (C:\Users\user\Desktop\FundooNotes\FundooNotes\node_modules\express\lib\router\index.js:346:12)
    at next (C:\Users\user\Desktop\FundooNotes\FundooNotes\node_modules\express\lib\router\index.js:280:10)
    at expressInit (C:\Users\user\Desktop\FundooNotes\FundooNotes\node_modules\express\lib\middleware\init.js:40:5)
    at Layer.handle [as handle_request] (C:\Users\user\Desktop\FundooNotes\FundooNotes\node_modules\express\lib\router\layer.js:95:5)
    at trim_prefix (C:\Users\user\Desktop\FundooNotes\FundooNotes\node_modules\express\lib\router\index.js:328:13)
    at C:\Users\user\Desktop\FundooNotes\FundooNotes\node_modules\express\lib\router\index.js:286:9
    at Function.process_params (C:\Users\user\Desktop\FundooNotes\FundooNotes\node_modules\express\lib\router\index.js:346:12)
    at next (C:\Users\user\Desktop\FundooNotes\FundooNotes\node_modules\express\lib\router\index.js:280:10)
    at query (C:\Users\user\Desktop\FundooNotes\FundooNotes\node_modules\express\lib\middleware\query.js:45:5)
    at Layer.handle [as handle_request] (C:\Users\user\Desktop\FundooNotes\FundooNotes\node_modules\express\lib\router\layer.js:95:5)
    at trim_prefix (C:\Users\user\Desktop\FundooNotes\FundooNotes\node_modules\express\lib\router\index.js:328:13)
    at C:\Users\user\Desktop\FundooNotes\FundooNotes\node_modules\express\lib\router\index.js:286:9
    at Function.process_params (C:\Users\user\Desktop\FundooNotes\FundooNotes\node_modules\express\lib\router\index.js:346:12)
    at next (C:\Users\user\Desktop\FundooNotes\FundooNotes\node_modules\express\lib\router\index.js:280:10)
    at Function.handle (C:\Users\user\Desktop\FundooNotes\FundooNotes\node_modules\express\lib\router\index.js:175:3)
    at Function.handle (C:\Users\user\Desktop\FundooNotes\FundooNotes\node_modules\express\lib\application.js:181:10)
    at Server.app (C:\Users\user\Desktop\FundooNotes\FundooNotes\node_modules\express\lib\express.js:39:9)
    at Server.emit (node:events:527:28)
    at parserOnIncoming (node:_http_server:956:12)
    at HTTPParser.parserOnHeadersComplete (node:_http_common:128:17) 
    url - /api/v1/notes/5df544sdfsd45s 
    method - GET 
    IP - ::ffff:127.0.0.1
   {"timestamp":"2022-06-07T07:50:46.351Z"}
error: 
    status - 500 
    message - JsonWebTokenError: jwt malformed
    at Object.verify (C:\Users\user\Desktop\FundooNotes\FundooNotes\node_modules\jsonwebtoken\verify.js:63:17)
    at _callee$ (C:\Users\user\Desktop\FundooNotes\FundooNotes\src\middlewares\/auth.middleware.js:22:28)
    at tryCatch (C:\Users\user\Desktop\FundooNotes\FundooNotes\node_modules\@babel\runtime\helpers\regeneratorRuntime.js:86:17)
    at Generator._invoke (C:\Users\user\Desktop\FundooNotes\FundooNotes\node_modules\@babel\runtime\helpers\regeneratorRuntime.js:66:24)
    at Generator.next (C:\Users\user\Desktop\FundooNotes\FundooNotes\node_modules\@babel\runtime\helpers\regeneratorRuntime.js:117:21)
    at asyncGeneratorStep (C:\Users\user\Desktop\FundooNotes\FundooNotes\node_modules\@babel\runtime\helpers\asyncToGenerator.js:3:24)
    at _next (C:\Users\user\Desktop\FundooNotes\FundooNotes\node_modules\@babel\runtime\helpers\asyncToGenerator.js:25:9)
    at C:\Users\user\Desktop\FundooNotes\FundooNotes\node_modules\@babel\runtime\helpers\asyncToGenerator.js:32:7
    at new Promise (<anonymous>)
    at C:\Users\user\Desktop\FundooNotes\FundooNotes\node_modules\@babel\runtime\helpers\asyncToGenerator.js:21:12
    at userAuth (C:\Users\user\Desktop\FundooNotes\FundooNotes\src\middlewares\/auth.middleware.js:12:22)
    at Layer.handle [as handle_request] (C:\Users\user\Desktop\FundooNotes\FundooNotes\node_modules\express\lib\router\layer.js:95:5)
    at next (C:\Users\user\Desktop\FundooNotes\FundooNotes\node_modules\express\lib\router\route.js:144:13)
    at Route.dispatch (C:\Users\user\Desktop\FundooNotes\FundooNotes\node_modules\express\lib\router\route.js:114:3)
    at Layer.handle [as handle_request] (C:\Users\user\Desktop\FundooNotes\FundooNotes\node_modules\express\lib\router\layer.js:95:5)
    at C:\Users\user\Desktop\FundooNotes\FundooNotes\node_modules\express\lib\router\index.js:284:15
    at param (C:\Users\user\Desktop\FundooNotes\FundooNotes\node_modules\express\lib\router\index.js:365:14)
    at param (C:\Users\user\Desktop\FundooNotes\FundooNotes\node_modules\express\lib\router\index.js:376:14)
    at Function.process_params (C:\Users\user\Desktop\FundooNotes\FundooNotes\node_modules\express\lib\router\index.js:421:3)
    at next (C:\Users\user\Desktop\FundooNotes\FundooNotes\node_modules\express\lib\router\index.js:280:10)
    at Function.handle (C:\Users\user\Desktop\FundooNotes\FundooNotes\node_modules\express\lib\router\index.js:175:3)
    at router (C:\Users\user\Desktop\FundooNotes\FundooNotes\node_modules\express\lib\router\index.js:47:12)
    at Layer.handle [as handle_request] (C:\Users\user\Desktop\FundooNotes\FundooNotes\node_modules\express\lib\router\layer.js:95:5)
    at trim_prefix (C:\Users\user\Desktop\FundooNotes\FundooNotes\node_modules\express\lib\router\index.js:328:13)
    at C:\Users\user\Desktop\FundooNotes\FundooNotes\node_modules\express\lib\router\index.js:286:9
    at Function.process_params (C:\Users\user\Desktop\FundooNotes\FundooNotes\node_modules\express\lib\router\index.js:346:12)
    at next (C:\Users\user\Desktop\FundooNotes\FundooNotes\node_modules\express\lib\router\index.js:280:10)
    at Function.handle (C:\Users\user\Desktop\FundooNotes\FundooNotes\node_modules\express\lib\router\index.js:175:3)
    at router (C:\Users\user\Desktop\FundooNotes\FundooNotes\node_modules\express\lib\router\index.js:47:12)
    at Layer.handle [as handle_request] (C:\Users\user\Desktop\FundooNotes\FundooNotes\node_modules\express\lib\router\layer.js:95:5)
    at trim_prefix (C:\Users\user\Desktop\FundooNotes\FundooNotes\node_modules\express\lib\router\index.js:328:13)
    at C:\Users\user\Desktop\FundooNotes\FundooNotes\node_modules\express\lib\router\index.js:286:9
    at Function.process_params (C:\Users\user\Desktop\FundooNotes\FundooNotes\node_modules\express\lib\router\index.js:346:12)
    at next (C:\Users\user\Desktop\FundooNotes\FundooNotes\node_modules\express\lib\router\index.js:280:10)
    at logger (C:\Users\user\Desktop\FundooNotes\FundooNotes\node_modules\morgan\index.js:144:5)
    at Layer.handle [as handle_request] (C:\Users\user\Desktop\FundooNotes\FundooNotes\node_modules\express\lib\router\layer.js:95:5)
    at trim_prefix (C:\Users\user\Desktop\FundooNotes\FundooNotes\node_modules\express\lib\router\index.js:328:13)
    at C:\Users\user\Desktop\FundooNotes\FundooNotes\node_modules\express\lib\router\index.js:286:9
    at Function.process_params (C:\Users\user\Desktop\FundooNotes\FundooNotes\node_modules\express\lib\router\index.js:346:12)
    at next (C:\Users\user\Desktop\FundooNotes\FundooNotes\node_modules\express\lib\router\index.js:280:10)
    at C:\Users\user\Desktop\FundooNotes\FundooNotes\node_modules\body-parser\lib\read.js:137:5
    at AsyncResource.runInAsyncScope (node:async_hooks:202:9)
    at invokeCallback (C:\Users\user\Desktop\FundooNotes\FundooNotes\node_modules\raw-body\index.js:231:16)
    at done (C:\Users\user\Desktop\FundooNotes\FundooNotes\node_modules\raw-body\index.js:220:7)
    at IncomingMessage.onEnd (C:\Users\user\Desktop\FundooNotes\FundooNotes\node_modules\raw-body\index.js:280:7)
    at IncomingMessage.emit (node:events:539:35)
    at endReadableNT (node:internal/streams/readable:1345:12)
    at processTicksAndRejections (node:internal/process/task_queues:83:21) 
    url - /api/v1/notes/undefined 
    method - PUT 
    IP - ::ffff:127.0.0.1
   {"timestamp":"2022-06-07T07:50:46.687Z"}
error: 
    status - 500 
    message - JsonWebTokenError: jwt malformed
    at Object.verify (C:\Users\user\Desktop\FundooNotes\FundooNotes\node_modules\jsonwebtoken\verify.js:63:17)
    at _callee$ (C:\Users\user\Desktop\FundooNotes\FundooNotes\src\middlewares\/auth.middleware.js:22:28)
    at tryCatch (C:\Users\user\Desktop\FundooNotes\FundooNotes\node_modules\@babel\runtime\helpers\regeneratorRuntime.js:86:17)
    at Generator._invoke (C:\Users\user\Desktop\FundooNotes\FundooNotes\node_modules\@babel\runtime\helpers\regeneratorRuntime.js:66:24)
    at Generator.next (C:\Users\user\Desktop\FundooNotes\FundooNotes\node_modules\@babel\runtime\helpers\regeneratorRuntime.js:117:21)
    at asyncGeneratorStep (C:\Users\user\Desktop\FundooNotes\FundooNotes\node_modules\@babel\runtime\helpers\asyncToGenerator.js:3:24)
    at _next (C:\Users\user\Desktop\FundooNotes\FundooNotes\node_modules\@babel\runtime\helpers\asyncToGenerator.js:25:9)
    at C:\Users\user\Desktop\FundooNotes\FundooNotes\node_modules\@babel\runtime\helpers\asyncToGenerator.js:32:7
    at new Promise (<anonymous>)
    at C:\Users\user\Desktop\FundooNotes\FundooNotes\node_modules\@babel\runtime\helpers\asyncToGenerator.js:21:12
    at userAuth (C:\Users\user\Desktop\FundooNotes\FundooNotes\src\middlewares\/auth.middleware.js:12:22)
    at Layer.handle [as handle_request] (C:\Users\user\Desktop\FundooNotes\FundooNotes\node_modules\express\lib\router\layer.js:95:5)
    at next (C:\Users\user\Desktop\FundooNotes\FundooNotes\node_modules\express\lib\router\route.js:144:13)
    at Route.dispatch (C:\Users\user\Desktop\FundooNotes\FundooNotes\node_modules\express\lib\router\route.js:114:3)
    at Layer.handle [as handle_request] (C:\Users\user\Desktop\FundooNotes\FundooNotes\node_modules\express\lib\router\layer.js:95:5)
    at C:\Users\user\Desktop\FundooNotes\FundooNotes\node_modules\express\lib\router\index.js:284:15
    at param (C:\Users\user\Desktop\FundooNotes\FundooNotes\node_modules\express\lib\router\index.js:365:14)
    at param (C:\Users\user\Desktop\FundooNotes\FundooNotes\node_modules\express\lib\router\index.js:376:14)
    at Function.process_params (C:\Users\user\Desktop\FundooNotes\FundooNotes\node_modules\express\lib\router\index.js:421:3)
    at next (C:\Users\user\Desktop\FundooNotes\FundooNotes\node_modules\express\lib\router\index.js:280:10)
    at Function.handle (C:\Users\user\Desktop\FundooNotes\FundooNotes\node_modules\express\lib\router\index.js:175:3)
    at router (C:\Users\user\Desktop\FundooNotes\FundooNotes\node_modules\express\lib\router\index.js:47:12)
    at Layer.handle [as handle_request] (C:\Users\user\Desktop\FundooNotes\FundooNotes\node_modules\express\lib\router\layer.js:95:5)
    at trim_prefix (C:\Users\user\Desktop\FundooNotes\FundooNotes\node_modules\express\lib\router\index.js:328:13)
    at C:\Users\user\Desktop\FundooNotes\FundooNotes\node_modules\express\lib\router\index.js:286:9
    at Function.process_params (C:\Users\user\Desktop\FundooNotes\FundooNotes\node_modules\express\lib\router\index.js:346:12)
    at next (C:\Users\user\Desktop\FundooNotes\FundooNotes\node_modules\express\lib\router\index.js:280:10)
    at Function.handle (C:\Users\user\Desktop\FundooNotes\FundooNotes\node_modules\express\lib\router\index.js:175:3)
    at router (C:\Users\user\Desktop\FundooNotes\FundooNotes\node_modules\express\lib\router\index.js:47:12)
    at Layer.handle [as handle_request] (C:\Users\user\Desktop\FundooNotes\FundooNotes\node_modules\express\lib\router\layer.js:95:5)
    at trim_prefix (C:\Users\user\Desktop\FundooNotes\FundooNotes\node_modules\express\lib\router\index.js:328:13)
    at C:\Users\user\Desktop\FundooNotes\FundooNotes\node_modules\express\lib\router\index.js:286:9
    at Function.process_params (C:\Users\user\Desktop\FundooNotes\FundooNotes\node_modules\express\lib\router\index.js:346:12)
    at next (C:\Users\user\Desktop\FundooNotes\FundooNotes\node_modules\express\lib\router\index.js:280:10)
    at logger (C:\Users\user\Desktop\FundooNotes\FundooNotes\node_modules\morgan\index.js:144:5)
    at Layer.handle [as handle_request] (C:\Users\user\Desktop\FundooNotes\FundooNotes\node_modules\express\lib\router\layer.js:95:5)
    at trim_prefix (C:\Users\user\Desktop\FundooNotes\FundooNotes\node_modules\express\lib\router\index.js:328:13)
    at C:\Users\user\Desktop\FundooNotes\FundooNotes\node_modules\express\lib\router\index.js:286:9
    at Function.process_params (C:\Users\user\Desktop\FundooNotes\FundooNotes\node_modules\express\lib\router\index.js:346:12)
    at next (C:\Users\user\Desktop\FundooNotes\FundooNotes\node_modules\express\lib\router\index.js:280:10)
    at jsonParser (C:\Users\user\Desktop\FundooNotes\FundooNotes\node_modules\body-parser\lib\types\json.js:110:7)
    at Layer.handle [as handle_request] (C:\Users\user\Desktop\FundooNotes\FundooNotes\node_modules\express\lib\router\layer.js:95:5)
    at trim_prefix (C:\Users\user\Desktop\FundooNotes\FundooNotes\node_modules\express\lib\router\index.js:328:13)
    at C:\Users\user\Desktop\FundooNotes\FundooNotes\node_modules\express\lib\router\index.js:286:9
    at Function.process_params (C:\Users\user\Desktop\FundooNotes\FundooNotes\node_modules\express\lib\router\index.js:346:12)
    at next (C:\Users\user\Desktop\FundooNotes\FundooNotes\node_modules\express\lib\router\index.js:280:10)
    at urlencodedParser (C:\Users\user\Desktop\FundooNotes\FundooNotes\node_modules\body-parser\lib\types\urlencoded.js:91:7)
    at Layer.handle [as handle_request] (C:\Users\user\Desktop\FundooNotes\FundooNotes\node_modules\express\lib\router\layer.js:95:5)
    at trim_prefix (C:\Users\user\Desktop\FundooNotes\FundooNotes\node_modules\express\lib\router\index.js:328:13)
    at C:\Users\user\Desktop\FundooNotes\FundooNotes\node_modules\express\lib\router\index.js:286:9
    at Function.process_params (C:\Users\user\Desktop\FundooNotes\FundooNotes\node_modules\express\lib\router\index.js:346:12)
    at next (C:\Users\user\Desktop\FundooNotes\FundooNotes\node_modules\express\lib\router\index.js:280:10)
    at internalNext (C:\Users\user\Desktop\FundooNotes\FundooNotes\node_modules\helmet\dist\index.js:142:6)
    at xXssProtectionMiddleware (C:\Users\user\Desktop\FundooNotes\FundooNotes\node_modules\helmet\dist\middlewares\x-xss-protection\index.js:6:3)
    at internalNext (C:\Users\user\Desktop\FundooNotes\FundooNotes\node_modules\helmet\dist\index.js:145:6)
    at referrerPolicyMiddleware (C:\Users\user\Desktop\FundooNotes\FundooNotes\node_modules\helmet\dist\middlewares\referrer-policy\index.js:24:3)
    at internalNext (C:\Users\user\Desktop\FundooNotes\FundooNotes\node_modules\helmet\dist\index.js:145:6)
    at xPermittedCrossDomainPoliciesMiddleware (C:\Users\user\Desktop\FundooNotes\FundooNotes\node_modules\helmet\dist\middlewares\x-permitted-cross-domain-policies\index.js:15:3)
    at internalNext (C:\Users\user\Desktop\FundooNotes\FundooNotes\node_modules\helmet\dist\index.js:145:6)
    at xContentTypeOptionsMiddleware (C:\Users\user\Desktop\FundooNotes\FundooNotes\node_modules\helmet\dist\middlewares\x-content-type-options\index.js:6:3)
    at internalNext (C:\Users\user\Desktop\FundooNotes\FundooNotes\node_modules\helmet\dist\index.js:145:6)
    at xDownloadOptionsMiddleware (C:\Users\user\Desktop\FundooNotes\FundooNotes\node_modules\helmet\dist\middlewares\x-download-options\index.js:6:3)
    at internalNext (C:\Users\user\Desktop\FundooNotes\FundooNotes\node_modules\helmet\dist\index.js:145:6)
    at strictTransportSecurityMiddleware (C:\Users\user\Desktop\FundooNotes\FundooNotes\node_modules\helmet\dist\middlewares\strict-transport-security\index.js:34:3)
    at internalNext (C:\Users\user\Desktop\FundooNotes\FundooNotes\node_modules\helmet\dist\index.js:145:6)
    at xPoweredByMiddleware (C:\Users\user\Desktop\FundooNotes\FundooNotes\node_modules\helmet\dist\middlewares\x-powered-by\index.js:6:3)
    at internalNext (C:\Users\user\Desktop\FundooNotes\FundooNotes\node_modules\helmet\dist\index.js:145:6)
    at xFrameOptionsMiddleware (C:\Users\user\Desktop\FundooNotes\FundooNotes\node_modules\helmet\dist\middlewares\x-frame-options\index.js:21:3)
    at internalNext (C:\Users\user\Desktop\FundooNotes\FundooNotes\node_modules\helmet\dist\index.js:145:6)
    at expectCtMiddleware (C:\Users\user\Desktop\FundooNotes\FundooNotes\node_modules\helmet\dist\middlewares\expect-ct\index.js:24:3)
    at internalNext (C:\Users\user\Desktop\FundooNotes\FundooNotes\node_modules\helmet\dist\index.js:145:6)
    at xDnsPrefetchControlMiddleware (C:\Users\user\Desktop\FundooNotes\FundooNotes\node_modules\helmet\dist\middlewares\x-dns-prefetch-control\index.js:7:3)
    at internalNext (C:\Users\user\Desktop\FundooNotes\FundooNotes\node_modules\helmet\dist\index.js:145:6)
    at contentSecurityPolicyMiddleware (C:\Users\user\Desktop\FundooNotes\FundooNotes\node_modules\helmet\dist\middlewares\content-security-policy\index.js:124:4)
    at internalNext (C:\Users\user\Desktop\FundooNotes\FundooNotes\node_modules\helmet\dist\index.js:145:6)
    at helmetMiddleware (C:\Users\user\Desktop\FundooNotes\FundooNotes\node_modules\helmet\dist\index.js:147:6)
    at Layer.handle [as handle_request] (C:\Users\user\Desktop\FundooNotes\FundooNotes\node_modules\express\lib\router\layer.js:95:5)
    at trim_prefix (C:\Users\user\Desktop\FundooNotes\FundooNotes\node_modules\express\lib\router\index.js:328:13)
    at C:\Users\user\Desktop\FundooNotes\FundooNotes\node_modules\express\lib\router\index.js:286:9
    at Function.process_params (C:\Users\user\Desktop\FundooNotes\FundooNotes\node_modules\express\lib\router\index.js:346:12)
    at next (C:\Users\user\Desktop\FundooNotes\FundooNotes\node_modules\express\lib\router\index.js:280:10)
    at cors (C:\Users\user\Desktop\FundooNotes\FundooNotes\node_modules\cors\lib\index.js:188:7)
    at C:\Users\user\Desktop\FundooNotes\FundooNotes\node_modules\cors\lib\index.js:224:17
    at originCallback (C:\Users\user\Desktop\FundooNotes\FundooNotes\node_modules\cors\lib\index.js:214:15)
    at C:\Users\user\Desktop\FundooNotes\FundooNotes\node_modules\cors\lib\index.js:219:13
    at optionsCallback (C:\Users\user\Desktop\FundooNotes\FundooNotes\node_modules\cors\lib\index.js:199:9)
    at corsMiddleware (C:\Users\user\Desktop\FundooNotes\FundooNotes\node_modules\cors\lib\index.js:204:7)
    at Layer.handle [as handle_request] (C:\Users\user\Desktop\FundooNotes\FundooNotes\node_modules\express\lib\router\layer.js:95:5)
    at trim_prefix (C:\Users\user\Desktop\FundooNotes\FundooNotes\node_modules\express\lib\router\index.js:328:13)
    at C:\Users\user\Desktop\FundooNotes\FundooNotes\node_modules\express\lib\router\index.js:286:9
    at Function.process_params (C:\Users\user\Desktop\FundooNotes\FundooNotes\node_modules\express\lib\router\index.js:346:12)
    at next (C:\Users\user\Desktop\FundooNotes\FundooNotes\node_modules\express\lib\router\index.js:280:10)
    at expressInit (C:\Users\user\Desktop\FundooNotes\FundooNotes\node_modules\express\lib\middleware\init.js:40:5)
    at Layer.handle [as handle_request] (C:\Users\user\Desktop\FundooNotes\FundooNotes\node_modules\express\lib\router\layer.js:95:5)
    at trim_prefix (C:\Users\user\Desktop\FundooNotes\FundooNotes\node_modules\express\lib\router\index.js:328:13)
    at C:\Users\user\Desktop\FundooNotes\FundooNotes\node_modules\express\lib\router\index.js:286:9
    at Function.process_params (C:\Users\user\Desktop\FundooNotes\FundooNotes\node_modules\express\lib\router\index.js:346:12)
    at next (C:\Users\user\Desktop\FundooNotes\FundooNotes\node_modules\express\lib\router\index.js:280:10)
    at query (C:\Users\user\Desktop\FundooNotes\FundooNotes\node_modules\express\lib\middleware\query.js:45:5)
    at Layer.handle [as handle_request] (C:\Users\user\Desktop\FundooNotes\FundooNotes\node_modules\express\lib\router\layer.js:95:5)
    at trim_prefix (C:\Users\user\Desktop\FundooNotes\FundooNotes\node_modules\express\lib\router\index.js:328:13)
    at C:\Users\user\Desktop\FundooNotes\FundooNotes\node_modules\express\lib\router\index.js:286:9
    at Function.process_params (C:\Users\user\Desktop\FundooNotes\FundooNotes\node_modules\express\lib\router\index.js:346:12)
    at next (C:\Users\user\Desktop\FundooNotes\FundooNotes\node_modules\express\lib\router\index.js:280:10)
    at Function.handle (C:\Users\user\Desktop\FundooNotes\FundooNotes\node_modules\express\lib\router\index.js:175:3)
    at Function.handle (C:\Users\user\Desktop\FundooNotes\FundooNotes\node_modules\express\lib\application.js:181:10)
    at Server.app (C:\Users\user\Desktop\FundooNotes\FundooNotes\node_modules\express\lib\express.js:39:9)
    at Server.emit (node:events:527:28)
    at parserOnIncoming (node:_http_server:956:12)
    at HTTPParser.parserOnHeadersComplete (node:_http_common:128:17) 
    url - /api/v1/notes/undefined 
    method - DELETE 
    IP - ::ffff:127.0.0.1
   {"timestamp":"2022-06-07T07:50:46.910Z"}
info: Server started at http://localhost:3000/api/v1/ {"timestamp":"2022-06-07T08:04:50.991Z"}
info: Connected to the database. {"timestamp":"2022-06-07T08:05:00.217Z"}
info: Server started at http://localhost:3000/api/v1/ {"timestamp":"2022-06-07T08:06:40.082Z"}
info: Connected to the database. {"timestamp":"2022-06-07T08:06:48.453Z"}
info: Server started at http://localhost:3000/api/v1/ {"timestamp":"2022-06-07T09:22:57.060Z"}
error: Could not connect to the database. querySrv ECONNREFUSED _mongodb._tcp.demo.aoloa.mongodb.net {"code":"ECONNREFUSED","hostname":"_mongodb._tcp.demo.aoloa.mongodb.net","stack":"Error: querySrv ECONNREFUSED _mongodb._tcp.demo.aoloa.mongodb.net\n    at QueryReqWrap.onresolve [as oncomplete] (node:dns:213:19)","syscall":"querySrv","timestamp":"2022-06-07T09:22:57.142Z"}
info: Server started at http://localhost:3000/api/v1/ {"timestamp":"2022-06-07T09:23:28.551Z"}
error: Could not connect to the database. querySrv ECONNREFUSED _mongodb._tcp.demo.aoloa.mongodb.net {"code":"ECONNREFUSED","hostname":"_mongodb._tcp.demo.aoloa.mongodb.net","stack":"Error: querySrv ECONNREFUSED _mongodb._tcp.demo.aoloa.mongodb.net\n    at QueryReqWrap.onresolve [as oncomplete] (node:dns:213:19)","syscall":"querySrv","timestamp":"2022-06-07T09:23:28.587Z"}
info: Server started at http://localhost:3000/api/v1/ {"timestamp":"2022-06-07T09:25:13.220Z"}
error: Could not connect to the database. querySrv ECONNREFUSED _mongodb._tcp.demo.aoloa.mongodb.net {"code":"ECONNREFUSED","hostname":"_mongodb._tcp.demo.aoloa.mongodb.net","stack":"Error: querySrv ECONNREFUSED _mongodb._tcp.demo.aoloa.mongodb.net\n    at QueryReqWrap.onresolve [as oncomplete] (node:dns:213:19)","syscall":"querySrv","timestamp":"2022-06-07T09:25:13.285Z"}
info: Server started at http://localhost:3000/api/v1/ {"timestamp":"2022-06-07T09:26:19.028Z"}
info: Connected to the database. {"timestamp":"2022-06-07T09:26:27.839Z"}
info: Server started at http://localhost:3000/api/v1/ {"timestamp":"2022-06-07T09:31:26.715Z"}
info: Connected to the database. {"timestamp":"2022-06-07T09:31:34.992Z"}
info: undefined {"accepted":["kalir888@gmail.com"],"envelope":{"from":"emailsample068@gmail.com","to":["kalir888@gmail.com"]},"envelopeTime":976,"messageId":"<ee0307b9-ab42-e737-ea13-db7ee46650e2@gmail.com>","messageSize":685,"messageTime":981,"rejected":[],"response":"250 2.0.0 OK  1654594085 u128-20020a626086000000b005184d1e838dsm12768659pfb.12 - gsmtp","timestamp":"2022-06-07T09:31:41.308Z"}
info: Server started at http://localhost:3000/api/v1/ {"timestamp":"2022-06-07T09:33:18.880Z"}
info: Connected to the database. {"timestamp":"2022-06-07T09:33:29.382Z"}
info: Server started at http://localhost:3000/api/v1/ {"timestamp":"2022-06-07T09:34:20.349Z"}
info: Connected to the database. {"timestamp":"2022-06-07T09:34:30.373Z"}
