info: Server started at http://localhost:3000/api/v1/ {"timestamp":"2022-05-31T01:26:32.164Z"}
info: Connected to the database. {"timestamp":"2022-05-31T01:26:32.367Z"}
error: 
    status - 500 
    message - SyntaxError: Unexpected end of JSON input
    at JSON.parse (<anonymous>)
    at createStrictSyntaxError (C:\Users\user\Desktop\FundooNotes\FundooNotes\node_modules\body-parser\lib\types\json.js:160:10)
    at parse (C:\Users\user\Desktop\FundooNotes\FundooNotes\node_modules\body-parser\lib\types\json.js:83:15)
    at C:\Users\user\Desktop\FundooNotes\FundooNotes\node_modules\body-parser\lib\read.js:128:18
    at AsyncResource.runInAsyncScope (node:async_hooks:202:9)
    at invokeCallback (C:\Users\user\Desktop\FundooNotes\FundooNotes\node_modules\raw-body\index.js:231:16)
    at done (C:\Users\user\Desktop\FundooNotes\FundooNotes\node_modules\raw-body\index.js:220:7)
    at IncomingMessage.onEnd (C:\Users\user\Desktop\FundooNotes\FundooNotes\node_modules\raw-body\index.js:280:7)
    at IncomingMessage.emit (node:events:539:35)
    at IncomingMessage.emit (node:domain:475:12)
    at endReadableNT (node:internal/streams/readable:1345:12)
    at processTicksAndRejections (node:internal/process/task_queues:83:21) 
    url - /api/v1/notes/62956fdc075c272174a262fb 
    method - GET 
    IP - ::1
   {"timestamp":"2022-05-31T02:21:44.867Z"}
error: 
    status - 500 
    message - SyntaxError: Unexpected end of JSON input
    at JSON.parse (<anonymous>)
    at createStrictSyntaxError (C:\Users\user\Desktop\FundooNotes\FundooNotes\node_modules\body-parser\lib\types\json.js:160:10)
    at parse (C:\Users\user\Desktop\FundooNotes\FundooNotes\node_modules\body-parser\lib\types\json.js:83:15)
    at C:\Users\user\Desktop\FundooNotes\FundooNotes\node_modules\body-parser\lib\read.js:128:18
    at AsyncResource.runInAsyncScope (node:async_hooks:202:9)
    at invokeCallback (C:\Users\user\Desktop\FundooNotes\FundooNotes\node_modules\raw-body\index.js:231:16)
    at done (C:\Users\user\Desktop\FundooNotes\FundooNotes\node_modules\raw-body\index.js:220:7)
    at IncomingMessage.onEnd (C:\Users\user\Desktop\FundooNotes\FundooNotes\node_modules\raw-body\index.js:280:7)
    at IncomingMessage.emit (node:events:539:35)
    at IncomingMessage.emit (node:domain:475:12)
    at endReadableNT (node:internal/streams/readable:1345:12)
    at processTicksAndRejections (node:internal/process/task_queues:83:21) 
    url - /api/v1/notes/62956fdc075c272174a262fb 
    method - GET 
    IP - ::1
   {"timestamp":"2022-05-31T02:22:01.096Z"}
info: Server started at http://localhost:3000/api/v1/ {"timestamp":"2022-05-31T02:50:40.223Z"}
info: Connected to the database. {"timestamp":"2022-05-31T02:50:40.282Z"}
info: Server started at http://localhost:3000/api/v1/ {"timestamp":"2022-05-31T02:51:38.493Z"}
info: Connected to the database. {"timestamp":"2022-05-31T02:51:38.603Z"}
error: 
    status - 500 
    message - ReferenceError: UserService is not defined
    at _callee$ (C:\Users\user\Desktop\FundooNotes\FundooNotes\src\controllers\/note.controller.js:4:28)
    at tryCatch (C:\Users\user\Desktop\FundooNotes\FundooNotes\node_modules\@babel\runtime\helpers\regeneratorRuntime.js:86:17)
    at Generator._invoke (C:\Users\user\Desktop\FundooNotes\FundooNotes\node_modules\@babel\runtime\helpers\regeneratorRuntime.js:66:24)
    at Generator.next (C:\Users\user\Desktop\FundooNotes\FundooNotes\node_modules\@babel\runtime\helpers\regeneratorRuntime.js:117:21)
    at asyncGeneratorStep (C:\Users\user\Desktop\FundooNotes\FundooNotes\node_modules\@babel\runtime\helpers\asyncToGenerator.js:3:24)
    at _next (C:\Users\user\Desktop\FundooNotes\FundooNotes\node_modules\@babel\runtime\helpers\asyncToGenerator.js:25:9)
    at C:\Users\user\Desktop\FundooNotes\FundooNotes\node_modules\@babel\runtime\helpers\asyncToGenerator.js:32:7
    at new Promise (<anonymous>)
    at C:\Users\user\Desktop\FundooNotes\FundooNotes\node_modules\@babel\runtime\helpers\asyncToGenerator.js:21:12
    at getAllNotes (C:\Users\user\Desktop\FundooNotes\FundooNotes\src\controllers\/note.controller.js:4:25)
    at Layer.handle [as handle_request] (C:\Users\user\Desktop\FundooNotes\FundooNotes\node_modules\express\lib\router\layer.js:95:5)
    at next (C:\Users\user\Desktop\FundooNotes\FundooNotes\node_modules\express\lib\router\route.js:144:13)
    at Route.dispatch (C:\Users\user\Desktop\FundooNotes\FundooNotes\node_modules\express\lib\router\route.js:114:3)
    at Layer.handle [as handle_request] (C:\Users\user\Desktop\FundooNotes\FundooNotes\node_modules\express\lib\router\layer.js:95:5)
    at C:\Users\user\Desktop\FundooNotes\FundooNotes\node_modules\express\lib\router\index.js:284:15
    at Function.process_params (C:\Users\user\Desktop\FundooNotes\FundooNotes\node_modules\express\lib\router\index.js:346:12) 
    url - /api/v1/notes/ 
    method - GET 
    IP - ::1
   {"timestamp":"2022-05-31T02:52:04.674Z"}
info: Server started at http://localhost:3000/api/v1/ {"timestamp":"2022-05-31T02:52:57.291Z"}
info: Connected to the database. {"timestamp":"2022-05-31T02:52:57.389Z"}
info: Server started at http://localhost:3000/api/v1/ {"timestamp":"2022-05-31T03:21:37.739Z"}
info: Connected to the database. {"timestamp":"2022-05-31T03:21:37.839Z"}
info: Server started at http://localhost:3000/api/v1/ {"timestamp":"2022-05-31T03:23:02.254Z"}
info: Connected to the database. {"timestamp":"2022-05-31T03:23:02.423Z"}
error: 
    status - 500 
    message - ReferenceError: cosole is not defined
    at _callee$ (C:\Users\user\Desktop\FundooNotes\FundooNotes\src\middlewares\/auth.middleware.js:23:5)
    at tryCatch (C:\Users\user\Desktop\FundooNotes\FundooNotes\node_modules\@babel\runtime\helpers\regeneratorRuntime.js:86:17)
    at Generator._invoke (C:\Users\user\Desktop\FundooNotes\FundooNotes\node_modules\@babel\runtime\helpers\regeneratorRuntime.js:66:24)
    at Generator.next (C:\Users\user\Desktop\FundooNotes\FundooNotes\node_modules\@babel\runtime\helpers\regeneratorRuntime.js:117:21)
    at asyncGeneratorStep (C:\Users\user\Desktop\FundooNotes\FundooNotes\node_modules\@babel\runtime\helpers\asyncToGenerator.js:3:24)
    at _next (C:\Users\user\Desktop\FundooNotes\FundooNotes\node_modules\@babel\runtime\helpers\asyncToGenerator.js:25:9)
    at processTicksAndRejections (node:internal/process/task_queues:96:5) 
    url - /api/v1/notes 
    method - GET 
    IP - ::1
   {"timestamp":"2022-05-31T03:23:17.986Z"}
info: Server started at http://localhost:3000/api/v1/ {"timestamp":"2022-05-31T03:24:05.964Z"}
info: Connected to the database. {"timestamp":"2022-05-31T03:24:06.060Z"}
info: Server started at http://localhost:3000/api/v1/ {"timestamp":"2022-05-31T03:25:24.321Z"}
info: Connected to the database. {"timestamp":"2022-05-31T03:25:24.386Z"}
info: Server started at http://localhost:3000/api/v1/ {"timestamp":"2022-05-31T03:26:07.182Z"}
info: Connected to the database. {"timestamp":"2022-05-31T03:26:07.290Z"}
info: Server started at http://localhost:3000/api/v1/ {"timestamp":"2022-05-31T03:27:42.370Z"}
info: Connected to the database. {"timestamp":"2022-05-31T03:27:42.471Z"}
info: Server started at http://localhost:3000/api/v1/ {"timestamp":"2022-05-31T03:28:51.017Z"}
info: Connected to the database. {"timestamp":"2022-05-31T03:28:51.112Z"}
info: Server started at http://localhost:3000/api/v1/ {"timestamp":"2022-05-31T03:40:32.316Z"}
info: Connected to the database. {"timestamp":"2022-05-31T03:40:32.448Z"}
info: Server started at http://localhost:3000/api/v1/ {"timestamp":"2022-05-31T03:42:58.421Z"}
info: Connected to the database. {"timestamp":"2022-05-31T03:42:58.531Z"}
info: Server started at http://localhost:3000/api/v1/ {"timestamp":"2022-05-31T03:43:51.699Z"}
info: Connected to the database. {"timestamp":"2022-05-31T03:43:51.781Z"}
info: Server started at http://localhost:3000/api/v1/ {"timestamp":"2022-05-31T03:44:25.135Z"}
info: Connected to the database. {"timestamp":"2022-05-31T03:44:25.310Z"}
info: Server started at http://localhost:3000/api/v1/ {"timestamp":"2022-05-31T03:44:55.871Z"}
info: Connected to the database. {"timestamp":"2022-05-31T03:44:55.957Z"}
error: 
    status - 500 
    message - CastError: Cast to string failed for value "{ UserID: 'kalir888@gmail.com' }" (type Object) at path "UserID" for model "Note"
    at model.Query.exec (C:\Users\user\Desktop\FundooNotes\FundooNotes\node_modules\mongoose\lib\query.js:4498:21)
    at model.Query.Query.then (C:\Users\user\Desktop\FundooNotes\FundooNotes\node_modules\mongoose\lib\query.js:4592:15)
    at processTicksAndRejections (node:internal/process/task_queues:96:5) 
    url - /api/v1/notes 
    method - GET 
    IP - ::1
   {"timestamp":"2022-05-31T03:45:12.352Z"}
info: Server started at http://localhost:3000/api/v1/ {"timestamp":"2022-05-31T03:46:34.355Z"}
info: Connected to the database. {"timestamp":"2022-05-31T03:46:34.484Z"}
info: Server started at http://localhost:3000/api/v1/ {"timestamp":"2022-05-31T03:46:51.680Z"}
info: Connected to the database. {"timestamp":"2022-05-31T03:46:51.781Z"}
info: Server started at http://localhost:3000/api/v1/ {"timestamp":"2022-05-31T03:47:33.571Z"}
info: Connected to the database. {"timestamp":"2022-05-31T03:47:33.638Z"}
info: Server started at http://localhost:3000/api/v1/ {"timestamp":"2022-05-31T04:04:29.923Z"}
info: Connected to the database. {"timestamp":"2022-05-31T04:04:30.000Z"}
info: Server started at http://localhost:3000/api/v1/ {"timestamp":"2022-05-31T04:05:26.103Z"}
info: Connected to the database. {"timestamp":"2022-05-31T04:05:26.199Z"}
info: Server started at http://localhost:3000/api/v1/ {"timestamp":"2022-05-31T04:07:02.372Z"}
info: Connected to the database. {"timestamp":"2022-05-31T04:07:02.472Z"}
info: Server started at http://localhost:3000/api/v1/ {"timestamp":"2022-05-31T04:07:55.288Z"}
info: Connected to the database. {"timestamp":"2022-05-31T04:07:55.372Z"}
info: Server started at http://localhost:3000/api/v1/ {"timestamp":"2022-05-31T04:08:23.782Z"}
info: Connected to the database. {"timestamp":"2022-05-31T04:08:23.887Z"}
info: Server started at http://localhost:3000/api/v1/ {"timestamp":"2022-05-31T04:09:29.918Z"}
info: Connected to the database. {"timestamp":"2022-05-31T04:09:30.010Z"}
info: Server started at http://localhost:3000/api/v1/ {"timestamp":"2022-05-31T04:10:10.170Z"}
info: Connected to the database. {"timestamp":"2022-05-31T04:10:10.287Z"}
info: Server started at http://localhost:3000/api/v1/ {"timestamp":"2022-05-31T04:10:51.360Z"}
info: Connected to the database. {"timestamp":"2022-05-31T04:10:51.454Z"}
info: Server started at http://localhost:3000/api/v1/ {"timestamp":"2022-05-31T04:11:37.214Z"}
info: Connected to the database. {"timestamp":"2022-05-31T04:11:37.289Z"}
info: Server started at http://localhost:3000/api/v1/ {"timestamp":"2022-05-31T04:34:51.460Z"}
info: Connected to the database. {"timestamp":"2022-05-31T04:34:51.546Z"}
info: Server started at http://localhost:3000/api/v1/ {"timestamp":"2022-05-31T04:43:57.972Z"}
info: Connected to the database. {"timestamp":"2022-05-31T04:43:58.068Z"}
info: Server started at http://localhost:3000/api/v1/ {"timestamp":"2022-05-31T04:44:24.805Z"}
info: Connected to the database. {"timestamp":"2022-05-31T04:44:24.894Z"}
info: Server started at http://localhost:3000/api/v1/ {"timestamp":"2022-05-31T04:45:02.430Z"}
info: Connected to the database. {"timestamp":"2022-05-31T04:45:02.523Z"}
info: Server started at http://localhost:3000/api/v1/ {"timestamp":"2022-05-31T04:45:47.547Z"}
info: Connected to the database. {"timestamp":"2022-05-31T04:45:47.637Z"}
info: Server started at http://localhost:3000/api/v1/ {"timestamp":"2022-05-31T04:46:08.617Z"}
info: Connected to the database. {"timestamp":"2022-05-31T04:46:08.716Z"}
info: Server started at http://localhost:3000/api/v1/ {"timestamp":"2022-05-31T04:46:28.761Z"}
info: Connected to the database. {"timestamp":"2022-05-31T04:46:28.835Z"}
info: Server started at http://localhost:3000/api/v1/ {"timestamp":"2022-05-31T04:54:26.491Z"}
info: Connected to the database. {"timestamp":"2022-05-31T04:54:26.564Z"}
info: Server started at http://localhost:3000/api/v1/ {"timestamp":"2022-05-31T04:54:43.215Z"}
info: Connected to the database. {"timestamp":"2022-05-31T04:54:43.277Z"}
info: Server started at http://localhost:3000/api/v1/ {"timestamp":"2022-05-31T05:10:28.176Z"}
info: Connected to the database. {"timestamp":"2022-05-31T05:10:28.280Z"}
info: Server started at http://localhost:3000/api/v1/ {"timestamp":"2022-05-31T05:11:42.275Z"}
info: Connected to the database. {"timestamp":"2022-05-31T05:11:42.357Z"}
info: Server started at http://localhost:3000/api/v1/ {"timestamp":"2022-05-31T05:13:33.731Z"}
info: Connected to the database. {"timestamp":"2022-05-31T05:13:33.813Z"}
info: Server started at http://localhost:3000/api/v1/ {"timestamp":"2022-05-31T05:14:02.438Z"}
info: Connected to the database. {"timestamp":"2022-05-31T05:14:02.526Z"}
info: Server started at http://localhost:3000/api/v1/ {"timestamp":"2022-05-31T05:17:30.025Z"}
info: Connected to the database. {"timestamp":"2022-05-31T05:17:30.140Z"}
info: Server started at http://localhost:3000/api/v1/ {"timestamp":"2022-05-31T05:22:31.339Z"}
info: Connected to the database. {"timestamp":"2022-05-31T05:22:31.401Z"}
info: Server started at http://localhost:3000/api/v1/ {"timestamp":"2022-05-31T05:22:55.987Z"}
info: Connected to the database. {"timestamp":"2022-05-31T05:22:56.063Z"}
info: Server started at http://localhost:3000/api/v1/ {"timestamp":"2022-05-31T05:23:05.318Z"}
info: Connected to the database. {"timestamp":"2022-05-31T05:23:05.399Z"}
info: Server started at http://localhost:3000/api/v1/ {"timestamp":"2022-05-31T05:23:54.182Z"}
info: Connected to the database. {"timestamp":"2022-05-31T05:23:54.254Z"}
info: Server started at http://localhost:3000/api/v1/ {"timestamp":"2022-05-31T05:24:04.735Z"}
info: Connected to the database. {"timestamp":"2022-05-31T05:24:04.805Z"}
info: Server started at http://localhost:3000/api/v1/ {"timestamp":"2022-05-31T05:25:07.496Z"}
info: Connected to the database. {"timestamp":"2022-05-31T05:25:07.566Z"}
info: Server started at http://localhost:3000/api/v1/ {"timestamp":"2022-05-31T05:25:37.540Z"}
info: Connected to the database. {"timestamp":"2022-05-31T05:25:37.628Z"}
info: Server started at http://localhost:3000/api/v1/ {"timestamp":"2022-05-31T05:53:08.478Z"}
info: Connected to the database. {"timestamp":"2022-05-31T05:53:08.571Z"}
info: Server started at http://localhost:3000/api/v1/ {"timestamp":"2022-05-31T05:53:16.451Z"}
info: Connected to the database. {"timestamp":"2022-05-31T05:53:16.591Z"}
info: Server started at http://localhost:3000/api/v1/ {"timestamp":"2022-05-31T05:56:21.564Z"}
info: Connected to the database. {"timestamp":"2022-05-31T05:56:21.736Z"}
info: Server started at http://localhost:3000/api/v1/ {"timestamp":"2022-05-31T05:57:30.988Z"}
info: Connected to the database. {"timestamp":"2022-05-31T05:57:31.086Z"}
info: Server started at http://localhost:3000/api/v1/ {"timestamp":"2022-05-31T05:57:51.025Z"}
info: Connected to the database. {"timestamp":"2022-05-31T05:57:51.112Z"}
error: 
    status - 500 
    message - ReferenceError: K is not defined
    at _callee$ (C:\Users\user\Desktop\FundooNotes\FundooNotes\src\services\/note.service.js:5:41)
    at tryCatch (C:\Users\user\Desktop\FundooNotes\FundooNotes\node_modules\@babel\runtime\helpers\regeneratorRuntime.js:86:17)
    at Generator._invoke (C:\Users\user\Desktop\FundooNotes\FundooNotes\node_modules\@babel\runtime\helpers\regeneratorRuntime.js:66:24)
    at Generator.next (C:\Users\user\Desktop\FundooNotes\FundooNotes\node_modules\@babel\runtime\helpers\regeneratorRuntime.js:117:21)
    at asyncGeneratorStep (C:\Users\user\Desktop\FundooNotes\FundooNotes\node_modules\@babel\runtime\helpers\asyncToGenerator.js:3:24)
    at _next (C:\Users\user\Desktop\FundooNotes\FundooNotes\node_modules\@babel\runtime\helpers\asyncToGenerator.js:25:9)
    at processTicksAndRejections (node:internal/process/task_queues:96:5) 
    url - /api/v1/notes 
    method - GET 
    IP - ::1
   {"timestamp":"2022-05-31T06:10:10.974Z"}
info: Server started at http://localhost:3000/api/v1/ {"timestamp":"2022-05-31T06:11:00.940Z"}
info: Connected to the database. {"timestamp":"2022-05-31T06:11:01.013Z"}
error: 
    status - 500 
    message - ReferenceError: body is not defined
    at _callee4$ (C:\Users\user\Desktop\FundooNotes\FundooNotes\src\services\/note.service.js:21:7)
    at tryCatch (C:\Users\user\Desktop\FundooNotes\FundooNotes\node_modules\@babel\runtime\helpers\regeneratorRuntime.js:86:17)
    at Generator._invoke (C:\Users\user\Desktop\FundooNotes\FundooNotes\node_modules\@babel\runtime\helpers\regeneratorRuntime.js:66:24)
    at Generator.next (C:\Users\user\Desktop\FundooNotes\FundooNotes\node_modules\@babel\runtime\helpers\regeneratorRuntime.js:117:21)
    at asyncGeneratorStep (C:\Users\user\Desktop\FundooNotes\FundooNotes\node_modules\@babel\runtime\helpers\asyncToGenerator.js:3:24)
    at _next (C:\Users\user\Desktop\FundooNotes\FundooNotes\node_modules\@babel\runtime\helpers\asyncToGenerator.js:25:9)
    at C:\Users\user\Desktop\FundooNotes\FundooNotes\node_modules\@babel\runtime\helpers\asyncToGenerator.js:32:7
    at new Promise (<anonymous>)
    at Object.<anonymous> (C:\Users\user\Desktop\FundooNotes\FundooNotes\node_modules\@babel\runtime\helpers\asyncToGenerator.js:21:12)
    at Object.updateNote (C:\Users\user\Desktop\FundooNotes\FundooNotes\src\services\/note.service.js:19:24)
    at _callee4$ (C:\Users\user\Desktop\FundooNotes\FundooNotes\src\controllers\/note.controller.js:46:38)
    at tryCatch (C:\Users\user\Desktop\FundooNotes\FundooNotes\node_modules\@babel\runtime\helpers\regeneratorRuntime.js:86:17)
    at Generator._invoke (C:\Users\user\Desktop\FundooNotes\FundooNotes\node_modules\@babel\runtime\helpers\regeneratorRuntime.js:66:24)
    at Generator.next (C:\Users\user\Desktop\FundooNotes\FundooNotes\node_modules\@babel\runtime\helpers\regeneratorRuntime.js:117:21)
    at asyncGeneratorStep (C:\Users\user\Desktop\FundooNotes\FundooNotes\node_modules\@babel\runtime\helpers\asyncToGenerator.js:3:24)
    at _next (C:\Users\user\Desktop\FundooNotes\FundooNotes\node_modules\@babel\runtime\helpers\asyncToGenerator.js:25:9) 
    url - /api/v1/notes/6295b2aee3ca8022fcecba63 
    method - PUT 
    IP - ::1
   {"timestamp":"2022-05-31T06:18:52.879Z"}
info: Server started at http://localhost:3000/api/v1/ {"timestamp":"2022-05-31T06:19:51.887Z"}
info: Connected to the database. {"timestamp":"2022-05-31T06:19:51.956Z"}
error: 
    status - 500 
    message - ReferenceError: body is not defined
    at _callee4$ (C:\Users\user\Desktop\FundooNotes\FundooNotes\src\services\/note.service.js:21:7)
    at tryCatch (C:\Users\user\Desktop\FundooNotes\FundooNotes\node_modules\@babel\runtime\helpers\regeneratorRuntime.js:86:17)
    at Generator._invoke (C:\Users\user\Desktop\FundooNotes\FundooNotes\node_modules\@babel\runtime\helpers\regeneratorRuntime.js:66:24)
    at Generator.next (C:\Users\user\Desktop\FundooNotes\FundooNotes\node_modules\@babel\runtime\helpers\regeneratorRuntime.js:117:21)
    at asyncGeneratorStep (C:\Users\user\Desktop\FundooNotes\FundooNotes\node_modules\@babel\runtime\helpers\asyncToGenerator.js:3:24)
    at _next (C:\Users\user\Desktop\FundooNotes\FundooNotes\node_modules\@babel\runtime\helpers\asyncToGenerator.js:25:9)
    at C:\Users\user\Desktop\FundooNotes\FundooNotes\node_modules\@babel\runtime\helpers\asyncToGenerator.js:32:7
    at new Promise (<anonymous>)
    at Object.<anonymous> (C:\Users\user\Desktop\FundooNotes\FundooNotes\node_modules\@babel\runtime\helpers\asyncToGenerator.js:21:12)
    at Object.updateNote (C:\Users\user\Desktop\FundooNotes\FundooNotes\src\services\/note.service.js:19:24)
    at _callee4$ (C:\Users\user\Desktop\FundooNotes\FundooNotes\src\controllers\/note.controller.js:46:38)
    at tryCatch (C:\Users\user\Desktop\FundooNotes\FundooNotes\node_modules\@babel\runtime\helpers\regeneratorRuntime.js:86:17)
    at Generator._invoke (C:\Users\user\Desktop\FundooNotes\FundooNotes\node_modules\@babel\runtime\helpers\regeneratorRuntime.js:66:24)
    at Generator.next (C:\Users\user\Desktop\FundooNotes\FundooNotes\node_modules\@babel\runtime\helpers\regeneratorRuntime.js:117:21)
    at asyncGeneratorStep (C:\Users\user\Desktop\FundooNotes\FundooNotes\node_modules\@babel\runtime\helpers\asyncToGenerator.js:3:24)
    at _next (C:\Users\user\Desktop\FundooNotes\FundooNotes\node_modules\@babel\runtime\helpers\asyncToGenerator.js:25:9) 
    url - /api/v1/notes/6295b2aee3ca8022fcecba63 
    method - PUT 
    IP - ::1
   {"timestamp":"2022-05-31T06:19:56.437Z"}
info: Server started at http://localhost:3000/api/v1/ {"timestamp":"2022-05-31T06:20:45.309Z"}
info: Connected to the database. {"timestamp":"2022-05-31T06:20:45.397Z"}
info: Server started at http://localhost:3000/api/v1/ {"timestamp":"2022-05-31T06:23:12.086Z"}
info: Connected to the database. {"timestamp":"2022-05-31T06:23:12.177Z"}
