info: Server started at http://localhost:3000/api/v1/ {"timestamp":"2022-06-08T02:49:33.425Z"}
info: Connected to the database. {"timestamp":"2022-06-08T02:49:36.855Z"}
error: 
      status - 400
      message - Authorization token is required 
      url - /api/v1/users/reset 
      method - POST 
      IP - ::ffff:127.0.0.1
     {"timestamp":"2022-06-08T02:49:39.857Z"}
error: Invalid login: 535-5.7.8 Username and Password not accepted. Learn more at
535 5.7.8  https://support.google.com/mail/?p=BadCredentials c15-20020a170902c2cf00b0016231f64631sm12941834pla.309 - gsmtp {"code":"EAUTH","command":"AUTH PLAIN","response":"535-5.7.8 Username and Password not accepted. Learn more at\n535 5.7.8  https://support.google.com/mail/?p=BadCredentials c15-20020a170902c2cf00b0016231f64631sm12941834pla.309 - gsmtp","responseCode":535,"timestamp":"2022-06-08T02:49:40.833Z"}
info: Server started at http://localhost:3000/api/v1/ {"timestamp":"2022-06-08T03:02:18.051Z"}
info: Connected to the database. {"timestamp":"2022-06-08T03:02:22.675Z"}
error: 
      status - 400
      message - Authorization token is required 
      url - /api/v1/users/reset 
      method - POST 
      IP - ::ffff:127.0.0.1
     {"timestamp":"2022-06-08T03:02:25.582Z"}
error: Invalid login: 535-5.7.8 Username and Password not accepted. Learn more at
535 5.7.8  https://support.google.com/mail/?p=BadCredentials y189-20020a6264c6000000b0050dc762814asm13597578pfb.36 - gsmtp {"code":"EAUTH","command":"AUTH PLAIN","response":"535-5.7.8 Username and Password not accepted. Learn more at\n535 5.7.8  https://support.google.com/mail/?p=BadCredentials y189-20020a6264c6000000b0050dc762814asm13597578pfb.36 - gsmtp","responseCode":535,"timestamp":"2022-06-08T03:02:26.436Z"}
info: Server started at http://localhost:3000/api/v1/ {"timestamp":"2022-06-08T03:06:12.921Z"}
info: Connected to the database. {"timestamp":"2022-06-08T03:06:16.920Z"}
error: 
      status - 400
      message - Authorization token is required 
      url - /api/v1/users/reset 
      method - POST 
      IP - ::ffff:127.0.0.1
     {"timestamp":"2022-06-08T03:06:20.339Z"}
error: Invalid login: 535-5.7.8 Username and Password not accepted. Learn more at
535 5.7.8  https://support.google.com/mail/?p=BadCredentials 187-20020a6204c4000000b0051bc721b838sm11867971pfe.188 - gsmtp {"code":"EAUTH","command":"AUTH PLAIN","response":"535-5.7.8 Username and Password not accepted. Learn more at\n535 5.7.8  https://support.google.com/mail/?p=BadCredentials 187-20020a6204c4000000b0051bc721b838sm11867971pfe.188 - gsmtp","responseCode":535,"timestamp":"2022-06-08T03:06:21.897Z"}
info: Server started at http://localhost:3000/api/v1/ {"timestamp":"2022-06-08T03:10:22.104Z"}
info: Connected to the database. {"timestamp":"2022-06-08T03:10:25.200Z"}
error: Invalid login: 535-5.7.8 Username and Password not accepted. Learn more at
535 5.7.8  https://support.google.com/mail/?p=BadCredentials 72-20020a62144b000000b0051b416c065esm13493485pfu.8 - gsmtp {"code":"EAUTH","command":"AUTH PLAIN","response":"535-5.7.8 Username and Password not accepted. Learn more at\n535 5.7.8  https://support.google.com/mail/?p=BadCredentials 72-20020a62144b000000b0051b416c065esm13493485pfu.8 - gsmtp","responseCode":535,"timestamp":"2022-06-08T03:10:29.389Z"}
info: Server started at http://localhost:3000/api/v1/ {"timestamp":"2022-06-08T03:12:18.886Z"}
info: Connected to the database. {"timestamp":"2022-06-08T03:12:21.955Z"}
info: Server started at http://localhost:3000/api/v1/ {"timestamp":"2022-06-08T03:16:52.179Z"}
info: Connected to the database. {"timestamp":"2022-06-08T03:16:55.262Z"}
info: Server started at http://localhost:3000/api/v1/ {"timestamp":"2022-06-08T03:22:15.202Z"}
info: Connected to the database. {"timestamp":"2022-06-08T03:22:18.374Z"}
info: Server started at http://localhost:3000/api/v1/ {"timestamp":"2022-06-08T03:27:04.628Z"}
info: Connected to the database. {"timestamp":"2022-06-08T03:27:07.644Z"}
info: Server started at http://localhost:3000/api/v1/ {"timestamp":"2022-06-08T03:29:15.572Z"}
info: Connected to the database. {"timestamp":"2022-06-08T03:29:18.751Z"}
info: Server started at http://localhost:3000/api/v1/ {"timestamp":"2022-06-08T03:34:59.098Z"}
info: Connected to the database. {"timestamp":"2022-06-08T03:35:02.057Z"}
info: Server started at http://localhost:3000/api/v1/ {"timestamp":"2022-06-08T03:37:25.156Z"}
info: Connected to the database. {"timestamp":"2022-06-08T03:37:28.150Z"}
info: Server started at http://localhost:3000/api/v1/ {"timestamp":"2022-06-08T03:39:18.724Z"}
info: Connected to the database. {"timestamp":"2022-06-08T03:39:21.825Z"}
info: Server started at http://localhost:3000/api/v1/ {"timestamp":"2022-06-08T03:43:01.775Z"}
info: Connected to the database. {"timestamp":"2022-06-08T03:43:04.984Z"}
info: Server started at http://localhost:3000/api/v1/ {"timestamp":"2022-06-08T03:45:15.263Z"}
info: Connected to the database. {"timestamp":"2022-06-08T03:45:19.882Z"}
info: Server started at http://localhost:3000/api/v1/ {"timestamp":"2022-06-08T03:48:25.323Z"}
info: Server started at http://localhost:3000/api/v1/ {"timestamp":"2022-06-08T04:23:58.128Z"}
info: Server started at http://localhost:3000/api/v1/ {"timestamp":"2022-06-08T04:26:49.716Z"}
info: Server started at http://localhost:3000/api/v1/ {"timestamp":"2022-06-08T04:28:14.467Z"}
info: Connected to the database. {"timestamp":"2022-06-08T04:28:18.983Z"}
info: Server started at http://localhost:3000/api/v1/ {"timestamp":"2022-06-08T04:30:14.681Z"}
info: Connected to the database. {"timestamp":"2022-06-08T04:30:18.914Z"}
info: Server started at http://localhost:3000/api/v1/ {"timestamp":"2022-06-08T04:32:46.464Z"}
info: Connected to the database. {"timestamp":"2022-06-08T04:32:49.609Z"}
info: Server started at http://localhost:3000/api/v1/ {"timestamp":"2022-06-08T04:36:47.177Z"}
info: Connected to the database. {"timestamp":"2022-06-08T04:36:47.379Z"}
info: Server started at http://localhost:3000/api/v1/ {"timestamp":"2022-06-08T04:42:16.737Z"}
info: Connected to the database. {"timestamp":"2022-06-08T04:42:16.919Z"}
info: Server started at http://localhost:3000/api/v1/ {"timestamp":"2022-06-08T04:45:40.326Z"}
info: Connected to the database. {"timestamp":"2022-06-08T04:45:40.495Z"}
info: Connected to the database. {"timestamp":"2022-06-08T04:47:12.448Z"}
info: Server started at http://localhost:7000/api/v1/ {"timestamp":"2022-06-08T04:48:36.448Z"}
info: Connected to the database. {"timestamp":"2022-06-08T04:48:36.637Z"}
info: Server started at http://localhost:7000/api/v1/ {"timestamp":"2022-06-08T08:49:50.591Z"}
info: Connected to the database. {"timestamp":"2022-06-08T08:49:50.973Z"}
error: Could not connect to the reddis database. connect ECONNREFUSED 127.0.0.1:6379 {"address":"127.0.0.1","code":"ECONNREFUSED","errno":-4078,"port":6379,"stack":"Error: connect ECONNREFUSED 127.0.0.1:6379\n    at TCPConnectWrap.afterConnect [as oncomplete] (node:net:1187:16)","syscall":"connect","timestamp":"2022-06-08T08:49:51.616Z"}
info: Server started at http://localhost:3000/api/v1/ {"timestamp":"2022-06-08T08:54:36.714Z"}
info: Connected to the database. {"timestamp":"2022-06-08T08:54:36.797Z"}
error: Could not connect to the reddis database. connect ECONNREFUSED 127.0.0.1:6379 {"address":"127.0.0.1","code":"ECONNREFUSED","errno":-4078,"port":6379,"stack":"Error: connect ECONNREFUSED 127.0.0.1:6379\n    at TCPConnectWrap.afterConnect [as oncomplete] (node:net:1187:16)","syscall":"connect","timestamp":"2022-06-08T08:54:37.743Z"}
info: Server started at http://localhost:6379/api/v1/ {"timestamp":"2022-06-08T08:55:45.351Z"}
info: Connected to the reddis database. {"timestamp":"2022-06-08T08:55:45.406Z"}
info: Connected to the database. {"timestamp":"2022-06-08T08:55:45.501Z"}
