info: Server started at http://localhost:3000/api/v1/ {"timestamp":"2022-06-01T03:21:23.359Z"}
info: Connected to the database. {"timestamp":"2022-06-01T03:21:23.566Z"}
error: 
      status - 400
      message - Authorization token is required 
      url - /api/v1/notes 
      method - POST 
      IP - ::1
     {"timestamp":"2022-06-01T03:46:39.717Z"}
info: Server started at http://localhost:3000/api/v1/ {"timestamp":"2022-06-01T03:52:56.483Z"}
info: Connected to the database. {"timestamp":"2022-06-01T03:52:56.704Z"}
info: Server started at http://localhost:3000/api/v1/ {"timestamp":"2022-06-01T03:54:20.701Z"}
info: Connected to the database. {"timestamp":"2022-06-01T03:54:20.821Z"}
info: Server started at http://localhost:3000/api/v1/ {"timestamp":"2022-06-01T03:55:09.231Z"}
info: Connected to the database. {"timestamp":"2022-06-01T03:55:09.347Z"}
info: Server started at http://localhost:3000/api/v1/ {"timestamp":"2022-06-01T04:07:10.390Z"}
info: Connected to the database. {"timestamp":"2022-06-01T04:07:10.531Z"}
info: Server started at http://localhost:3000/api/v1/ {"timestamp":"2022-06-01T04:18:31.531Z"}
info: Connected to the database. {"timestamp":"2022-06-01T04:18:31.596Z"}
info: Server started at http://localhost:3000/api/v1/ {"timestamp":"2022-06-01T04:18:55.092Z"}
info: Connected to the database. {"timestamp":"2022-06-01T04:18:55.181Z"}
info: Server started at http://localhost:3000/api/v1/ {"timestamp":"2022-06-01T04:19:36.904Z"}
info: Connected to the database. {"timestamp":"2022-06-01T04:19:36.990Z"}
info: Server started at http://localhost:3000/api/v1/ {"timestamp":"2022-06-01T04:20:15.123Z"}
info: Connected to the database. {"timestamp":"2022-06-01T04:20:15.185Z"}
info: Server started at http://localhost:3000/api/v1/ {"timestamp":"2022-06-01T04:20:42.290Z"}
info: Connected to the database. {"timestamp":"2022-06-01T04:20:42.376Z"}
info: Server started at http://localhost:3000/api/v1/ {"timestamp":"2022-06-01T04:23:08.086Z"}
info: Connected to the database. {"timestamp":"2022-06-01T04:23:08.150Z"}
info: Server started at http://localhost:3000/api/v1/ {"timestamp":"2022-06-01T04:30:14.117Z"}
info: Connected to the database. {"timestamp":"2022-06-01T04:30:14.181Z"}
info: Server started at http://localhost:3000/api/v1/ {"timestamp":"2022-06-01T04:31:38.560Z"}
info: Connected to the database. {"timestamp":"2022-06-01T04:31:38.636Z"}
info: Server started at http://localhost:3000/api/v1/ {"timestamp":"2022-06-01T04:32:05.886Z"}
info: Connected to the database. {"timestamp":"2022-06-01T04:32:05.980Z"}
info: Server started at http://localhost:3000/api/v1/ {"timestamp":"2022-06-01T04:32:29.999Z"}
info: Connected to the database. {"timestamp":"2022-06-01T04:32:30.105Z"}
info: Server started at http://localhost:3000/api/v1/ {"timestamp":"2022-06-01T04:32:56.593Z"}
info: Connected to the database. {"timestamp":"2022-06-01T04:32:56.694Z"}
info: Server started at http://localhost:3000/api/v1/ {"timestamp":"2022-06-01T04:33:36.208Z"}
info: Connected to the database. {"timestamp":"2022-06-01T04:33:36.272Z"}
error: 
      status - 400
      message - Authorization token is required 
      url - /api/v1/notes 
      method - POST 
      IP - ::1
     {"timestamp":"2022-06-01T04:34:19.043Z"}
error: 
    status - 500 
    message - Error: User does not exist
    at _callee2$ (C:\Users\user\Desktop\FundooNotes\FundooNotes\src\services\/user.service.js:25:11)
    at tryCatch (C:\Users\user\Desktop\FundooNotes\FundooNotes\node_modules\@babel\runtime\helpers\regeneratorRuntime.js:86:17)
    at Generator._invoke (C:\Users\user\Desktop\FundooNotes\FundooNotes\node_modules\@babel\runtime\helpers\regeneratorRuntime.js:66:24)
    at Generator.next (C:\Users\user\Desktop\FundooNotes\FundooNotes\node_modules\@babel\runtime\helpers\regeneratorRuntime.js:117:21)
    at asyncGeneratorStep (C:\Users\user\Desktop\FundooNotes\FundooNotes\node_modules\@babel\runtime\helpers\asyncToGenerator.js:3:24)
    at _next (C:\Users\user\Desktop\FundooNotes\FundooNotes\node_modules\@babel\runtime\helpers\asyncToGenerator.js:25:9)
    at processTicksAndRejections (node:internal/process/task_queues:96:5) 
    url - /api/v1/users/login 
    method - POST 
    IP - ::1
   {"timestamp":"2022-06-01T04:36:18.696Z"}
error: 
    status - 500 
    message - ReferenceError: isArchived is not defined
    at _callee6$ (C:\Users\user\Desktop\FundooNotes\FundooNotes\src\services\/note.service.js:33:87)
    at tryCatch (C:\Users\user\Desktop\FundooNotes\FundooNotes\node_modules\@babel\runtime\helpers\regeneratorRuntime.js:86:17)
    at Generator._invoke (C:\Users\user\Desktop\FundooNotes\FundooNotes\node_modules\@babel\runtime\helpers\regeneratorRuntime.js:66:24)
    at Generator.next (C:\Users\user\Desktop\FundooNotes\FundooNotes\node_modules\@babel\runtime\helpers\regeneratorRuntime.js:117:21)
    at asyncGeneratorStep (C:\Users\user\Desktop\FundooNotes\FundooNotes\node_modules\@babel\runtime\helpers\asyncToGenerator.js:3:24)
    at _next (C:\Users\user\Desktop\FundooNotes\FundooNotes\node_modules\@babel\runtime\helpers\asyncToGenerator.js:25:9)
    at C:\Users\user\Desktop\FundooNotes\FundooNotes\node_modules\@babel\runtime\helpers\asyncToGenerator.js:32:7
    at new Promise (<anonymous>)
    at Object.<anonymous> (C:\Users\user\Desktop\FundooNotes\FundooNotes\node_modules\@babel\runtime\helpers\asyncToGenerator.js:21:12)
    at Object.setIsArchived (C:\Users\user\Desktop\FundooNotes\FundooNotes\src\services\/note.service.js:32:27)
    at _callee6$ (C:\Users\user\Desktop\FundooNotes\FundooNotes\src\controllers\/note.controller.js:71:36)
    at tryCatch (C:\Users\user\Desktop\FundooNotes\FundooNotes\node_modules\@babel\runtime\helpers\regeneratorRuntime.js:86:17)
    at Generator._invoke (C:\Users\user\Desktop\FundooNotes\FundooNotes\node_modules\@babel\runtime\helpers\regeneratorRuntime.js:66:24)
    at Generator.next (C:\Users\user\Desktop\FundooNotes\FundooNotes\node_modules\@babel\runtime\helpers\regeneratorRuntime.js:117:21)
    at asyncGeneratorStep (C:\Users\user\Desktop\FundooNotes\FundooNotes\node_modules\@babel\runtime\helpers\asyncToGenerator.js:3:24)
    at _next (C:\Users\user\Desktop\FundooNotes\FundooNotes\node_modules\@babel\runtime\helpers\asyncToGenerator.js:25:9) 
    url - /api/v1/notes/isArchieved/6296ee0aadbdb225148e070a 
    method - PUT 
    IP - ::1
   {"timestamp":"2022-06-01T04:43:19.892Z"}
info: Server started at http://localhost:3000/api/v1/ {"timestamp":"2022-06-01T04:44:03.817Z"}
info: Connected to the database. {"timestamp":"2022-06-01T04:44:03.917Z"}
info: Server started at http://localhost:3000/api/v1/ {"timestamp":"2022-06-01T04:44:33.554Z"}
info: Connected to the database. {"timestamp":"2022-06-01T04:44:33.640Z"}
info: Server started at http://localhost:3000/api/v1/ {"timestamp":"2022-06-01T04:45:20.533Z"}
info: Connected to the database. {"timestamp":"2022-06-01T04:45:20.619Z"}
info: Server started at http://localhost:3000/api/v1/ {"timestamp":"2022-06-01T04:47:54.401Z"}
info: Connected to the database. {"timestamp":"2022-06-01T04:47:54.486Z"}
info: Server started at http://localhost:3000/api/v1/ {"timestamp":"2022-06-01T04:50:21.012Z"}
info: Connected to the database. {"timestamp":"2022-06-01T04:50:21.118Z"}
info: Server started at http://localhost:3000/api/v1/ {"timestamp":"2022-06-01T04:50:30.566Z"}
info: Connected to the database. {"timestamp":"2022-06-01T04:50:30.632Z"}
info: Server started at http://localhost:3000/api/v1/ {"timestamp":"2022-06-01T04:51:23.103Z"}
info: Connected to the database. {"timestamp":"2022-06-01T04:51:23.238Z"}
info: Server started at http://localhost:3000/api/v1/ {"timestamp":"2022-06-01T04:51:35.900Z"}
info: Connected to the database. {"timestamp":"2022-06-01T04:51:35.988Z"}
info: Server started at http://localhost:3000/api/v1/ {"timestamp":"2022-06-01T04:52:01.123Z"}
info: Connected to the database. {"timestamp":"2022-06-01T04:52:01.255Z"}
info: Server started at http://localhost:3000/api/v1/ {"timestamp":"2022-06-01T04:52:12.766Z"}
info: Connected to the database. {"timestamp":"2022-06-01T04:52:12.858Z"}
info: Server started at http://localhost:3000/api/v1/ {"timestamp":"2022-06-01T04:52:35.276Z"}
info: Connected to the database. {"timestamp":"2022-06-01T04:52:35.355Z"}
info: Server started at http://localhost:3000/api/v1/ {"timestamp":"2022-06-01T04:53:53.952Z"}
info: Connected to the database. {"timestamp":"2022-06-01T04:53:54.045Z"}
info: Server started at http://localhost:3000/api/v1/ {"timestamp":"2022-06-01T04:54:42.704Z"}
info: Connected to the database. {"timestamp":"2022-06-01T04:54:42.789Z"}
info: Server started at http://localhost:3000/api/v1/ {"timestamp":"2022-06-01T04:55:21.775Z"}
info: Connected to the database. {"timestamp":"2022-06-01T04:55:21.849Z"}
info: Server started at http://localhost:3000/api/v1/ {"timestamp":"2022-06-01T04:57:01.473Z"}
info: Connected to the database. {"timestamp":"2022-06-01T04:57:01.561Z"}
